<?xml version="1.0" encoding="utf-8"?><testsuites name="pytest tests"><testsuite name="pytest" errors="0" failures="0" skipped="0" tests="5" time="1.439" timestamp="2026-07-07T19:32:17.442078+00:00" hostname="agent-env-d63e2092-11de-402a-b6bc-93ac6ac15c8c"><testcase classname="backend.tests.test_management_dashboard_stats" name="test_dashboard_stats_effective_le_gross[hotel]" time="0.925" /><testcase classname="backend.tests.test_management_dashboard_stats" name="test_dashboard_stats_effective_le_gross[event]" time="0.122" /><testcase classname="backend.tests.test_management_dashboard_stats" name="test_dashboard_stats_effective_le_gross[banquet]" time="0.107" /><testcase classname="backend.tests.test_management_dashboard_stats" name="test_dashboard_stats_effective_le_gross[restaurant]" time="0.109" /><testcase classname="backend.tests.test_management_dashboard_stats" name="test_dashboard_stats_effective_le_gross[cinema]" time="0.107" /></testsuite></testsuites>