<?xml version="1.0" encoding="utf-8"?><testsuites name="pytest tests"><testsuite name="pytest" errors="0" failures="0" skipped="0" tests="7" time="0.967" timestamp="2026-05-14T00:06:12.938479+00:00" hostname="agent-env-d63e2092-11de-402a-b6bc-93ac6ac15c8c"><testcase classname="backend.tests.test_film_showtimes_public.TestFilmShowtimesPublic" name="test_unknown_film_returns_404" time="0.265" /><testcase classname="backend.tests.test_film_showtimes_public.TestFilmShowtimesPublic" name="test_returns_active_showtimes_with_enrichment" time="0.088" /><testcase classname="backend.tests.test_film_showtimes_public.TestFilmShowtimesPublic" name="test_results_sorted_by_date_then_time" time="0.093" /><testcase classname="backend.tests.test_film_showtimes_public.TestFilmShowtimesPublic" name="test_cinema_name_is_ph_netflix" time="0.092" /><testcase classname="backend.tests.test_film_showtimes_public.TestCityScoping" name="test_city_matching_returns_results" time="0.086" /><testcase classname="backend.tests.test_film_showtimes_public.TestCityScoping" name="test_city_case_insensitive" time="0.173" /><testcase classname="backend.tests.test_film_showtimes_public.TestCityScoping" name="test_unknown_city_returns_empty" time="0.101" /></testsuite></testsuites>