<?xml version="1.0" encoding="utf-8"?><testsuites name="pytest tests"><testsuite name="pytest" errors="0" failures="0" skipped="0" tests="11" time="5.277" timestamp="2026-05-16T16:20:23.681020+00:00" hostname="agent-env-d63e2092-11de-402a-b6bc-93ac6ac15c8c"><testcase classname="backend.tests.test_iteration_inventory_fomo" name="test_hotels_listing_exposes_available_rooms" time="0.314" /><testcase classname="backend.tests.test_iteration_inventory_fomo" name="test_restaurants_listing_exposes_tables_available_after_booking" time="0.188" /><testcase classname="backend.tests.test_iteration_inventory_fomo" name="test_restaurants_tables_available_omitted_when_total_tables_missing" time="0.190" /><testcase classname="backend.tests.test_pressing_enriched_modal" name="test_item_presets_endpoint_returns_non_empty" time="0.172" /><testcase classname="backend.tests.test_pressing_enriched_modal" name="test_create_laundry_only_shop_persists_kg_and_clears_items" time="0.914" /><testcase classname="backend.tests.test_pressing_enriched_modal" name="test_create_pressing_only_shop_persists_items_and_clears_kg" time="0.535" /><testcase classname="backend.tests.test_pressing_enriched_modal" name="test_create_both_shop_keeps_both_pricing_modes" time="0.554" /><testcase classname="backend.tests.test_pressing_enriched_modal" name="test_my_shops_lists_freshly_created_shop" time="0.533" /><testcase classname="backend.tests.test_pressing_enriched_modal" name="test_legacy_services_dict_payload_is_coerced" time="0.555" /><testcase classname="backend.tests.test_pressing_enriched_modal" name="test_update_flipping_shop_type_resets_irrelevant_pricing" time="0.674" /><testcase classname="backend.tests.test_pressing_enriched_modal" name="test_item_prices_persist_image_url" time="0.502" /></testsuite></testsuites>