<?xml version="1.0" encoding="utf-8"?><testsuites name="pytest tests"><testsuite name="pytest" errors="0" failures="0" skipped="0" tests="7" time="2.811" timestamp="2026-04-21T08:39:46.316433+00:00" hostname="agent-env-998fa2df-f126-4d83-bfb1-ade2e3a591a1"><testcase classname="backend.tests.test_iteration124_seat_confirm.TestSeatConfirm" name="test_confirm_moves_reserved_to_booked" time="1.268" /><testcase classname="backend.tests.test_iteration124_seat_confirm.TestSeatConfirm" name="test_confirm_idempotent" time="0.205" /><testcase classname="backend.tests.test_iteration124_seat_confirm.TestSeatConfirm" name="test_confirm_other_user_cannot_take_someone_elses_seat" time="0.213" /><testcase classname="backend.tests.test_iteration124_seat_confirm.TestSeatConfirm" name="test_confirm_requires_auth" time="0.095" /><testcase classname="backend.tests.test_iteration124_seat_confirm.TestSeatMapUserIdExposed" name="test_reserved_seat_includes_user_id" time="0.422" /><testcase classname="backend.tests.test_iteration124_seat_confirm.TestUserTimezonePreference" name="test_put_and_get_timezone_preference" time="0.433" /><testcase classname="backend.tests.test_iteration124_seat_confirm.TestBanquetsApi" name="test_list_banquets" time="0.103" /></testsuite></testsuites>