<?xml version="1.0" encoding="utf-8"?><testsuites name="pytest tests"><testsuite name="pytest" errors="0" failures="0" skipped="0" tests="5" time="2.289" timestamp="2026-06-17T17:31:29.104176+00:00" hostname="agent-env-d63e2092-11de-402a-b6bc-93ac6ac15c8c"><testcase classname="backend.tests.test_iter245_refund_lifecycle.TestOrderNumberFormat" name="test_customer_event_orders_have_evt_prefix" time="0.518" /><testcase classname="backend.tests.test_iter245_refund_lifecycle.TestRefundLifecycle" name="test_request_invalidates_and_admin_reject_reverts" time="0.861" /><testcase classname="backend.tests.test_iter245_refund_lifecycle.TestRefundLifecycle" name="test_scanned_ticket_blocks_refund" time="0.107" /><testcase classname="backend.tests.test_iter245_refund_lifecycle.TestRefundLifecycle" name="test_reject_after_service_date_stays_expired" time="0.249" /><testcase classname="backend.tests.test_iter245_refund_lifecycle.TestRefundLifecycle" name="test_approve_full_refund" time="0.413" /></testsuite></testsuites>