<?xml version="1.0" encoding="utf-8"?><testsuites name="pytest tests"><testsuite name="pytest" errors="0" failures="0" skipped="0" tests="8" time="2.758" timestamp="2026-06-14T14:56:40.342932+00:00" hostname="agent-env-d63e2092-11de-402a-b6bc-93ac6ac15c8c"><testcase classname="backend.tests.test_iter208_banquet_cart_checkout.TestCartCheckoutBasic" name="test_hall_plus_chairs_math" time="1.874" /><testcase classname="backend.tests.test_iter208_banquet_cart_checkout.TestCartCheckoutBasic" name="test_per_hour_with_hours_override" time="0.110" /><testcase classname="backend.tests.test_iter208_banquet_cart_checkout.TestCartCheckoutBasic" name="test_package_plus_individual" time="0.112" /><testcase classname="backend.tests.test_iter208_banquet_cart_checkout.TestCartCheckoutValidation" name="test_no_event_date" time="0.118" /><testcase classname="backend.tests.test_iter208_banquet_cart_checkout.TestCartCheckoutValidation" name="test_past_event_date" time="0.103" /><testcase classname="backend.tests.test_iter208_banquet_cart_checkout.TestCartCheckoutValidation" name="test_empty_cart" time="0.119" /><testcase classname="backend.tests.test_iter208_banquet_cart_checkout.TestCartCheckoutValidation" name="test_unknown_service_id" time="0.107" /><testcase classname="backend.tests.test_iter208_banquet_cart_checkout.TestCartCheckoutAuth" name="test_no_token_rejected" time="0.116" /></testsuite></testsuites>