<?xml version="1.0" encoding="utf-8"?><testsuites name="pytest tests"><testsuite name="pytest" errors="0" failures="0" skipped="0" tests="4" time="1.824" timestamp="2026-04-20T21:45:31.990051+00:00" hostname="agent-env-998fa2df-f126-4d83-bfb1-ade2e3a591a1"><testcase classname="backend.tests.test_iteration117_resource_reassignment" name="test_list_reassignments_operator_sees_own" time="0.601" /><testcase classname="backend.tests.test_iteration117_resource_reassignment" name="test_list_reassignments_admin_sees_all" time="0.472" /><testcase classname="backend.tests.test_iteration117_resource_reassignment" name="test_list_reassignments_returns_full_event_docs" time="0.120" /><testcase classname="backend.tests.test_iteration117_resource_reassignment" name="test_list_reassignments_customer_forbidden" time="0.552" /></testsuite></testsuites>