<?xml version="1.0" encoding="utf-8"?><testsuites name="pytest tests"><testsuite name="pytest" errors="0" failures="0" skipped="1" tests="7" time="1.570" timestamp="2026-06-17T11:33:34.830915+00:00" hostname="agent-env-d63e2092-11de-402a-b6bc-93ac6ac15c8c"><testcase classname="backend.tests.test_iter240_bulk_banquet" name="test_bulk_endpoint_accepts_banquet_items" time="1.018" /><testcase classname="backend.tests.test_iter240_bulk_banquet" name="test_bulk_endpoint_rejects_unknown_collection" time="0.045" /><testcase classname="backend.tests.test_iter240_bulk_banquet" name="test_bulk_event_locations_cascades" time="0.043" /><testcase classname="backend.tests.test_iter240_bulk_banquet" name="test_bulk_event_showtimes_allowed" time="0.043" /><testcase classname="backend.tests.test_iter240_bulk_banquet" name="test_banquet_package_create_with_operator_id" time="0.143"><skipped type="pytest.skip" message="banquet services unavailable: 404">/app/backend/tests/test_iter240_bulk_banquet.py:83: banquet services unavailable: 404</skipped></testcase><testcase classname="backend.tests.test_iter240_bulk_banquet" name="test_admin_refunds_endpoint" time="0.127" /><testcase classname="backend.tests.test_iter240_bulk_banquet" name="test_banquet_services_list" time="0.088" /></testsuite></testsuites>