<?xml version="1.0" encoding="utf-8"?><testsuites name="pytest tests"><testsuite name="pytest" errors="0" failures="0" skipped="0" tests="4" time="3.033" timestamp="2026-06-17T18:26:17.973459+00:00" hostname="agent-env-d63e2092-11de-402a-b6bc-93ac6ac15c8c"><testcase classname="backend.tests.test_iter247_global_search" name="test_cysoul_event_row" time="2.038" /><testcase classname="backend.tests.test_iter247_global_search" name="test_accent_insensitive_yaounde" time="0.479" /><testcase classname="backend.tests.test_iter247_global_search" name="test_carter_operator_deep_link" time="0.173" /><testcase classname="backend.tests.test_iter247_global_search" name="test_by_type_present" time="0.160" /></testsuite></testsuites>