<?xml version="1.0" encoding="utf-8"?><testsuites name="pytest tests"><testsuite name="pytest" errors="0" failures="0" skipped="0" tests="6" time="1.853" timestamp="2026-05-16T10:54:14.283088+00:00" hostname="agent-env-d63e2092-11de-402a-b6bc-93ac6ac15c8c"><testcase classname="backend.tests.test_iteration179_fomo_badge_enrichment" name="test_films_endpoint_returns_min_available_seats_field" time="0.183" /><testcase classname="backend.tests.test_iteration179_fomo_badge_enrichment" name="test_min_available_seats_is_minimum_across_upcoming_showtimes" time="0.227" /><testcase classname="backend.tests.test_iteration179_fomo_badge_enrichment" name="test_low_inventory_order_triggers_badge_threshold" time="1.039" /><testcase classname="backend.tests.test_almost_sold_out_badge" name="test_response_has_films" time="0.121" /><testcase classname="backend.tests.test_almost_sold_out_badge" name="test_films_with_upcoming_showtimes_carry_min_available_seats" time="0.000" /><testcase classname="backend.tests.test_almost_sold_out_badge" name="test_min_available_seats_matches_live_showtime_count" time="0.209" /></testsuite></testsuites>