<?xml version="1.0" encoding="utf-8"?><testsuites name="pytest tests"><testsuite name="pytest" errors="0" failures="0" skipped="0" tests="9" time="0.964" timestamp="2026-04-19T20:36:58.637671+00:00" hostname="agent-env-998fa2df-f126-4d83-bfb1-ade2e3a591a1"><testcase classname="backend.tests.test_iteration113_walkin_notif_vehicle.TestManualBookings" name="test_list_bookings_all" time="0.259" /><testcase classname="backend.tests.test_iteration113_walkin_notif_vehicle.TestManualBookings" name="test_lookup_customer_found" time="0.004" /><testcase classname="backend.tests.test_iteration113_walkin_notif_vehicle.TestManualBookings" name="test_lookup_customer_not_found" time="0.003" /><testcase classname="backend.tests.test_iteration113_walkin_notif_vehicle.TestManualBookings" name="test_create_travel_walkin_and_seat_lock" time="0.024" /><testcase classname="backend.tests.test_iteration113_walkin_notif_vehicle.TestManualBookings" name="test_operator_cannot_create_for_other_operator_service" time="0.301" /><testcase classname="backend.tests.test_iteration113_walkin_notif_vehicle.TestNotificationsDedupe" name="test_dedupe_admin_endpoint_is_idempotent" time="0.255" /><testcase classname="backend.tests.test_iteration113_walkin_notif_vehicle.TestNotificationsDedupe" name="test_dedupe_requires_admin" time="0.003" /><testcase classname="backend.tests.test_iteration113_walkin_notif_vehicle.TestNotificationsDedupe" name="test_create_dedupe_upsert_preserves_is_read" time="0.026" /><testcase classname="backend.tests.test_iteration113_walkin_notif_vehicle.TestTravelVehicleEnrichment" name="test_travel_order_has_vehicle_info" time="0.008" /></testsuite></testsuites>