<?xml version="1.0" encoding="utf-8"?><testsuites name="pytest tests"><testsuite name="pytest" errors="0" failures="0" skipped="0" tests="6" time="2.376" timestamp="2026-05-16T10:07:39.377981+00:00" hostname="agent-env-d63e2092-11de-402a-b6bc-93ac6ac15c8c"><testcase classname="backend.tests.test_iteration177_order_abandon" name="test_abandon_pending_unpaid_owner" time="0.824" /><testcase classname="backend.tests.test_iteration177_order_abandon" name="test_abandon_idempotent" time="0.352" /><testcase classname="backend.tests.test_iteration177_order_abandon" name="test_abandon_paid_order_returns_409" time="0.240" /><testcase classname="backend.tests.test_iteration177_order_abandon" name="test_abandon_other_user_returns_403" time="0.647" /><testcase classname="backend.tests.test_iteration177_order_abandon" name="test_abandon_requires_auth" time="0.107" /><testcase classname="backend.tests.test_iteration177_order_abandon" name="test_abandon_unknown_id_is_already_gone" time="0.139" /></testsuite></testsuites>