<?xml version="1.0" encoding="utf-8"?><testsuites name="pytest tests"><testsuite name="pytest" errors="0" failures="0" skipped="0" tests="5" time="2.462" timestamp="2026-06-14T16:11:49.131256+00:00" hostname="agent-env-d63e2092-11de-402a-b6bc-93ac6ac15c8c"><testcase classname="backend.tests.test_iter211_operator_categories.TestOperatorCategoryAssignment" name="test_put_operator_persists_qualified_tags" time="1.054" /><testcase classname="backend.tests.test_iter211_operator_categories.TestByServiceCategory" name="test_banquet_catering_includes_tagged_operator" time="0.242" /><testcase classname="backend.tests.test_iter211_operator_categories.TestByServiceCategory" name="test_bare_category_tag_also_works" time="0.496" /><testcase classname="backend.tests.test_iter211_operator_categories.TestByServiceCategory" name="test_restaurant_cuisine_filter" time="0.108" /><testcase classname="backend.tests.test_iter211_operator_categories.TestByServiceCategory" name="test_requires_operators_view_permission" time="0.485" /></testsuite></testsuites>