<?xml version="1.0" encoding="utf-8"?><testsuites name="pytest tests"><testsuite name="pytest" errors="0" failures="0" skipped="0" tests="9" time="1.488" timestamp="2026-04-29T20:21:03.953021+00:00" hostname="agent-env-998fa2df-f126-4d83-bfb1-ade2e3a591a1"><testcase classname="backend.tests.test_packages_iteration139.TestPhysicalPackages" name="test_01_list_packages_auth" time="0.653" /><testcase classname="backend.tests.test_packages_iteration139.TestPhysicalPackages" name="test_02_create_package" time="0.055" /><testcase classname="backend.tests.test_packages_iteration139.TestPhysicalPackages" name="test_03_get_package_by_id" time="0.046" /><testcase classname="backend.tests.test_packages_iteration139.TestPhysicalPackages" name="test_04_track_by_tracking_number" time="0.048" /><testcase classname="backend.tests.test_packages_iteration139.TestPhysicalPackages" name="test_05_update_package" time="0.102" /><testcase classname="backend.tests.test_packages_iteration139.TestPhysicalPackages" name="test_06_status_advance" time="0.097" /><testcase classname="backend.tests.test_packages_iteration139.TestPhysicalPackages" name="test_07_search_filter" time="0.114" /><testcase classname="backend.tests.test_packages_iteration139.TestPhysicalPackages" name="test_08_status_filter" time="0.101" /><testcase classname="backend.tests.test_packages_iteration139.TestPhysicalPackages" name="test_09_delete_package" time="0.199" /></testsuite></testsuites>