<?xml version="1.0" encoding="utf-8"?><testsuites name="pytest tests"><testsuite name="pytest" errors="0" failures="0" skipped="0" tests="10" time="2.302" timestamp="2026-05-16T10:28:25.434334+00:00" hostname="agent-env-d63e2092-11de-402a-b6bc-93ac6ac15c8c"><testcase classname="backend.tests.test_iteration178_cinema_seat_availability.TestInitialShowtimeAvailability" name="test_target_showtime_shows_3_booked" time="0.116" /><testcase classname="backend.tests.test_iteration178_cinema_seat_availability.TestInitialShowtimeAvailability" name="test_other_showtimes_show_full_capacity" time="0.101" /><testcase classname="backend.tests.test_iteration178_cinema_seat_availability.TestInitialShowtimeAvailability" name="test_listing_total_count_matches" time="0.108" /><testcase classname="backend.tests.test_iteration178_cinema_seat_availability.TestShowtimeDetailsEndpoint" name="test_details_returns_live_available_seats" time="0.104" /><testcase classname="backend.tests.test_iteration178_cinema_seat_availability.TestShowtimeDetailsEndpoint" name="test_details_returns_booked_seats_list" time="0.100" /><testcase classname="backend.tests.test_iteration178_cinema_seat_availability.TestShowtimeDetailsEndpoint" name="test_details_includes_seat_layout" time="0.105" /><testcase classname="backend.tests.test_iteration178_cinema_seat_availability.TestDynamicAvailabilityCreateThenAbandon" name="test_full_create_abandon_cycle" time="1.272" /><testcase classname="backend.tests.test_iteration178_cinema_seat_availability.TestRegression" name="test_empty_showtime_keeps_full_capacity" time="0.115" /><testcase classname="backend.tests.test_iteration178_cinema_seat_availability.TestRegression" name="test_unknown_film_returns_404" time="0.113" /><testcase classname="backend.tests.test_iteration178_cinema_seat_availability.TestRegression" name="test_unknown_showtime_details_returns_404" time="0.107" /></testsuite></testsuites>