<?xml version="1.0" encoding="utf-8"?><testsuites name="pytest tests"><testsuite name="pytest" errors="0" failures="0" skipped="0" tests="6" time="1.566" timestamp="2026-06-19T21:48:55.555424+00:00" hostname="agent-env-d63e2092-11de-402a-b6bc-93ac6ac15c8c"><testcase classname="backend.tests.test_iter254_single_owner" name="test_migration_audit_log_present" time="0.062" /><testcase classname="backend.tests.test_iter254_single_owner" name="test_no_operator_has_multiple_owners" time="0.004" /><testcase classname="backend.tests.test_iter254_single_owner" name="test_put_promote_to_second_owner_returns_409" time="0.864" /><testcase classname="backend.tests.test_iter254_single_owner" name="test_post_create_second_owner_returns_409" time="0.049" /><testcase classname="backend.tests.test_iter254_single_owner" name="test_operator_can_load_team_and_roles" time="0.449" /><testcase classname="backend.tests.test_iter254_single_owner" name="test_admin_operator_roles_scoped" time="0.059" /></testsuite></testsuites>