<?xml version="1.0" encoding="utf-8"?><testsuites name="pytest tests"><testsuite name="pytest" errors="0" failures="0" skipped="1" tests="13" time="1.352" timestamp="2026-04-19T21:18:55.252740+00:00" hostname="agent-env-998fa2df-f126-4d83-bfb1-ade2e3a591a1"><testcase classname="backend.tests.test_iteration113_walkin_notif_vehicle.TestManualBookings" name="test_list_bookings_all" time="0.260" /><testcase classname="backend.tests.test_iteration113_walkin_notif_vehicle.TestManualBookings" name="test_lookup_customer_found" time="0.004" /><testcase classname="backend.tests.test_iteration113_walkin_notif_vehicle.TestManualBookings" name="test_lookup_customer_not_found" time="0.003" /><testcase classname="backend.tests.test_iteration113_walkin_notif_vehicle.TestManualBookings" name="test_create_travel_walkin_and_seat_lock" time="0.030" /><testcase classname="backend.tests.test_iteration113_walkin_notif_vehicle.TestManualBookings" name="test_operator_cannot_create_for_other_operator_service" time="0.299" /><testcase classname="backend.tests.test_iteration113_walkin_notif_vehicle.TestNotificationsDedupe" name="test_dedupe_admin_endpoint_is_idempotent" time="0.257" /><testcase classname="backend.tests.test_iteration113_walkin_notif_vehicle.TestNotificationsDedupe" name="test_dedupe_requires_admin" time="0.003" /><testcase classname="backend.tests.test_iteration113_walkin_notif_vehicle.TestNotificationsDedupe" name="test_create_dedupe_upsert_preserves_is_read" time="0.026" /><testcase classname="backend.tests.test_iteration113_walkin_notif_vehicle.TestTravelVehicleEnrichment" name="test_travel_order_has_vehicle_info" time="0.008" /><testcase classname="backend.tests.test_iteration115_walkin_service_time.TestWalkinServiceTime" name="test_travel_walkin_without_seats_succeeds" time="0.265" /><testcase classname="backend.tests.test_iteration115_walkin_service_time.TestWalkinServiceTime" name="test_travel_walkin_service_time_autofills_from_route" time="0.010" /><testcase classname="backend.tests.test_iteration115_walkin_service_time.TestWalkinServiceTime" name="test_travel_walkin_with_seats_and_explicit_service_time" time="0.015" /><testcase classname="backend.tests.test_iteration115_walkin_service_time.TestWalkinServiceTime" name="test_non_travel_walkin_persists_service_time" time="0.094"><skipped type="pytest.skip" message="no owned restaurant/hotel for operator">/app/backend/tests/test_iteration115_walkin_service_time.py:194: no owned restaurant/hotel for operator</skipped></testcase></testsuite></testsuites>