<?xml version="1.0" encoding="utf-8"?><testsuites name="pytest tests"><testsuite name="pytest" errors="0" failures="0" skipped="1" tests="6" time="3.973" timestamp="2026-05-02T10:11:51.067774+00:00" hostname="agent-env-01bfc0df-3716-4e75-a194-7ff3e6ce9cd4"><testcase classname="backend.tests.test_iteration145_pending_status" name="test_superadmin_create_service_is_pending" time="1.727" /><testcase classname="backend.tests.test_iteration145_pending_status" name="test_admin_create_service_is_pending" time="0.715" /><testcase classname="backend.tests.test_iteration145_pending_status" name="test_operator_create_service_is_pending" time="0.450"><skipped type="pytest.skip" message="operator lacks packages.create permission: {&quot;detail&quot;:&quot;Permission denied. Required one of: packages.create, operator.services.create&quot;}">/app/backend/tests/test_iteration145_pending_status.py:111: operator lacks packages.create permission: {"detail":"Permission denied. Required one of: packages.create, operator.services.create"}</skipped></testcase><testcase classname="backend.tests.test_iteration145_pending_status" name="test_legacy_active_service_remains_active" time="0.101" /><testcase classname="backend.tests.test_iteration145_pending_status" name="test_pending_service_hidden_from_search" time="0.394" /><testcase classname="backend.tests.test_iteration145_pending_status" name="test_superadmin_can_approve_pending" time="0.513" /></testsuite></testsuites>