<?xml version="1.0" encoding="utf-8"?><testsuites name="pytest tests"><testsuite name="pytest" errors="0" failures="1" skipped="0" tests="12" time="3.112" timestamp="2026-04-20T21:34:18.850748+00:00" hostname="agent-env-998fa2df-f126-4d83-bfb1-ade2e3a591a1"><testcase classname="backend.tests.test_iteration117_resource_reassignment" name="test_dry_run_returns_affected_count_and_preview" time="0.786" /><testcase classname="backend.tests.test_iteration117_resource_reassignment" name="test_invalid_reason_rejected" time="0.131" /><testcase classname="backend.tests.test_iteration117_resource_reassignment" name="test_same_old_new_rejected" time="0.136" /><testcase classname="backend.tests.test_iteration117_resource_reassignment" name="test_missing_auth_rejected" time="0.117" /><testcase classname="backend.tests.test_iteration117_resource_reassignment" name="test_customer_forbidden" time="0.454" /><testcase classname="backend.tests.test_iteration117_resource_reassignment" name="test_nonexistent_vehicle_returns_404" time="0.111" /><testcase classname="backend.tests.test_iteration117_resource_reassignment" name="test_commit_updates_orders_and_returns_notifications" time="0.135" /><testcase classname="backend.tests.test_iteration117_resource_reassignment" name="test_notification_dedupe_on_repeat_same_event" time="0.621" /><testcase classname="backend.tests.test_iteration117_resource_reassignment" name="test_list_reassignments_operator_sees_own" time="0.127"><failure message="AssertionError: assert None == '30c487d8-f8ef-4e80-8b14-1a68866071c8'&#10; +  where None = &lt;built-in method get of dict object at 0xfcc01ef34a40&gt;('operator_id')&#10; +    where &lt;built-in method get of dict object at 0xfcc01ef34a40&gt; = {'id': 'd072120d-75ed-4c48-8760-0fb0902d28ee'}.get">backend/tests/test_iteration117_resource_reassignment.py:265: in test_list_reassignments_operator_sees_own
    assert ev.get("operator_id") == op_id
E   AssertionError: assert None == '30c487d8-f8ef-4e80-8b14-1a68866071c8'
E    +  where None = &lt;built-in method get of dict object at 0xfcc01ef34a40&gt;('operator_id')
E    +    where &lt;built-in method get of dict object at 0xfcc01ef34a40&gt; = {'id': 'd072120d-75ed-4c48-8760-0fb0902d28ee'}.get</failure></testcase><testcase classname="backend.tests.test_iteration117_resource_reassignment" name="test_list_reassignments_admin_sees_all" time="0.147" /><testcase classname="backend.tests.test_iteration117_resource_reassignment" name="test_list_reassignments_customer_forbidden" time="0.116" /><testcase classname="backend.tests.test_iteration117_resource_reassignment" name="test_orders_have_reassignment_history_after_commit" time="0.136" /></testsuite></testsuites>