<?xml version="1.0" encoding="utf-8"?><testsuites name="pytest tests"><testsuite name="pytest" errors="0" failures="0" skipped="0" tests="10" time="3.788" timestamp="2026-05-15T15:32:19.572540+00:00" hostname="agent-env-d63e2092-11de-402a-b6bc-93ac6ac15c8c"><testcase classname="backend.tests.test_iteration169_owner_vip.TestOneOwnerPerOperator" name="test_create_operator_with_fresh_owner" time="1.009" /><testcase classname="backend.tests.test_iteration169_owner_vip.TestOneOwnerPerOperator" name="test_create_second_owner_via_operator_users_returns_400" time="0.150" /><testcase classname="backend.tests.test_iteration169_owner_vip.TestOneOwnerPerOperator" name="test_promote_to_owner_via_update_returns_409" time="0.684" /><testcase classname="backend.tests.test_iteration169_owner_vip.TestOneOwnerPerOperator" name="test_cleanup_operator" time="0.130" /><testcase classname="backend.tests.test_iteration169_owner_vip.TestVipPricing" name="test_create_showtime_with_vip_price" time="0.485" /><testcase classname="backend.tests.test_iteration169_owner_vip.TestVipPricing" name="test_get_showtime_persists_vip_price" time="0.114" /><testcase classname="backend.tests.test_iteration169_owner_vip.TestVipPricing" name="test_update_showtime_vip_price" time="0.286" /><testcase classname="backend.tests.test_iteration169_owner_vip.TestVipPricing" name="test_book_mixed_vip_regular_seats" time="0.460" /><testcase classname="backend.tests.test_iteration169_owner_vip.TestVipPricing" name="test_seat_breakdown_persisted_on_booking_and_order" time="0.244" /><testcase classname="backend.tests.test_iteration169_owner_vip.TestVipPricing" name="test_cleanup_showtime" time="0.145" /></testsuite></testsuites>