<?xml version="1.0" encoding="utf-8"?><testsuites name="pytest tests"><testsuite name="pytest" errors="0" failures="0" skipped="0" tests="7" time="4.392" timestamp="2026-07-07T23:41:14.183011+00:00" hostname="agent-env-d63e2092-11de-402a-b6bc-93ac6ac15c8c"><testcase classname="backend.tests.test_iter274_notifications_prefs_apikeys.TestNotificationGate" name="test_toggle_off_and_gate_returns_false" time="1.664" /><testcase classname="backend.tests.test_iter274_notifications_prefs_apikeys.TestPreferences" name="test_get_and_update_preferences" time="0.408" /><testcase classname="backend.tests.test_iter274_notifications_prefs_apikeys.TestSessionTimeout" name="test_public_endpoint_shape" time="0.101" /><testcase classname="backend.tests.test_iter274_notifications_prefs_apikeys.TestSessionTimeout" name="test_super_admin_can_update_and_token_exp_matches" time="0.918" /><testcase classname="backend.tests.test_iter274_notifications_prefs_apikeys.TestApiKeys" name="test_admin_can_list_masked_keys" time="0.480" /><testcase classname="backend.tests.test_iter274_notifications_prefs_apikeys.TestApiKeys" name="test_operator_denied" time="0.462" /><testcase classname="backend.tests.test_iter274_notifications_prefs_apikeys.TestApiKeys" name="test_validate_stripe_returns_status_and_message" time="0.295" /></testsuite></testsuites>