<?xml version="1.0" encoding="utf-8"?><testsuites name="pytest tests"><testsuite name="pytest" errors="0" failures="0" skipped="0" tests="5" time="4.179" timestamp="2026-05-15T16:35:36.457833+00:00" hostname="agent-env-d63e2092-11de-402a-b6bc-93ac6ac15c8c"><testcase classname="backend.tests.test_iteration170_cinema_pricing" name="test_create_showtime_with_child_and_senior_price" time="1.431" /><testcase classname="backend.tests.test_iteration170_cinema_pricing" name="test_update_showtime_child_and_senior_price" time="0.795" /><testcase classname="backend.tests.test_iteration170_cinema_pricing" name="test_details_returns_child_senior_vip_prices_for_seeded_showtime" time="0.176" /><testcase classname="backend.tests.test_iteration170_cinema_pricing" name="test_details_overlays_vip_rows_from_cinema_screen" time="1.115" /><testcase classname="backend.tests.test_iteration170_cinema_pricing" name="test_promo_validate_endpoint_graceful" time="0.594" /></testsuite></testsuites>