<?xml version="1.0" encoding="utf-8"?><testsuites name="pytest tests"><testsuite name="pytest" errors="0" failures="0" skipped="0" tests="6" time="1.651" timestamp="2026-06-16T15:39:51.296480+00:00" hostname="agent-env-d63e2092-11de-402a-b6bc-93ac6ac15c8c"><testcase classname="backend.tests.test_iter231_extended" name="test_banquet_items_operator_scoping" time="0.267" /><testcase classname="backend.tests.test_iter231_extended" name="test_holds_listing_enrichment" time="0.273" /><testcase classname="backend.tests.test_iter231_extended" name="test_active_rentals_summary_shape" time="0.252" /><testcase classname="backend.tests.test_iter231_extended" name="test_adjust_stock_negative_and_positive" time="0.272" /><testcase classname="backend.tests.test_iter231_extended" name="test_overbook_returns_409_with_message" time="0.265" /><testcase classname="backend.tests.test_iter231_extended" name="test_customer_cannot_create_banquet_item" time="0.252" /></testsuite></testsuites>