<?xml version="1.0" encoding="utf-8"?><testsuites name="pytest tests"><testsuite name="pytest" errors="0" failures="0" skipped="0" tests="5" time="1.973" timestamp="2026-04-21T13:14:38.331669+00:00" hostname="agent-env-998fa2df-f126-4d83-bfb1-ade2e3a591a1"><testcase classname="backend.tests.test_iteration125_tz_and_id_prefill.TestTimezonePreference" name="test_put_preferences_timezone_europe_paris" time="0.949" /><testcase classname="backend.tests.test_iteration125_tz_and_id_prefill.TestTimezonePreference" name="test_put_preferences_timezone_africa_douala" time="0.384" /><testcase classname="backend.tests.test_iteration125_tz_and_id_prefill.TestCustomerIdDocumentSeedAndMe" name="test_seed_id_document_number_via_put_users_me" time="0.286" /><testcase classname="backend.tests.test_iteration125_tz_and_id_prefill.TestCustomerIdDocumentSeedAndMe" name="test_auth_me_returns_id_document_number" time="0.136" /><testcase classname="backend.tests.test_iteration125_tz_and_id_prefill.TestCustomerIdDocumentSeedAndMe" name="test_auth_me_has_prefill_fields" time="0.163" /></testsuite></testsuites>