<?xml version="1.0" encoding="utf-8"?><testsuites name="pytest tests"><testsuite name="pytest" errors="1" failures="0" skipped="0" tests="11" time="0.774" timestamp="2026-06-13T09:56:12.650090+00:00" hostname="agent-env-d63e2092-11de-402a-b6bc-93ac6ac15c8c"><testcase classname="backend.tests.test_phase_a_auth_flow.TestCheckAccount" name="test_existing_email" time="0.238" /><testcase classname="backend.tests.test_phase_a_auth_flow.TestCheckAccount" name="test_unknown_email" time="0.048" /><testcase classname="backend.tests.test_phase_a_auth_flow.TestCheckAccount" name="test_invalid_method" time="0.043" /><testcase classname="backend.tests.test_phase_a_auth_flow.TestCheckAccount" name="test_blank_identifier" time="0.043" /><testcase classname="backend.tests.test_phase_a_auth_flow.TestForgotPassword" name="test_email_path_returns_reset_link" time="0.041" /><testcase classname="backend.tests.test_phase_a_auth_flow.TestForgotPassword" name="test_phone_path_returns_otp" time="0.040" /><testcase classname="backend.tests.test_phase_a_auth_flow.TestForgotPassword" name="test_operator_blocked_403" time="0.041" /><testcase classname="backend.tests.test_phase_a_auth_flow.TestForgotPassword" name="test_unknown_identifier_generic_success" time="0.041" /><testcase classname="backend.tests.test_phase_a_auth_flow.TestResetPasswordEmail" name="test_short_password_rejected" time="0.080" /><testcase classname="backend.tests.test_phase_a_auth_flow.TestResetPasswordEmail" name="test_reset_succeeds_and_login_works" time="0.038"><error message="failed on setup with &quot;assert 429 == 200&#10; +  where 429 = &lt;Response [429]&gt;.status_code&quot;">backend/tests/test_phase_a_auth_flow.py:96: in reset_token
    assert r.status_code == 200
E   assert 429 == 200
E    +  where 429 = &lt;Response [429]&gt;.status_code</error></testcase><testcase classname="backend.tests.test_phase_a_auth_flow.TestResetPasswordEmail" name="test_invalid_token_rejected" time="0.041" /></testsuite></testsuites>