<?xml version="1.0" encoding="utf-8"?><testsuites name="pytest tests"><testsuite name="pytest" errors="0" failures="0" skipped="0" tests="4" time="2.285" timestamp="2026-06-17T18:57:38.067935+00:00" hostname="agent-env-d63e2092-11de-402a-b6bc-93ac6ac15c8c"><testcase classname="backend.tests.test_iter248_refund_complete" name="test_complete_refund_happy_path" time="1.394" /><testcase classname="backend.tests.test_iter248_refund_complete" name="test_complete_refund_rejects_non_approved" time="0.138" /><testcase classname="backend.tests.test_iter248_refund_complete" name="test_complete_refund_requires_admin" time="0.524" /><testcase classname="backend.tests.test_iter248_refund_complete" name="test_complete_refund_not_found" time="0.111" /></testsuite></testsuites>