<?xml version="1.0" encoding="utf-8"?><testsuites name="pytest tests"><testsuite name="pytest" errors="0" failures="0" skipped="1" tests="5" time="2.674" timestamp="2026-06-18T16:31:20.023292+00:00" hostname="agent-env-d63e2092-11de-402a-b6bc-93ac6ac15c8c"><testcase classname="backend.tests.test_iter250_hard_delete_migration.TestHotelHardDelete" name="test_create_then_hard_delete_then_404" time="1.242" /><testcase classname="backend.tests.test_iter250_hard_delete_migration.TestEventLocationHardDelete" name="test_create_then_hard_delete_then_404" time="0.462" /><testcase classname="backend.tests.test_iter250_hard_delete_migration.TestPodHardDelete" name="test_create_then_hard_delete_then_404" time="0.445" /><testcase classname="backend.tests.test_iter250_hard_delete_migration.TestBanquetItemHardDelete" name="test_create_then_hard_delete_then_404" time="0.357" /><testcase classname="backend.tests.test_iter250_hard_delete_migration.TestEmployeeScopeHardDelete" name="test_create_then_hard_delete_then_404" time="0.103"><skipped type="pytest.skip" message="employee-access-scopes not mounted">/app/backend/tests/test_iter250_hard_delete_migration.py:198: employee-access-scopes not mounted</skipped></testcase></testsuite></testsuites>