<?xml version="1.0" encoding="utf-8"?><testsuites name="pytest tests"><testsuite name="pytest" errors="0" failures="0" skipped="0" tests="6" time="2.140" timestamp="2026-06-10T18:28:50.218467+00:00" hostname="agent-env-d63e2092-11de-402a-b6bc-93ac6ac15c8c"><testcase classname="backend.tests.test_operator_comparison" name="test_two_operators_returns_metrics" time="0.665" /><testcase classname="backend.tests.test_operator_comparison" name="test_three_operators_ok" time="0.499" /><testcase classname="backend.tests.test_operator_comparison" name="test_one_operator_rejected" time="0.115" /><testcase classname="backend.tests.test_operator_comparison" name="test_four_operators_rejected" time="0.143" /><testcase classname="backend.tests.test_operator_comparison" name="test_operator_role_forbidden" time="0.536" /><testcase classname="backend.tests.test_operator_comparison" name="test_unauthenticated_rejected" time="0.118" /></testsuite></testsuites>