<?xml version="1.0" encoding="utf-8"?><testsuites name="pytest tests"><testsuite name="pytest" errors="0" failures="0" skipped="0" tests="11" time="4.183" timestamp="2026-04-21T06:33:22.404264+00:00" hostname="agent-env-998fa2df-f126-4d83-bfb1-ade2e3a591a1"><testcase classname="tests.test_iteration123_operator_assignment" name="test_create_customer_ignores_operator_id" time="0.938" /><testcase classname="tests.test_iteration123_operator_assignment" name="test_create_operator_persists_operator" time="0.452" /><testcase classname="tests.test_iteration123_operator_assignment" name="test_put_rejects_operator_id_on_non_operator" time="0.467" /><testcase classname="tests.test_iteration123_operator_assignment" name="test_put_clears_operator_id_on_null" time="0.582" /><testcase classname="tests.test_iteration123_operator_assignment" name="test_role_change_cascade_clears_operator" time="0.573" /><testcase classname="tests.test_iteration123_operator_assignment" name="test_invitation_operator_requires_operator_id" time="0.131" /><testcase classname="tests.test_iteration123_operator_assignment" name="test_invitation_customer_drops_operator_id" time="0.242" /><testcase classname="tests.test_iteration123_operator_assignment" name="test_user_stats_shape" time="0.216" /><testcase classname="tests.test_iteration123_operator_assignment" name="test_user_activity_filters" time="0.333" /><testcase classname="tests.test_iteration123_operator_assignment" name="test_operators_search" time="0.106" /><testcase classname="tests.test_iteration123_operator_assignment" name="test_no_stale_operator_ids_on_non_operator_users" time="0.008" /></testsuite></testsuites>