<?xml version="1.0" encoding="utf-8"?><testsuites name="pytest tests"><testsuite name="pytest" errors="0" failures="0" skipped="0" tests="4" time="2.092" timestamp="2026-04-21T14:01:31.231135+00:00" hostname="agent-env-998fa2df-f126-4d83-bfb1-ade2e3a591a1"><testcase classname="backend.tests.test_iteration127_order_enrichment" name="test_enrichment_backfills_legacy_travel_order" time="1.179" /><testcase classname="backend.tests.test_iteration127_order_enrichment" name="test_enrichment_does_not_overwrite_existing_values" time="0.262" /><testcase classname="backend.tests.test_iteration127_order_enrichment" name="test_non_travel_order_not_enriched" time="0.303" /><testcase classname="backend.tests.test_iteration127_order_enrichment" name="test_user_reported_order_enriched" time="0.296" /></testsuite></testsuites>