<?xml version="1.0" encoding="utf-8"?><testsuites name="pytest tests"><testsuite name="pytest" errors="0" failures="0" skipped="0" tests="9" time="1.591" timestamp="2026-05-01T23:17:35.824886+00:00" hostname="agent-env-998fa2df-f126-4d83-bfb1-ade2e3a591a1"><testcase classname="backend.tests.test_iteration141_packages_marketplace.TestPackageServiceSearch" name="test_search_yaounde_to_douala_3kg" time="0.336" /><testcase classname="backend.tests.test_iteration141_packages_marketplace.TestPackageServiceSearch" name="test_search_accent_insensitive" time="0.046" /><testcase classname="backend.tests.test_iteration141_packages_marketplace.TestPackageServiceSearch" name="test_search_weight_above_max_returns_zero" time="0.053" /><testcase classname="backend.tests.test_iteration141_packages_marketplace.TestPackageServiceSearch" name="test_search_no_route_match_returns_zero" time="0.046" /><testcase classname="backend.tests.test_iteration141_packages_marketplace.TestPackageBookingViaService" name="test_create_with_valid_service" time="0.453" /><testcase classname="backend.tests.test_iteration141_packages_marketplace.TestPackageBookingViaService" name="test_create_with_unknown_service_returns_404" time="0.046" /><testcase classname="backend.tests.test_iteration141_packages_marketplace.TestPackageBookingViaService" name="test_create_with_weight_exceeding_limits" time="0.109" /><testcase classname="backend.tests.test_iteration141_packages_marketplace.TestPackageBookingViaService" name="test_quote_endpoint" time="0.090" /><testcase classname="backend.tests.test_iteration141_packages_marketplace.TestPackageBookingViaService" name="test_zz_cleanup" time="0.342" /></testsuite></testsuites>