<?xml version="1.0" encoding="utf-8"?><testsuites name="pytest tests"><testsuite name="pytest" errors="0" failures="0" skipped="0" tests="3" time="1.517" timestamp="2026-06-14T21:23:18.033148+00:00" hostname="agent-env-d63e2092-11de-402a-b6bc-93ac6ac15c8c"><testcase classname="backend.tests.test_role_chips_dnd.TestRolesEndpoint" name="test_get_roles_shape" time="0.666" /><testcase classname="backend.tests.test_role_chips_dnd.TestUsersEndpoint" name="test_get_users_returns_assigned_roles" time="0.136" /><testcase classname="backend.tests.test_role_chips_dnd.TestDndAssignment" name="test_dnd_assign_and_verify" time="0.651" /></testsuite></testsuites>