<?xml version="1.0" encoding="utf-8"?><testsuites name="pytest tests"><testsuite name="pytest" errors="0" failures="0" skipped="0" tests="7" time="4.811" timestamp="2026-07-07T20:02:12.729928+00:00" hostname="agent-env-d63e2092-11de-402a-b6bc-93ac6ac15c8c"><testcase classname="backend.tests.test_iter268_dashboard_stats" name="test_dashboard_stats_gross_and_effective[hotel]" time="4.029" /><testcase classname="backend.tests.test_iter268_dashboard_stats" name="test_dashboard_stats_gross_and_effective[hotels]" time="0.119" /><testcase classname="backend.tests.test_iter268_dashboard_stats" name="test_dashboard_stats_gross_and_effective[event]" time="0.115" /><testcase classname="backend.tests.test_iter268_dashboard_stats" name="test_dashboard_stats_gross_and_effective[events]" time="0.135" /><testcase classname="backend.tests.test_iter268_dashboard_stats" name="test_dashboard_stats_gross_and_effective[cinema]" time="0.119" /><testcase classname="backend.tests.test_iter268_dashboard_stats" name="test_dashboard_stats_gross_and_effective[travel]" time="0.114" /><testcase classname="backend.tests.test_iter268_dashboard_stats" name="test_dashboard_stats_gross_and_effective[restaurants]" time="0.103" /></testsuite></testsuites>