<?xml version="1.0" encoding="utf-8"?><testsuites name="pytest tests"><testsuite name="pytest" errors="0" failures="0" skipped="0" tests="7" time="0.666" timestamp="2026-06-17T11:02:39.559170+00:00" hostname="agent-env-d63e2092-11de-402a-b6bc-93ac6ac15c8c"><testcase classname="backend.tests.test_event_showtimes_iter.TestPublicShowtimes" name="test_anonymous_upcoming_only" time="0.072" /><testcase classname="backend.tests.test_event_showtimes_iter.TestPublicShowtimes" name="test_anonymous_cannot_request_drafts" time="0.004" /><testcase classname="backend.tests.test_event_showtimes_iter.TestPublicShowtimes" name="test_customer_sees_same_published_only" time="0.258" /><testcase classname="backend.tests.test_event_showtimes_iter.TestPublicShowtimes" name="test_admin_can_see_drafts_explicitly" time="0.253" /><testcase classname="backend.tests.test_event_showtimes_iter.TestAdminBulkEventsRemoved" name="test_events_collection_rejected" time="0.004" /><testcase classname="backend.tests.test_event_showtimes_iter.TestAdminBulkEventsRemoved" name="test_banquets_collection_accepted" time="0.003" /><testcase classname="backend.tests.test_event_showtimes_iter.TestAdminBulkEventsRemoved" name="test_event_showtimes_collection_still_accepted" time="0.003" /></testsuite></testsuites>