<?xml version="1.0" encoding="utf-8"?><testsuites name="pytest tests"><testsuite name="pytest" errors="0" failures="0" skipped="0" tests="20" time="6.953" timestamp="2026-04-21T05:18:04.348037+00:00" hostname="agent-env-998fa2df-f126-4d83-bfb1-ade2e3a591a1"><testcase classname="backend.tests.test_iteration119_reassign_undo_multi" name="test_list_includes_revert_window_metadata" time="0.494" /><testcase classname="backend.tests.test_iteration119_reassign_undo_multi" name="test_old_events_show_revertable_false" time="0.113" /><testcase classname="backend.tests.test_iteration119_reassign_undo_multi" name="test_revert_success_within_window" time="0.363" /><testcase classname="backend.tests.test_iteration119_reassign_undo_multi" name="test_double_revert_rejected" time="0.114" /><testcase classname="backend.tests.test_iteration119_reassign_undo_multi" name="test_revert_unknown_event_404" time="0.105" /><testcase classname="backend.tests.test_iteration119_reassign_undo_multi" name="test_revert_snapshot_restoration" time="0.512" /><testcase classname="backend.tests.test_iteration119_reassign_undo_multi" name="test_expired_event_revert_rejected" time="0.235" /><testcase classname="backend.tests.test_iteration119_reassign_undo_multi" name="test_car_rental_reassign_dry_run" time="0.215" /><testcase classname="backend.tests.test_iteration119_reassign_undo_multi" name="test_car_rental_cross_operator_rejected" time="0.215" /><testcase classname="backend.tests.test_iteration119_reassign_undo_multi" name="test_hotel_reassign_dry_run_same_hotel" time="0.340" /><testcase classname="backend.tests.test_iteration119_reassign_undo_multi" name="test_hotel_cross_hotel_rejected" time="1.413" /><testcase classname="backend.tests.test_iteration119_reassign_undo_multi" name="test_unknown_service_type_rejected" time="0.102" /><testcase classname="backend.tests.test_iteration120_reassign_p3_services" name="test_event_reassign_dry_run_and_commit" time="0.669" /><testcase classname="backend.tests.test_iteration120_reassign_p3_services" name="test_event_cross_operator_rejected" time="0.475" /><testcase classname="backend.tests.test_iteration120_reassign_p3_services" name="test_package_reassign_dry_run_and_commit" time="0.231" /><testcase classname="backend.tests.test_iteration120_reassign_p3_services" name="test_laundry_reassign_handles_pressing_alias" time="0.229" /><testcase classname="backend.tests.test_iteration120_reassign_p3_services" name="test_cinema_reassign_dry_run_same_cinema" time="0.113" /><testcase classname="backend.tests.test_iteration120_reassign_p3_services" name="test_cinema_cross_cinema_rejected" time="0.115" /><testcase classname="backend.tests.test_iteration120_reassign_p3_services" name="test_cinema_operator_resolves_via_cinema_id" time="0.502" /><testcase classname="backend.tests.test_iteration120_reassign_p3_services" name="test_revert_flow_on_package_service" time="0.245" /></testsuite></testsuites>