<?xml version="1.0" encoding="utf-8"?><testsuites name="pytest tests"><testsuite name="pytest" errors="0" failures="0" skipped="0" tests="12" time="8.382" timestamp="2026-05-12T22:19:17.571240+00:00" hostname="agent-env-01bfc0df-3716-4e75-a194-7ff3e6ce9cd4"><testcase classname="backend.tests.test_operator_invite_flow.TestCreateOperatorOwner" name="test_create_owner_no_password_returns_invite_link" time="1.071" /><testcase classname="backend.tests.test_operator_invite_flow.TestCreateOperatorOwner" name="test_create_owner_with_password_echoes_default" time="1.663" /><testcase classname="backend.tests.test_operator_invite_flow.TestCreateOperatorOwner" name="test_login_blocked_while_pending" time="0.416" /><testcase classname="backend.tests.test_operator_invite_flow.TestVerifyAccount" name="test_get_token_info_404_for_unknown" time="0.192" /><testcase classname="backend.tests.test_operator_invite_flow.TestVerifyAccount" name="test_get_token_info_for_valid_no_pw" time="0.144" /><testcase classname="backend.tests.test_operator_invite_flow.TestVerifyAccount" name="test_verify_no_pw_requires_password" time="0.293" /><testcase classname="backend.tests.test_operator_invite_flow.TestVerifyAccount" name="test_verify_no_pw_success_then_login_works" time="1.116" /><testcase classname="backend.tests.test_operator_invite_flow.TestVerifyAccount" name="test_verify_with_temp_pw_no_password_field" time="0.792" /><testcase classname="backend.tests.test_operator_invite_flow.TestResendInvite" name="test_resend_for_pending_user" time="1.223" /><testcase classname="backend.tests.test_operator_invite_flow.TestResendInvite" name="test_resend_requires_admin" time="0.543" /><testcase classname="backend.tests.test_operator_invite_flow.TestResendInvite" name="test_resend_for_unknown_user" time="0.151" /><testcase classname="backend.tests.test_operator_invite_flow.TestDuplicateGuard" name="test_duplicate_owner_email_rejected" time="0.691" /></testsuite></testsuites>