<?xml version="1.0" encoding="utf-8"?><testsuites name="pytest tests"><testsuite name="pytest" errors="0" failures="0" skipped="1" tests="10" time="2.100" timestamp="2026-06-17T16:27:25.294438+00:00" hostname="agent-env-d63e2092-11de-402a-b6bc-93ac6ac15c8c"><testcase classname="backend.tests.test_iter242_refund_policy_pickers" name="test_refund_presets_endpoint[event]" time="0.543" /><testcase classname="backend.tests.test_iter242_refund_policy_pickers" name="test_refund_presets_endpoint[cinema]" time="0.051" /><testcase classname="backend.tests.test_iter242_refund_policy_pickers" name="test_refund_presets_endpoint[car_rental]" time="0.044" /><testcase classname="backend.tests.test_iter242_refund_policy_pickers" name="test_refund_presets_endpoint[banquet]" time="0.050" /><testcase classname="backend.tests.test_iter242_refund_policy_pickers" name="test_refund_presets_endpoint[laundry]" time="0.046" /><testcase classname="backend.tests.test_iter242_refund_policy_pickers" name="test_banquet_refund_policy_persistence" time="0.253" /><testcase classname="backend.tests.test_iter242_refund_policy_pickers" name="test_pressing_refund_policy_persistence" time="0.336" /><testcase classname="backend.tests.test_iter242_refund_policy_pickers" name="test_car_rental_refund_policy_persistence" time="0.236" /><testcase classname="backend.tests.test_iter242_refund_policy_pickers" name="test_cinema_showtime_refund_policy" time="0.365" /><testcase classname="backend.tests.test_iter242_refund_policy_pickers" name="test_event_showtime_refund_policy" time="0.092"><skipped type="pytest.skip" message="can't seed event: 422 {&quot;detail&quot;:[{&quot;type&quot;:&quot;missing&quot;,&quot;loc&quot;:[&quot;body&quot;,&quot;name&quot;],&quot;msg&quot;:&quot;Field required&quot;,&quot;input&quot;:{&quot;title&quot;:&quot;TEST_event_18d2c0&quot;,&quot;description&quot;:&quot;test&quot;,&quot;category&quot;:&quot;concert&quot;,&quot;city&quot;:&quot;Douala&quot;}},{&quot;type&quot;:&quot;missing&quot;,&quot;loc&quot;:[&quot;bod">/app/backend/tests/test_iter242_refund_policy_pickers.py:219: can't seed event: 422 {"detail":[{"type":"missing","loc":["body","name"],"msg":"Field required","input":{"title":"TEST_event_18d2c0","description":"test","category":"concert","city":"Douala"}},{"type":"missing","loc":["bod</skipped></testcase></testsuite></testsuites>