<?xml version="1.0" encoding="utf-8"?><testsuites name="pytest tests"><testsuite name="pytest" errors="0" failures="0" skipped="0" tests="17" time="53.476" timestamp="2026-05-11T20:32:10.030438+00:00" hostname="agent-env-01bfc0df-3716-4e75-a194-7ff3e6ce9cd4"><testcase classname="backend.tests.test_operator_scoping_and_analytics" name="test_operator_sees_only_own_services[/hotels/management/my-hotels-hotels]" time="0.657" /><testcase classname="backend.tests.test_operator_scoping_and_analytics" name="test_operator_sees_only_own_services[/restaurants/management/my-restaurants-restaurants]" time="0.112" /><testcase classname="backend.tests.test_operator_scoping_and_analytics" name="test_operator_sees_only_own_services[/car-rental/management/my-vehicles-car-rental]" time="0.136" /><testcase classname="backend.tests.test_operator_scoping_and_analytics" name="test_operator_sees_only_own_services[/events/management/my-events-events]" time="0.121" /><testcase classname="backend.tests.test_operator_scoping_and_analytics" name="test_operator_sees_only_own_services[/cinema/management/my-cinemas-cinema]" time="0.158" /><testcase classname="backend.tests.test_operator_scoping_and_analytics" name="test_operator_sees_only_own_services[/pressing/management/my-shops-laundry]" time="0.111" /><testcase classname="backend.tests.test_operator_scoping_and_analytics" name="test_operator_sees_only_own_services[/banquets/management/my-venues-banquets]" time="0.124" /><testcase classname="backend.tests.test_operator_scoping_and_analytics" name="test_admin_sees_services[/hotels/management/my-hotels-hotels]" time="0.483" /><testcase classname="backend.tests.test_operator_scoping_and_analytics" name="test_admin_sees_services[/restaurants/management/my-restaurants-restaurants]" time="0.140" /><testcase classname="backend.tests.test_operator_scoping_and_analytics" name="test_admin_sees_services[/car-rental/management/my-vehicles-car-rental]" time="0.131" /><testcase classname="backend.tests.test_operator_scoping_and_analytics" name="test_admin_sees_services[/events/management/my-events-events]" time="0.136" /><testcase classname="backend.tests.test_operator_scoping_and_analytics" name="test_admin_sees_services[/cinema/management/my-cinemas-cinema]" time="0.133" /><testcase classname="backend.tests.test_operator_scoping_and_analytics" name="test_admin_sees_services[/pressing/management/my-shops-laundry]" time="0.102" /><testcase classname="backend.tests.test_operator_scoping_and_analytics" name="test_admin_sees_services[/banquets/management/my-venues-banquets]" time="0.135" /><testcase classname="backend.tests.test_operator_scoping_and_analytics" name="test_packages_requires_auth_and_scopes" time="20.359" /><testcase classname="backend.tests.test_operator_scoping_and_analytics" name="test_analytics_overview_daily_trend" time="0.138" /><testcase classname="backend.tests.test_operator_scoping_and_analytics" name="test_orders_operator_id_filter_as_admin" time="30.229" /></testsuite></testsuites>