<?xml version="1.0" encoding="utf-8"?><testsuites name="pytest tests"><testsuite name="pytest" errors="0" failures="0" skipped="0" tests="2" time="0.633" timestamp="2026-06-16T15:39:10.105088+00:00" hostname="agent-env-d63e2092-11de-402a-b6bc-93ac6ac15c8c"><testcase classname="backend.tests.test_iter231_banquet_inventory_lifecycle" name="test_banquet_item_full_lifecycle" time="0.310" /><testcase classname="backend.tests.test_iter231_banquet_inventory_lifecycle" name="test_hold_overbook_rejected" time="0.263" /></testsuite></testsuites>