<?xml version="1.0" encoding="utf-8"?><testsuites name="pytest tests"><testsuite name="pytest" errors="0" failures="0" skipped="0" tests="2" time="1.144" timestamp="2026-04-21T13:33:35.462034+00:00" hostname="agent-env-998fa2df-f126-4d83-bfb1-ade2e3a591a1"><testcase classname="backend.tests.test_iteration126_service_date_time" name="test_travel_order_preserves_travel_date_and_service_time" time="0.800" /><testcase classname="backend.tests.test_iteration126_service_date_time" name="test_legacy_travel_order_without_travel_date" time="0.283" /></testsuite></testsuites>