<?xml version="1.0" encoding="utf-8"?><testsuites name="pytest tests"><testsuite name="pytest" errors="0" failures="9" skipped="0" tests="20" time="3.319" timestamp="2026-06-14T14:25:21.800776+00:00" hostname="agent-env-d63e2092-11de-402a-b6bc-93ac6ac15c8c"><testcase classname="backend.tests.test_iter206_banquet_services" name="test_01_db_reset_banquets_dry_run" time="0.760" /><testcase classname="backend.tests.test_iter206_banquet_services" name="test_02_db_reset_banquets_actual" time="0.133" /><testcase classname="backend.tests.test_iter206_banquet_services" name="test_03_create_hall" time="0.112" /><testcase classname="backend.tests.test_iter206_banquet_services" name="test_04_create_rental" time="0.106" /><testcase classname="backend.tests.test_iter206_banquet_services" name="test_05_create_canopy" time="0.133" /><testcase classname="backend.tests.test_iter206_banquet_services" name="test_06_create_photographer" time="0.137" /><testcase classname="backend.tests.test_iter206_banquet_services" name="test_07_create_videographer" time="0.111" /><testcase classname="backend.tests.test_iter206_banquet_services" name="test_08_my_venues_returns_all_categories" time="0.104" /><testcase classname="backend.tests.test_iter206_banquet_services" name="test_09_my_venues_category_filter" time="0.103"><failure message="AssertionError: non rental_item leaked: ['videographer', 'photographer', 'canopy', 'rental_item', 'hall']&#10;assert False&#10; +  where False = all(&lt;generator object test_09_my_venues_category_filter.&lt;locals&gt;.&lt;genexpr&gt; at 0xfb8b71b83680&gt;)">backend/tests/test_iter206_banquet_services.py:105: in test_09_my_venues_category_filter
    assert all(v.get("category") == "rental_item" for v in venues), \
E   AssertionError: non rental_item leaked: ['videographer', 'photographer', 'canopy', 'rental_item', 'hall']
E   assert False
E    +  where False = all(&lt;generator object test_09_my_venues_category_filter.&lt;locals&gt;.&lt;genexpr&gt; at 0xfb8b71b83680&gt;)</failure></testcase><testcase classname="backend.tests.test_iter206_banquet_services" name="test_10_public_listing_filter_by_category" time="0.161" /><testcase classname="backend.tests.test_iter206_banquet_services" name="test_11_update_service_price" time="0.240" /><testcase classname="backend.tests.test_iter206_banquet_services" name="test_12_delete_videographer" time="0.207" /><testcase classname="backend.tests.test_iter206_banquet_services" name="test_13_create_package" time="0.159"><failure message="AssertionError: {&quot;detail&quot;:&quot;Method Not Allowed&quot;}&#10;assert 405 in (200, 201)&#10; +  where 405 = &lt;Response [405]&gt;.status_code">backend/tests/test_iter206_banquet_services.py:147: in test_13_create_package
    assert r.status_code in (200, 201), r.text
E   AssertionError: {"detail":"Method Not Allowed"}
E   assert 405 in (200, 201)
E    +  where 405 = &lt;Response [405]&gt;.status_code</failure></testcase><testcase classname="backend.tests.test_iter206_banquet_services" name="test_14_list_packages" time="0.181"><failure message="AssertionError: {&quot;detail&quot;:&quot;Banquet venue not found&quot;}&#10;assert 404 == 200&#10; +  where 404 = &lt;Response [404]&gt;.status_code">backend/tests/test_iter206_banquet_services.py:160: in test_14_list_packages
    assert r.status_code == 200, r.text
E   AssertionError: {"detail":"Banquet venue not found"}
E   assert 404 == 200
E    +  where 404 = &lt;Response [404]&gt;.status_code</failure></testcase><testcase classname="backend.tests.test_iter206_banquet_services" name="test_15_update_package_discount" time="0.000"><failure message="assert None">backend/tests/test_iter206_banquet_services.py:171: in test_15_update_package_discount
    assert pid
E   assert None</failure></testcase><testcase classname="backend.tests.test_iter206_banquet_services" name="test_16_delete_package" time="0.000"><failure message="assert None">backend/tests/test_iter206_banquet_services.py:179: in test_16_delete_package
    assert pid
E   assert None</failure></testcase><testcase classname="backend.tests.test_iter206_banquet_services" name="test_17_package_rejects_empty_services" time="0.163"><failure message="AssertionError: {&quot;detail&quot;:&quot;Method Not Allowed&quot;}&#10;assert 405 in (400, 422)&#10; +  where 405 = &lt;Response [405]&gt;.status_code">backend/tests/test_iter206_banquet_services.py:187: in test_17_package_rejects_empty_services
    assert r.status_code in (400, 422), r.text
E   AssertionError: {"detail":"Method Not Allowed"}
E   assert 405 in (400, 422)
E    +  where 405 = &lt;Response [405]&gt;.status_code</failure></testcase><testcase classname="backend.tests.test_iter206_banquet_services" name="test_18_db_indexes_ensure" time="0.143"><failure message="assert ('ix_banquets_op_category' in &quot;{'ok': True, 'created': 0, 'existed': 116, 'failed_count': 0, 'failed': []}&quot; or 'banquets' in &quot;{'ok': True, 'created': 0, 'existed': 116, 'failed_count': 0, 'failed': []}&quot;)">backend/tests/test_iter206_banquet_services.py:198: in test_18_db_indexes_ensure
    assert "ix_banquets_op_category" in all_idx or "banquets" in all_idx
E   assert ('ix_banquets_op_category' in "{'ok': True, 'created': 0, 'existed': 116, 'failed_count': 0, 'failed': []}" or 'banquets' in "{'ok': True, 'created': 0, 'existed': 116, 'failed_count': 0, 'failed': []}")</failure></testcase><testcase classname="backend.tests.test_iter206_banquet_services" name="test_19_purge_soft_deleted_dry_run" time="0.105"><failure message="AssertionError: {&quot;detail&quot;:&quot;Not Found&quot;}&#10;assert 404 == 200&#10; +  where 404 = &lt;Response [404]&gt;.status_code">backend/tests/test_iter206_banquet_services.py:205: in test_19_purge_soft_deleted_dry_run
    assert r.status_code == 200, r.text
E   AssertionError: {"detail":"Not Found"}
E   assert 404 == 200
E    +  where 404 = &lt;Response [404]&gt;.status_code</failure></testcase><testcase classname="backend.tests.test_iter206_banquet_services" name="test_20_hotel_soft_then_hard_delete" time="0.106"><failure message="AssertionError: {&quot;detail&quot;:[{&quot;type&quot;:&quot;missing&quot;,&quot;loc&quot;:[&quot;body&quot;,&quot;address&quot;],&quot;msg&quot;:&quot;Field required&quot;,&quot;input&quot;:{&quot;name&quot;:&quot;TEST_H1&quot;,&quot;city&quot;:&quot;Douala&quot;,&quot;country&quot;:&quot;Cameroon&quot;,&quot;base_price&quot;:1000,&quot;star_rating&quot;:3}}]}&#10;assert 422 in (200, 201)&#10; +  where 422 = &lt;Response [422]&gt;.status_code">backend/tests/test_iter206_banquet_services.py:215: in test_20_hotel_soft_then_hard_delete
    assert r.status_code in (200, 201), r.text
E   AssertionError: {"detail":[{"type":"missing","loc":["body","address"],"msg":"Field required","input":{"name":"TEST_H1","city":"Douala","country":"Cameroon","base_price":1000,"star_rating":3}}]}
E   assert 422 in (200, 201)
E    +  where 422 = &lt;Response [422]&gt;.status_code</failure></testcase></testsuite></testsuites>