<?xml version="1.0" encoding="utf-8"?><testsuites name="pytest tests"><testsuite name="pytest" errors="0" failures="0" skipped="0" tests="20" time="3.309" timestamp="2026-06-14T14:36:03.825935+00:00" hostname="agent-env-d63e2092-11de-402a-b6bc-93ac6ac15c8c"><testcase classname="backend.tests.test_iter206_banquet_services" name="test_01_db_reset_banquets_dry_run" time="0.488" /><testcase classname="backend.tests.test_iter206_banquet_services" name="test_02_db_reset_banquets_actual" time="0.103" /><testcase classname="backend.tests.test_iter206_banquet_services" name="test_03_create_hall" time="0.113" /><testcase classname="backend.tests.test_iter206_banquet_services" name="test_04_create_rental" time="0.103" /><testcase classname="backend.tests.test_iter206_banquet_services" name="test_05_create_canopy" time="0.101" /><testcase classname="backend.tests.test_iter206_banquet_services" name="test_06_create_photographer" time="0.101" /><testcase classname="backend.tests.test_iter206_banquet_services" name="test_07_create_videographer" time="0.096" /><testcase classname="backend.tests.test_iter206_banquet_services" name="test_08_my_venues_returns_all_categories" time="0.100" /><testcase classname="backend.tests.test_iter206_banquet_services" name="test_09_my_venues_category_filter" time="0.104" /><testcase classname="backend.tests.test_iter206_banquet_services" name="test_10_public_listing_filter_by_category" time="0.136" /><testcase classname="backend.tests.test_iter206_banquet_services" name="test_11_update_service_price" time="0.227" /><testcase classname="backend.tests.test_iter206_banquet_services" name="test_12_delete_videographer" time="0.205" /><testcase classname="backend.tests.test_iter206_banquet_services" name="test_13_create_package" time="0.104" /><testcase classname="backend.tests.test_iter206_banquet_services" name="test_14_list_packages" time="0.102" /><testcase classname="backend.tests.test_iter206_banquet_services" name="test_15_update_package_discount" time="0.108" /><testcase classname="backend.tests.test_iter206_banquet_services" name="test_16_delete_package" time="0.106" /><testcase classname="backend.tests.test_iter206_banquet_services" name="test_17_package_rejects_empty_services" time="0.107" /><testcase classname="backend.tests.test_iter206_banquet_services" name="test_18_db_indexes_ensure" time="0.180" /><testcase classname="backend.tests.test_iter206_banquet_services" name="test_19_purge_soft_deleted_dry_run" time="0.125" /><testcase classname="backend.tests.test_iter206_banquet_services" name="test_20_hotel_soft_then_hard_delete" time="0.530" /></testsuite></testsuites>