<?xml version="1.0" encoding="utf-8"?><testsuites name="pytest tests"><testsuite name="pytest" errors="0" failures="0" skipped="0" tests="12" time="4.901" timestamp="2026-04-20T22:09:58.395104+00:00" hostname="agent-env-998fa2df-f126-4d83-bfb1-ade2e3a591a1"><testcase classname="backend.tests.test_iteration119_reassign_undo_multi" name="test_list_includes_revert_window_metadata" time="0.632" /><testcase classname="backend.tests.test_iteration119_reassign_undo_multi" name="test_old_events_show_revertable_false" time="0.149" /><testcase classname="backend.tests.test_iteration119_reassign_undo_multi" name="test_revert_success_within_window" time="0.362" /><testcase classname="backend.tests.test_iteration119_reassign_undo_multi" name="test_double_revert_rejected" time="0.139" /><testcase classname="backend.tests.test_iteration119_reassign_undo_multi" name="test_revert_unknown_event_404" time="0.104" /><testcase classname="backend.tests.test_iteration119_reassign_undo_multi" name="test_revert_snapshot_restoration" time="0.538" /><testcase classname="backend.tests.test_iteration119_reassign_undo_multi" name="test_expired_event_revert_rejected" time="0.255" /><testcase classname="backend.tests.test_iteration119_reassign_undo_multi" name="test_car_rental_reassign_dry_run" time="0.245" /><testcase classname="backend.tests.test_iteration119_reassign_undo_multi" name="test_car_rental_cross_operator_rejected" time="0.263" /><testcase classname="backend.tests.test_iteration119_reassign_undo_multi" name="test_hotel_reassign_dry_run_same_hotel" time="0.374" /><testcase classname="backend.tests.test_iteration119_reassign_undo_multi" name="test_hotel_cross_hotel_rejected" time="1.408" /><testcase classname="backend.tests.test_iteration119_reassign_undo_multi" name="test_unknown_service_type_rejected" time="0.354" /></testsuite></testsuites>