<?xml version="1.0" encoding="utf-8"?><testsuites name="pytest tests"><testsuite name="pytest" errors="0" failures="3" skipped="0" tests="12" time="3.790" timestamp="2026-06-14T22:13:40.403013+00:00" hostname="agent-env-d63e2092-11de-402a-b6bc-93ac6ac15c8c"><testcase classname="backend.tests.test_iter214_banquet_checkout_extended.TestExtendedCheckoutFields" name="test_checkout_with_all_new_fields_no_promo" time="1.145" /><testcase classname="backend.tests.test_iter214_banquet_checkout_extended.TestExtendedCheckoutFields" name="test_checkout_with_promo_discount" time="0.116" /><testcase classname="backend.tests.test_iter214_banquet_checkout_extended.TestExtendedCheckoutFields" name="test_persisted_fields_visible_in_bookings" time="0.228" /><testcase classname="backend.tests.test_iter214_banquet_checkout_extended.TestExtendedCheckoutFields" name="test_optional_new_fields_omitted_still_works" time="0.110" /><testcase classname="backend.tests.test_iter208_banquet_cart_checkout.TestCartCheckoutBasic" name="test_hall_plus_chairs_math" time="1.254"><failure message="AssertionError: {'booking_id': '56e4ec24-ebe4-47ba-acd1-1c88c2950ce4', 'currency': 'XAF', 'line_items': [{'category': 'hall', 'hours': None, 'line_total': 100000.0, 'operator_id': None, ...}, {'category': 'rental_item', 'hours': None, 'line_total': 100000.0, 'operator_id': None, ...}], 'message': 'Event order created', ...}&#10;assert 210000.0 == 200000">backend/tests/test_iter208_banquet_cart_checkout.py:119: in test_hall_plus_chairs_math
    assert d["total_price"] == 200000, d
E   AssertionError: {'booking_id': '56e4ec24-ebe4-47ba-acd1-1c88c2950ce4', 'currency': 'XAF', 'line_items': [{'category': 'hall', 'hours': None, 'line_total': 100000.0, 'operator_id': None, ...}, {'category': 'rental_item', 'hours': None, 'line_total': 100000.0, 'operator_id': None, ...}], 'message': 'Event order created', ...}
E   assert 210000.0 == 200000</failure></testcase><testcase classname="backend.tests.test_iter208_banquet_cart_checkout.TestCartCheckoutBasic" name="test_per_hour_with_hours_override" time="0.203"><failure message="AssertionError: {'booking_id': '949f3dc7-be26-4b96-a402-a04fb2cfacee', 'currency': 'XAF', 'line_items': [{'category': 'photographer', 'hours': 6.0, 'line_total': 180000.0, 'operator_id': None, ...}], 'message': 'Event order created', ...}&#10;assert 189000.0 == 180000">backend/tests/test_iter208_banquet_cart_checkout.py:144: in test_per_hour_with_hours_override
    assert d["total_price"] == 180000, d
E   AssertionError: {'booking_id': '949f3dc7-be26-4b96-a402-a04fb2cfacee', 'currency': 'XAF', 'line_items': [{'category': 'photographer', 'hours': 6.0, 'line_total': 180000.0, 'operator_id': None, ...}], 'message': 'Event order created', ...}
E   assert 189000.0 == 180000</failure></testcase><testcase classname="backend.tests.test_iter208_banquet_cart_checkout.TestCartCheckoutBasic" name="test_package_plus_individual" time="0.112"><failure message="AssertionError: (168000.0, 160000.0)&#10;assert 168000.0 == 160000.0">backend/tests/test_iter208_banquet_cart_checkout.py:161: in test_package_plus_individual
    assert d["total_price"] == expected, (d["total_price"], expected)
E   AssertionError: (168000.0, 160000.0)
E   assert 168000.0 == 160000.0</failure></testcase><testcase classname="backend.tests.test_iter208_banquet_cart_checkout.TestCartCheckoutValidation" name="test_no_event_date" time="0.101" /><testcase classname="backend.tests.test_iter208_banquet_cart_checkout.TestCartCheckoutValidation" name="test_past_event_date" time="0.101" /><testcase classname="backend.tests.test_iter208_banquet_cart_checkout.TestCartCheckoutValidation" name="test_empty_cart" time="0.099" /><testcase classname="backend.tests.test_iter208_banquet_cart_checkout.TestCartCheckoutValidation" name="test_unknown_service_id" time="0.105" /><testcase classname="backend.tests.test_iter208_banquet_cart_checkout.TestCartCheckoutAuth" name="test_no_token_rejected" time="0.108" /></testsuite></testsuites>