<?xml version="1.0" encoding="utf-8"?><testsuites name="pytest tests"><testsuite name="pytest" errors="0" failures="0" skipped="0" tests="13" time="4.216" timestamp="2026-06-19T21:18:55.258097+00:00" hostname="agent-env-d63e2092-11de-402a-b6bc-93ac6ac15c8c"><testcase classname="backend.tests.test_iter253_emergent_storage_migration.TestServeEndpointHeaders" name="test_origin_serve_returns_image_with_cdn_headers" time="1.391" /><testcase classname="backend.tests.test_iter253_emergent_storage_migration.TestServeEndpointHeaders" name="test_origin_serve_304_on_if_none_match" time="0.241" /><testcase classname="backend.tests.test_iter253_emergent_storage_migration.TestServeEndpointHeaders" name="test_serve_no_auth_required" time="0.185" /><testcase classname="backend.tests.test_iter253_emergent_storage_migration.TestServeEndpointHeaders" name="test_public_url_serve_returns_bytes" time="0.416" /><testcase classname="backend.tests.test_iter253_emergent_storage_migration.TestUploadReturnsEmergentURL" name="test_upload_new_image_returns_serve_url_and_refetches" time="0.663" /><testcase classname="backend.tests.test_iter253_emergent_storage_migration.TestNoStaticURLsInDB" name="test_no_static_urls[/api/operators]" time="0.145" /><testcase classname="backend.tests.test_iter253_emergent_storage_migration.TestNoStaticURLsInDB" name="test_no_static_urls[/api/hotels]" time="0.155" /><testcase classname="backend.tests.test_iter253_emergent_storage_migration.TestNoStaticURLsInDB" name="test_no_static_urls[/api/restaurants]" time="0.164" /><testcase classname="backend.tests.test_iter253_emergent_storage_migration.TestNoStaticURLsInDB" name="test_no_static_urls[/api/cinema/films]" time="0.121" /><testcase classname="backend.tests.test_iter253_emergent_storage_migration.TestNoStaticURLsInDB" name="test_no_static_urls[/api/packages]" time="0.161" /><testcase classname="backend.tests.test_iter253_emergent_storage_migration.TestNoStaticURLsInDB" name="test_no_static_urls[/api/vehicles]" time="0.169" /><testcase classname="backend.tests.test_iter253_emergent_storage_migration.TestNoStaticURLsInDB" name="test_no_static_urls[/api/event-showtimes]" time="0.172" /><testcase classname="backend.tests.test_iter253_emergent_storage_migration.TestOperatorLogosOnEmergent" name="test_at_least_one_operator_logo_on_emergent" time="0.158" /></testsuite></testsuites>