<?xml version="1.0" encoding="utf-8"?><testsuites name="pytest tests"><testsuite name="pytest" errors="0" failures="0" skipped="0" tests="5" time="1.531" timestamp="2026-05-12T21:10:40.545306+00:00" hostname="agent-env-01bfc0df-3716-4e75-a194-7ff3e6ce9cd4"><testcase classname="backend.tests.test_iteration159_cinema_fixes.TestCinemaFilmsCityFilter" name="test_get_films_city_yaounde_clean_slate" time="0.324" /><testcase classname="backend.tests.test_iteration159_cinema_fixes.TestCinemaFilmsCityFilter" name="test_get_films_city_filter_case_insensitive" time="0.142" /><testcase classname="backend.tests.test_iteration159_cinema_fixes.TestCinemaFilmsCityFilter" name="test_get_films_no_city_returns_ok" time="0.180" /><testcase classname="backend.tests.test_iteration159_cinema_fixes.TestOperatorShowtimes" name="test_admin_can_list_operator_showtimes" time="0.616" /><testcase classname="backend.tests.test_iteration159_cinema_fixes.TestOperatorShowtimes" name="test_unauthenticated_operator_showtimes_blocked" time="0.212" /></testsuite></testsuites>