<?xml version="1.0" encoding="utf-8"?><testsuites name="pytest tests"><testsuite name="pytest" errors="0" failures="0" skipped="0" tests="11" time="9.888" timestamp="2026-05-02T09:04:15.454707+00:00" hostname="agent-env-01bfc0df-3716-4e75-a194-7ff3e6ce9cd4"><testcase classname="backend.tests.test_iteration143_packages_enhancements.TestAccentInsensitiveSearch" name="test_search_with_accent" time="5.312" /><testcase classname="backend.tests.test_iteration143_packages_enhancements.TestAccentInsensitiveSearch" name="test_search_uppercase_no_accent" time="0.121" /><testcase classname="backend.tests.test_iteration143_packages_enhancements.TestAccentInsensitiveSearch" name="test_search_lowercase" time="0.098" /><testcase classname="backend.tests.test_iteration143_packages_enhancements.TestCreateStatusBranching" name="test_admin_create_returns_active" time="0.565" /><testcase classname="backend.tests.test_iteration143_packages_enhancements.TestCreateStatusBranching" name="test_super_admin_create_returns_active" time="0.568" /><testcase classname="backend.tests.test_iteration143_packages_enhancements.TestCreateStatusBranching" name="test_operator_create_denied_or_pending" time="0.459" /><testcase classname="backend.tests.test_iteration143_packages_enhancements.TestUpdateStatusDrop" name="test_operator_cannot_change_status" time="0.444" /><testcase classname="backend.tests.test_iteration143_packages_enhancements.TestValidationPending" name="test_pending_includes_package_services" time="0.132" /><testcase classname="backend.tests.test_iteration143_packages_enhancements.TestApproveReject" name="test_approve_flips_to_active_and_appears_in_search" time="0.907" /><testcase classname="backend.tests.test_iteration143_packages_enhancements.TestApproveReject" name="test_reject_flips_to_rejected_and_hidden" time="0.756" /><testcase classname="backend.tests.test_iteration143_packages_enhancements.TestSearchActiveOnly" name="test_pending_not_in_search" time="0.446" /></testsuite></testsuites>