<?xml version="1.0" encoding="utf-8"?><testsuites name="pytest tests"><testsuite name="pytest" errors="0" failures="0" skipped="0" tests="5" time="2.040" timestamp="2026-06-20T01:25:37.037756+00:00" hostname="agent-env-d63e2092-11de-402a-b6bc-93ac6ac15c8c"><testcase classname="backend.tests.test_iter265_legal_content.TestLegalContent" name="test_terms_ok" time="0.307" /><testcase classname="backend.tests.test_iter265_legal_content.TestLegalContent" name="test_privacy_ok" time="0.145" /><testcase classname="backend.tests.test_iter265_legal_content.TestLegalContent" name="test_invalid_type_rejected" time="0.147" /><testcase classname="backend.tests.test_iter265_legal_content.TestLegalContent" name="test_refresh_param_triggers_rescrape" time="0.492" /><testcase classname="backend.tests.test_iter265_legal_content.TestLegalContent" name="test_post_refresh_all" time="0.883" /></testsuite></testsuites>