<?xml version="1.0" encoding="utf-8"?><testsuites name="pytest tests"><testsuite name="pytest" errors="0" failures="0" skipped="0" tests="9" time="3.295" timestamp="2026-04-20T10:36:44.899199+00:00" hostname="agent-env-998fa2df-f126-4d83-bfb1-ade2e3a591a1"><testcase classname="backend.tests.test_iteration116_admin_bookings.TestAdminBookingsLimit" name="test_admin_limit_500_no_422" time="1.159" /><testcase classname="backend.tests.test_iteration116_admin_bookings.TestAdminBookingsLimit" name="test_admin_limit_1000_ok" time="0.154" /><testcase classname="backend.tests.test_iteration116_admin_bookings.TestAdminBookingsLimit" name="test_admin_limit_above_cap_422" time="0.110" /><testcase classname="backend.tests.test_iteration116_admin_bookings.TestAdminBookingsLimit" name="test_super_admin_sees_all" time="0.499" /><testcase classname="backend.tests.test_iteration116_admin_bookings.TestAdminBookingsLimit" name="test_operator_scoped" time="0.514" /><testcase classname="backend.tests.test_iteration116_admin_bookings.TestAdminBookingsLimit" name="test_channel_filter_on_site" time="0.101" /><testcase classname="backend.tests.test_iteration116_admin_bookings.TestAdminBookingsLimit" name="test_channel_filter_online" time="0.146" /><testcase classname="backend.tests.test_iteration116_admin_bookings.TestTeamMembersEndpoints" name="test_get_team_members_admin" time="0.101" /><testcase classname="backend.tests.test_iteration116_admin_bookings.TestTeamMembersEndpoints" name="test_add_and_remove_team_member" time="0.442" /></testsuite></testsuites>