<?xml version="1.0" encoding="utf-8"?><testsuites name="pytest tests"><testsuite name="pytest" errors="0" failures="0" skipped="0" tests="4" time="1.927" timestamp="2026-05-11T21:30:14.466786+00:00" hostname="agent-env-01bfc0df-3716-4e75-a194-7ff3e6ce9cd4"><testcase classname="backend.tests.test_iteration156_operator_film" name="test_operator_without_cinema_permission_cannot_create_film" time="0.658" /><testcase classname="backend.tests.test_iteration156_operator_film" name="test_admin_creates_film_with_operator_override" time="0.880" /><testcase classname="backend.tests.test_iteration156_operator_film" name="test_admin_creates_film_no_operator" time="0.217" /><testcase classname="backend.tests.test_iteration156_operator_film" name="test_operator_my_hotels_no_leak" time="0.112" /></testsuite></testsuites>