<?xml version="1.0" encoding="utf-8"?><testsuites name="pytest tests"><testsuite name="pytest" errors="0" failures="0" skipped="0" tests="4" time="5.276" timestamp="2026-05-02T09:33:38.351610+00:00" hostname="agent-env-01bfc0df-3716-4e75-a194-7ff3e6ce9cd4"><testcase classname="backend.tests.test_iteration144_packages_images.TestPackageServiceImages" name="test_create_service_with_images_by_super_admin" time="4.175" /><testcase classname="backend.tests.test_iteration144_packages_images.TestPackageServiceImages" name="test_search_services_returns_images_field" time="0.178" /><testcase classname="backend.tests.test_iteration144_packages_images.TestPackagePhotos" name="test_create_package_booking_persists_package_photos" time="0.730" /><testcase classname="backend.tests.test_iteration144_packages_images.TestUploads" name="test_upload_png_file" time="0.118" /></testsuite></testsuites>