<?xml version="1.0" encoding="utf-8"?><testsuites name="pytest tests"><testsuite name="pytest" errors="0" failures="0" skipped="0" tests="5" time="1.567" timestamp="2026-06-17T01:40:37.033300+00:00" hostname="agent-env-d63e2092-11de-402a-b6bc-93ac6ac15c8c"><testcase classname="tests.test_iter238_events_seed_and_bulk" name="test_events_endpoint_returns_seeded_events" time="0.950" /><testcase classname="tests.test_iter238_events_seed_and_bulk" name="test_bulk_allows_banquets_collection_superadmin" time="0.269" /><testcase classname="tests.test_iter238_events_seed_and_bulk" name="test_bulk_allows_pressings_collection_superadmin" time="0.012" /><testcase classname="tests.test_iter238_events_seed_and_bulk" name="test_bulk_allows_package_services_collection_superadmin" time="0.010" /><testcase classname="tests.test_iter238_events_seed_and_bulk" name="test_bulk_new_collections_still_forbidden_for_customer" time="0.261" /></testsuite></testsuites>