<?xml version="1.0" encoding="utf-8"?><testsuites name="pytest tests"><testsuite name="pytest" errors="0" failures="0" skipped="0" tests="5" time="2.018" timestamp="2026-05-14T11:02:44.201054+00:00" hostname="agent-env-d63e2092-11de-402a-b6bc-93ac6ac15c8c"><testcase classname="backend.tests.test_iteration168_showtime_hard_delete.TestFilmShowtimesPublic" name="test_olympus_showtimes_returns_200_and_at_least_21" time="0.124" /><testcase classname="backend.tests.test_iteration168_showtime_hard_delete.TestFilmShowtimesPublic" name="test_all_ids_are_strings_no_objectid_leak" time="0.116" /><testcase classname="backend.tests.test_iteration168_showtime_hard_delete.TestFilmShowtimesPublic" name="test_unknown_film_returns_404" time="0.113" /><testcase classname="backend.tests.test_iteration168_showtime_hard_delete.TestShowtimeHardDelete" name="test_hard_delete_removes_from_all_listings" time="1.162" /><testcase classname="backend.tests.test_iteration168_showtime_hard_delete.TestShowtimeHardDelete" name="test_delete_refused_when_active_booking_exists" time="0.434" /></testsuite></testsuites>