<?xml version="1.0" encoding="utf-8"?><testsuites name="pytest tests"><testsuite name="pytest" errors="0" failures="0" skipped="0" tests="11" time="3.508" timestamp="2026-04-21T05:57:06.741631+00:00" hostname="agent-env-998fa2df-f126-4d83-bfb1-ade2e3a591a1"><testcase classname="tests.test_iteration122_users_operator_showtimes.TestUsersCreateOperator" name="test_reject_operator_without_operator_id" time="0.803" /><testcase classname="tests.test_iteration122_users_operator_showtimes.TestUsersCreateOperator" name="test_reject_operator_with_unknown_operator_id" time="0.346" /><testcase classname="tests.test_iteration122_users_operator_showtimes.TestUsersCreateOperator" name="test_create_operator_success_and_persisted" time="0.459" /><testcase classname="tests.test_iteration122_users_operator_showtimes.TestUsersListEnrichment" name="test_list_users_enriches_operator_name" time="0.102" /><testcase classname="tests.test_iteration122_users_operator_showtimes.TestShowtimesOperatorList" name="test_admin_sees_showtimes_with_id_field" time="0.107" /><testcase classname="tests.test_iteration122_users_operator_showtimes.TestShowtimesOperatorList" name="test_operator_sees_only_own_showtimes" time="0.454" /><testcase classname="tests.test_iteration122_users_operator_showtimes.TestShowtimeCRUD" name="test_create_showtime_body" time="0.215" /><testcase classname="tests.test_iteration122_users_operator_showtimes.TestShowtimeCRUD" name="test_update_showtime" time="0.217" /><testcase classname="tests.test_iteration122_users_operator_showtimes.TestShowtimeCRUD" name="test_delete_showtime_soft" time="0.110" /><testcase classname="tests.test_iteration122_users_operator_showtimes.TestShowtimeCRUD" name="test_delete_unknown_showtime_returns_404" time="0.108" /><testcase classname="tests.test_iteration122_users_operator_showtimes.TestShowtimeDeleteBlockedByBooking" name="test_delete_blocked_when_active_booking" time="0.518" /></testsuite></testsuites>