<?xml version="1.0" encoding="utf-8"?><testsuites name="pytest tests"><testsuite name="pytest" errors="0" failures="0" skipped="0" tests="19" time="3.022" timestamp="2026-06-18T17:24:50.490247+00:00" hostname="agent-env-d63e2092-11de-402a-b6bc-93ac6ac15c8c"><testcase classname="backend.tests.test_iter251_city_filter_and_search_scope.TestCarRentalCityFilter" name="test_no_city_returns_all" time="0.293" /><testcase classname="backend.tests.test_iter251_city_filter_and_search_scope.TestCarRentalCityFilter" name="test_city_douala_only" time="0.140" /><testcase classname="backend.tests.test_iter251_city_filter_and_search_scope.TestCarRentalCityFilter" name="test_city_yaounde_accent_insensitive" time="0.144" /><testcase classname="backend.tests.test_iter251_city_filter_and_search_scope.TestCarRentalCityFilter" name="test_lowercase_city" time="0.104" /><testcase classname="backend.tests.test_iter251_city_filter_and_search_scope" name="test_accent_insensitive_city_other_services[/api/hotels/?city=Yaounde-hotels]" time="0.133" /><testcase classname="backend.tests.test_iter251_city_filter_and_search_scope" name="test_accent_insensitive_city_other_services[/api/restaurants/?city=Yaounde-restaurants]" time="0.141" /><testcase classname="backend.tests.test_iter251_city_filter_and_search_scope" name="test_accent_insensitive_city_other_services[/api/banquets/?city=Yaounde-banquets]" time="0.108" /><testcase classname="backend.tests.test_iter251_city_filter_and_search_scope" name="test_accent_insensitive_city_other_services[/api/pressing/?city=Yaounde-pressings]" time="0.134" /><testcase classname="backend.tests.test_iter251_city_filter_and_search_scope.TestSearchServiceTypeScope" name="test_unscoped_search_returns_results" time="0.560" /><testcase classname="backend.tests.test_iter251_city_filter_and_search_scope.TestSearchServiceTypeScope" name="test_scoped_search_filters_types[hotel-allowed0]" time="0.112" /><testcase classname="backend.tests.test_iter251_city_filter_and_search_scope.TestSearchServiceTypeScope" name="test_scoped_search_filters_types[car_rental-allowed1]" time="0.123" /><testcase classname="backend.tests.test_iter251_city_filter_and_search_scope.TestSearchServiceTypeScope" name="test_scoped_search_filters_types[restaurant-allowed2]" time="0.106" /><testcase classname="backend.tests.test_iter251_city_filter_and_search_scope.TestSearchServiceTypeScope" name="test_scoped_search_filters_types[travel-allowed3]" time="0.113" /><testcase classname="backend.tests.test_iter251_city_filter_and_search_scope.TestSearchServiceTypeScope" name="test_scoped_search_filters_types[event-allowed4]" time="0.117" /><testcase classname="backend.tests.test_iter251_city_filter_and_search_scope.TestSearchServiceTypeScope" name="test_scoped_search_filters_types[cinema-allowed5]" time="0.172" /><testcase classname="backend.tests.test_iter251_city_filter_and_search_scope.TestSearchServiceTypeScope" name="test_scoped_search_filters_types[banquet-allowed6]" time="0.111" /><testcase classname="backend.tests.test_iter251_city_filter_and_search_scope.TestSearchServiceTypeScope" name="test_scoped_search_filters_types[laundry-allowed7]" time="0.110" /><testcase classname="backend.tests.test_iter251_city_filter_and_search_scope.TestSearchServiceTypeScope" name="test_hotel_scope_excludes_cars" time="0.107" /><testcase classname="backend.tests.test_iter251_city_filter_and_search_scope.TestSearchServiceTypeScope" name="test_search_requires_auth" time="0.116" /></testsuite></testsuites>