<?xml version="1.0" encoding="utf-8"?><testsuites name="pytest tests"><testsuite name="pytest" errors="0" failures="0" skipped="0" tests="13" time="2.426" timestamp="2026-04-17T22:22:25.010262+00:00" hostname="agent-env-63832dfb-71cf-4fdd-8e20-8b0ec1300386"><testcase classname="backend.tests.test_iteration104_suggestions_api.TestSuggestionsPopularLocations" name="test_popular_locations_all_services" time="0.286" /><testcase classname="backend.tests.test_iteration104_suggestions_api.TestSuggestionsPopularLocations" name="test_popular_locations_travel_service" time="0.159" /><testcase classname="backend.tests.test_iteration104_suggestions_api.TestSuggestionsPopularLocations" name="test_popular_locations_restaurant_service" time="0.238" /><testcase classname="backend.tests.test_iteration104_suggestions_api.TestSuggestionsPopularLocations" name="test_popular_locations_hotel_service" time="0.170" /><testcase classname="backend.tests.test_iteration104_suggestions_api.TestSuggestionsPopularLocations" name="test_popular_locations_packages_service" time="0.266" /><testcase classname="backend.tests.test_iteration104_suggestions_api.TestSuggestionsPopularLocations" name="test_popular_locations_fallback_cities" time="0.138" /><testcase classname="backend.tests.test_iteration104_suggestions_api.TestSuggestionsPopularItems" name="test_popular_items_restaurant" time="0.145" /><testcase classname="backend.tests.test_iteration104_suggestions_api.TestSuggestionsPopularItems" name="test_popular_items_travel" time="0.134" /><testcase classname="backend.tests.test_iteration104_suggestions_api.TestSuggestionsPopularItems" name="test_popular_items_hotel" time="0.134" /><testcase classname="backend.tests.test_iteration104_suggestions_api.TestSuggestionsPopularItems" name="test_popular_items_with_limit" time="0.156" /><testcase classname="backend.tests.test_iteration104_suggestions_api.TestSuggestionsPopularItems" name="test_popular_items_no_service_type" time="0.110" /><testcase classname="backend.tests.test_iteration104_suggestions_api.TestSuggestionsDataIntegrity" name="test_locations_ranked_by_count" time="0.173" /><testcase classname="backend.tests.test_iteration104_suggestions_api.TestSuggestionsDataIntegrity" name="test_different_service_types_return_different_data" time="0.234" /></testsuite></testsuites>