<?xml version="1.0" encoding="utf-8"?><testsuites name="pytest tests"><testsuite name="pytest" errors="0" failures="0" skipped="0" tests="17" time="8.261" timestamp="2026-03-10T17:19:08.893845+00:00" hostname="agent-env-188d717f-0cf7-4d0a-9332-a3a423ecdc68"><testcase classname="backend.tests.test_iteration74_subscription_alerts.TestSubscriptionAlerts" name="test_alerts_endpoint_exists" time="0.210" /><testcase classname="backend.tests.test_iteration74_subscription_alerts.TestSubscriptionAlerts" name="test_operator_can_send_alert_to_subscribers" time="0.429" /><testcase classname="backend.tests.test_iteration74_subscription_alerts.TestSubscriptionAlerts" name="test_operator_can_send_alert_to_specific_user" time="0.429" /><testcase classname="backend.tests.test_iteration74_subscription_alerts.TestSubscriptionAlerts" name="test_promotions_created_with_pending_status" time="0.455" /><testcase classname="backend.tests.test_iteration74_subscription_alerts.TestSubscriptionAlerts" name="test_get_promotions_returns_pending_count" time="0.416" /><testcase classname="backend.tests.test_iteration74_subscription_alerts.TestSubscriptionAlerts" name="test_admin_can_approve_promotion" time="0.873" /><testcase classname="backend.tests.test_iteration74_subscription_alerts.TestSubscriptionAlerts" name="test_admin_can_reject_promotion" time="0.787" /><testcase classname="backend.tests.test_iteration74_subscription_alerts.TestSubscriptionAlerts" name="test_non_admin_cannot_approve_promotion" time="0.445" /><testcase classname="backend.tests.test_iteration74_subscription_alerts.TestEventsManagementTabs" name="test_events_endpoint_exists" time="0.492" /><testcase classname="backend.tests.test_iteration74_subscription_alerts.TestRatingsEndpoints" name="test_ratings_all_endpoint" time="0.434" /><testcase classname="backend.tests.test_iteration74_subscription_alerts.TestRatingsEndpoints" name="test_moderation_queue_endpoint" time="0.510" /><testcase classname="backend.tests.test_iteration74_subscription_alerts.TestRatingsEndpoints" name="test_moderation_audit_endpoint" time="0.479" /><testcase classname="backend.tests.test_iteration74_subscription_alerts.TestRatingsEndpoints" name="test_export_ratings_endpoint" time="0.482" /><testcase classname="backend.tests.test_iteration74_subscription_alerts.TestSubscribeButtonVisibility" name="test_subscription_check_endpoint_works_for_admin" time="0.483" /><testcase classname="backend.tests.test_iteration74_subscription_alerts.TestSubscribeButtonVisibility" name="test_subscription_check_endpoint_works_for_customer" time="0.424" /><testcase classname="backend.tests.test_iteration74_subscription_alerts.TestSubscribeButtonVisibility" name="test_subscribe_endpoint_works_for_customer" time="0.395" /><testcase classname="backend.tests.test_iteration74_subscription_alerts.TestSubscribeButtonVisibility" name="test_subscribe_endpoint_works_for_admin" time="0.443" /></testsuite></testsuites>