<?xml version="1.0" encoding="utf-8"?><testsuites name="pytest tests"><testsuite name="pytest" errors="0" failures="0" skipped="0" tests="9" time="2.263" timestamp="2026-04-12T16:47:22.567640+00:00" hostname="agent-env-9fc03400-4fa8-4dcc-9e22-88e69f805480"><testcase classname="backend.tests.test_iteration86_ticket_scanner.TestTicketValidation" name="test_validate_own_ticket_returns_valid_true" time="0.647" /><testcase classname="backend.tests.test_iteration86_ticket_scanner.TestTicketValidation" name="test_validate_other_operator_ticket_returns_valid_false" time="0.148" /><testcase classname="backend.tests.test_iteration86_ticket_scanner.TestTicketValidation" name="test_validate_nonexistent_ticket_returns_valid_false" time="0.114" /><testcase classname="backend.tests.test_iteration86_ticket_scanner.TestTicketValidation" name="test_admin_can_validate_any_ticket" time="0.508" /><testcase classname="backend.tests.test_iteration86_ticket_scanner.TestTicketCheckIn" name="test_checkin_confirmed_paid_ticket_succeeds" time="0.135" /><testcase classname="backend.tests.test_iteration86_ticket_scanner.TestTicketCheckIn" name="test_double_checkin_rejected" time="0.242" /><testcase classname="backend.tests.test_iteration86_ticket_scanner.TestTicketCheckIn" name="test_checkin_completed_ticket_rejected" time="0.143" /><testcase classname="backend.tests.test_iteration86_ticket_scanner.TestTicketCheckIn" name="test_checkin_other_operator_ticket_rejected" time="0.121" /><testcase classname="backend.tests.test_iteration86_ticket_scanner.TestTicketCheckIn" name="test_checkin_nonexistent_ticket_returns_404" time="0.129" /></testsuite></testsuites>