<?xml version="1.0" encoding="utf-8"?><testsuites name="pytest tests"><testsuite name="pytest" errors="3" failures="2" skipped="1" tests="42" time="4.838" timestamp="2026-02-12T13:10:57.567686+00:00" hostname="agent-env-fbc51eb8-af76-44a8-aede-725cf9740c12"><testcase classname="tests.test_permissions_iteration48.TestRestaurantPermissions" name="test_admin_can_create_restaurant" time="1.775" /><testcase classname="tests.test_permissions_iteration48.TestRestaurantPermissions" name="test_customer_cannot_create_restaurant" time="0.041" /><testcase classname="tests.test_permissions_iteration48.TestCinemaPermissions" name="test_admin_can_create_cinema" time="0.046" /><testcase classname="tests.test_permissions_iteration48.TestCinemaPermissions" name="test_customer_cannot_create_cinema" time="0.078" /><testcase classname="tests.test_permissions_iteration48.TestTravelPermissions" name="test_admin_can_create_travel_route" time="0.047" /><testcase classname="tests.test_permissions_iteration48.TestTravelPermissions" name="test_customer_cannot_create_travel_route" time="0.037" /><testcase classname="tests.test_permissions_iteration48.TestBanquetPermissions" name="test_admin_can_create_banquet" time="0.045"><failure message="AssertionError: Admin should create banquet: {&quot;detail&quot;:[{&quot;type&quot;:&quot;missing&quot;,&quot;loc&quot;:[&quot;body&quot;,&quot;venue_type&quot;],&quot;msg&quot;:&quot;Field required&quot;,&quot;input&quot;:{&quot;name&quot;:&quot;TEST_Banquet_Admin&quot;,&quot;city&quot;:&quot;Yaoundé&quot;,&quot;address&quot;:&quot;Banquet Hall&quot;,&quot;capacity_min&quot;:50,&quot;capacity_max&quot;:500}},{&quot;type&quot;:&quot;missing&quot;,&quot;loc&quot;:[&quot;body&quot;,&quot;base_price&quot;],&quot;msg&quot;:&quot;Field required&quot;,&quot;input&quot;:{&quot;name&quot;:&quot;TEST_Banquet_Admin&quot;,&quot;city&quot;:&quot;Yaoundé&quot;,&quot;address&quot;:&quot;Banquet Hall&quot;,&quot;capacity_min&quot;:50,&quot;capacity_max&quot;:500}}]}&#10;assert 422 in [200, 201]&#10; +  where 422 = &lt;Response [422]&gt;.status_code">tests/test_permissions_iteration48.py:197: in test_admin_can_create_banquet
    assert response.status_code in [200, 201], f"Admin should create banquet: {response.text}"
E   AssertionError: Admin should create banquet: {"detail":[{"type":"missing","loc":["body","venue_type"],"msg":"Field required","input":{"name":"TEST_Banquet_Admin","city":"Yaoundé","address":"Banquet Hall","capacity_min":50,"capacity_max":500}},{"type":"missing","loc":["body","base_price"],"msg":"Field required","input":{"name":"TEST_Banquet_Admin","city":"Yaoundé","address":"Banquet Hall","capacity_min":50,"capacity_max":500}}]}
E   assert 422 in [200, 201]
E    +  where 422 = &lt;Response [422]&gt;.status_code</failure></testcase><testcase classname="tests.test_permissions_iteration48.TestBanquetPermissions" name="test_customer_cannot_create_banquet" time="0.036" /><testcase classname="tests.test_permissions_iteration48.TestPressingPermissions" name="test_admin_can_create_pressing" time="0.042" /><testcase classname="tests.test_permissions_iteration48.TestPressingPermissions" name="test_customer_cannot_create_pressing" time="0.037" /><testcase classname="tests.test_permissions_iteration48.TestPackagesPermissions" name="test_admin_can_create_package" time="0.042"><failure message="AssertionError: Admin should create package: {&quot;detail&quot;:[{&quot;type&quot;:&quot;missing&quot;,&quot;loc&quot;:[&quot;body&quot;,&quot;package_type&quot;],&quot;msg&quot;:&quot;Field required&quot;,&quot;input&quot;:{&quot;name&quot;:&quot;TEST_Package_Admin&quot;,&quot;destination&quot;:&quot;Beach Resort&quot;,&quot;base_price&quot;:100000,&quot;duration_days&quot;:3}},{&quot;type&quot;:&quot;missing&quot;,&quot;loc&quot;:[&quot;body&quot;,&quot;duration_nights&quot;],&quot;msg&quot;:&quot;Field required&quot;,&quot;input&quot;:{&quot;name&quot;:&quot;TEST_Package_Admin&quot;,&quot;destination&quot;:&quot;Beach Resort&quot;,&quot;base_price&quot;:100000,&quot;duration_days&quot;:3}}]}&#10;assert 422 in [200, 201]&#10; +  where 422 = &lt;Response [422]&gt;.status_code">tests/test_permissions_iteration48.py:278: in test_admin_can_create_package
    assert response.status_code in [200, 201], f"Admin should create package: {response.text}"
E   AssertionError: Admin should create package: {"detail":[{"type":"missing","loc":["body","package_type"],"msg":"Field required","input":{"name":"TEST_Package_Admin","destination":"Beach Resort","base_price":100000,"duration_days":3}},{"type":"missing","loc":["body","duration_nights"],"msg":"Field required","input":{"name":"TEST_Package_Admin","destination":"Beach Resort","base_price":100000,"duration_days":3}}]}
E   assert 422 in [200, 201]
E    +  where 422 = &lt;Response [422]&gt;.status_code</failure></testcase><testcase classname="tests.test_permissions_iteration48.TestPackagesPermissions" name="test_customer_cannot_create_package" time="0.035" /><testcase classname="tests.test_permissions_iteration48.TestEventsNewEndpoints" name="test_admin_can_update_event" time="0.001"><error message="failed on setup with &quot;Failed: ScopeMismatch: You tried to access the function scoped fixture api_client with a class scoped request object. Requesting fixture stack:&#10;tests/test_permissions_iteration48.py:304:  def test_event(api_client, auth_tokens)&#10;Requested fixture:&#10;tests/test_permissions_iteration48.py:37:  def api_client()&quot;">ScopeMismatch: You tried to access the function scoped fixture api_client with a class scoped request object. Requesting fixture stack:
tests/test_permissions_iteration48.py:304:  def test_event(api_client, auth_tokens)
Requested fixture:
tests/test_permissions_iteration48.py:37:  def api_client()</error></testcase><testcase classname="tests.test_permissions_iteration48.TestEventsNewEndpoints" name="test_customer_cannot_update_event" time="0.000"><error message="failed on setup with &quot;Failed: ScopeMismatch: You tried to access the function scoped fixture api_client with a class scoped request object. Requesting fixture stack:&#10;tests/test_permissions_iteration48.py:304:  def test_event(api_client, auth_tokens)&#10;Requested fixture:&#10;tests/test_permissions_iteration48.py:37:  def api_client()&quot;">ScopeMismatch: You tried to access the function scoped fixture api_client with a class scoped request object. Requesting fixture stack:
tests/test_permissions_iteration48.py:304:  def test_event(api_client, auth_tokens)
Requested fixture:
tests/test_permissions_iteration48.py:37:  def api_client()</error></testcase><testcase classname="tests.test_permissions_iteration48.TestEventsNewEndpoints" name="test_admin_can_delete_event" time="0.056" /><testcase classname="tests.test_permissions_iteration48.TestEventsNewEndpoints" name="test_customer_cannot_delete_event" time="0.001"><error message="failed on setup with &quot;Failed: ScopeMismatch: You tried to access the function scoped fixture api_client with a class scoped request object. Requesting fixture stack:&#10;tests/test_permissions_iteration48.py:304:  def test_event(api_client, auth_tokens)&#10;Requested fixture:&#10;tests/test_permissions_iteration48.py:37:  def api_client()&quot;">ScopeMismatch: You tried to access the function scoped fixture api_client with a class scoped request object. Requesting fixture stack:
tests/test_permissions_iteration48.py:304:  def test_event(api_client, auth_tokens)
Requested fixture:
tests/test_permissions_iteration48.py:37:  def api_client()</error></testcase><testcase classname="tests.test_permissions_iteration48.TestOrdersNewEndpoints" name="test_admin_can_update_order" time="0.098" /><testcase classname="tests.test_permissions_iteration48.TestOrdersNewEndpoints" name="test_customer_cannot_update_order" time="0.084" /><testcase classname="tests.test_permissions_iteration48.TestOrdersNewEndpoints" name="test_admin_can_process_order" time="0.079"><skipped type="pytest.skip" message="No pending orders found to test process">/app/backend/tests/test_permissions_iteration48.py:474: No pending orders found to test process</skipped></testcase><testcase classname="tests.test_permissions_iteration48.TestOrdersNewEndpoints" name="test_customer_cannot_process_order" time="0.091" /><testcase classname="tests.test_permissions_iteration48.TestActivityLogPermissions" name="test_admin_can_view_activity_logs" time="0.047" /><testcase classname="tests.test_permissions_iteration48.TestActivityLogPermissions" name="test_customer_cannot_view_activity_logs" time="0.036" /><testcase classname="tests.test_permissions_iteration48.TestActivityLogPermissions" name="test_super_admin_can_export_activity_logs" time="0.077" /><testcase classname="tests.test_permissions_iteration48.TestActivityLogPermissions" name="test_admin_can_export_activity_logs" time="0.035" /><testcase classname="tests.test_permissions_iteration48.TestActivityLogPermissions" name="test_customer_cannot_export_activity_logs" time="0.078" /><testcase classname="tests.test_permissions_iteration48.TestUserPermissions" name="test_admin_can_view_users" time="0.040" /><testcase classname="tests.test_permissions_iteration48.TestUserPermissions" name="test_customer_cannot_view_users_list" time="0.034" /><testcase classname="tests.test_permissions_iteration48.TestUserPermissions" name="test_admin_can_create_user" time="0.284" /><testcase classname="tests.test_permissions_iteration48.TestUserPermissions" name="test_customer_cannot_create_user" time="0.038" /><testcase classname="tests.test_permissions_iteration48.TestEmployeesPermissions" name="test_admin_can_view_employees" time="0.036" /><testcase classname="tests.test_permissions_iteration48.TestEmployeesPermissions" name="test_customer_cannot_view_employees" time="0.045" /><testcase classname="tests.test_permissions_iteration48.TestLoyaltyAdminPermissions" name="test_admin_can_view_loyalty_stats" time="0.040" /><testcase classname="tests.test_permissions_iteration48.TestLoyaltyAdminPermissions" name="test_customer_cannot_view_loyalty_admin_stats" time="0.037" /><testcase classname="tests.test_permissions_iteration48.TestLoyaltyAdminPermissions" name="test_super_admin_can_create_reward" time="0.042" /><testcase classname="tests.test_permissions_iteration48.TestLoyaltyAdminPermissions" name="test_customer_cannot_create_reward" time="0.037" /><testcase classname="tests.test_permissions_iteration48.TestPromoCodesPermissions" name="test_admin_can_view_promo_codes" time="0.083" /><testcase classname="tests.test_permissions_iteration48.TestPromoCodesPermissions" name="test_customer_cannot_view_promo_codes" time="0.036" /><testcase classname="tests.test_permissions_iteration48.TestPromoCodesPermissions" name="test_admin_can_create_promo_code" time="0.053" /><testcase classname="tests.test_permissions_iteration48.TestPromoCodesPermissions" name="test_customer_cannot_create_promo_code" time="0.039" /><testcase classname="tests.test_permissions_iteration48.TestLoginEndpoints" name="test_super_admin_login" time="0.289" /><testcase classname="tests.test_permissions_iteration48.TestLoginEndpoints" name="test_admin_login" time="0.282" /><testcase classname="tests.test_permissions_iteration48.TestLoginEndpoints" name="test_customer_login" time="0.321" /></testsuite></testsuites>