<?xml version="1.0" encoding="utf-8"?><testsuites name="pytest tests"><testsuite name="pytest" errors="0" failures="2" skipped="0" tests="18" time="5.495" timestamp="2026-02-12T19:08:25.981293+00:00" hostname="agent-env-4ab7d590-fbf2-40b0-b465-7e46104d7f4f"><testcase classname="backend.tests.test_p2_websockets_p3_invitations.TestP3InvitationsAPI" name="test_send_invitation_as_admin" time="0.395" /><testcase classname="backend.tests.test_p2_websockets_p3_invitations.TestP3InvitationsAPI" name="test_send_invitation_as_customer_forbidden" time="0.326" /><testcase classname="backend.tests.test_p2_websockets_p3_invitations.TestP3InvitationsAPI" name="test_validate_invitation_token" time="0.362" /><testcase classname="backend.tests.test_p2_websockets_p3_invitations.TestP3InvitationsAPI" name="test_validate_invalid_token" time="0.036" /><testcase classname="backend.tests.test_p2_websockets_p3_invitations.TestP3InvitationsAPI" name="test_accept_invitation_full_flow" time="0.972"><failure message="AssertionError: Login failed: Internal Server Error&#10;assert 520 == 200&#10; +  where 520 = &lt;Response [520]&gt;.status_code">backend/tests/test_p2_websockets_p3_invitations.py:179: in test_accept_invitation_full_flow
    assert login_response.status_code == 200, f"Login failed: {login_response.text}"
E   AssertionError: Login failed: Internal Server Error
E   assert 520 == 200
E    +  where 520 = &lt;Response [520]&gt;.status_code</failure></testcase><testcase classname="backend.tests.test_p2_websockets_p3_invitations.TestP3InvitationsAPI" name="test_list_invitations" time="0.327" /><testcase classname="backend.tests.test_p2_websockets_p3_invitations.TestP3InvitationsAPI" name="test_list_invitations_with_filter" time="0.324" /><testcase classname="backend.tests.test_p2_websockets_p3_invitations.TestP3InvitationsAPI" name="test_revoke_invitation" time="0.406" /><testcase classname="backend.tests.test_p2_websockets_p3_invitations.TestP3InvitationsAPI" name="test_send_duplicate_invitation_blocked" time="0.367"><failure message="AssertionError: Expected 400 for duplicate, got 200&#10;assert 200 == 400&#10; +  where 200 = &lt;Response [200]&gt;.status_code">backend/tests/test_p2_websockets_p3_invitations.py:264: in test_send_duplicate_invitation_blocked
    assert response2.status_code == 400, f"Expected 400 for duplicate, got {response2.status_code}"
E   AssertionError: Expected 400 for duplicate, got 200
E   assert 200 == 400
E    +  where 200 = &lt;Response [200]&gt;.status_code</failure></testcase><testcase classname="backend.tests.test_p2_websockets_p3_invitations.TestP2WebSocketSeats" name="test_websocket_connects_and_receives_snapshot" time="0.053" /><testcase classname="backend.tests.test_p2_websockets_p3_invitations.TestP2WebSocketSeats" name="test_websocket_ping_pong" time="0.041" /><testcase classname="backend.tests.test_p2_websockets_p3_invitations.TestP2WebSocketSeats" name="test_websocket_refresh_action" time="0.049" /><testcase classname="backend.tests.test_p2_websockets_p3_invitations.TestSeatBookingRealTimeIntegration" name="test_seat_availability_endpoint" time="0.353" /><testcase classname="backend.tests.test_p2_websockets_p3_invitations.TestSeatBookingRealTimeIntegration" name="test_seat_reserve_endpoint" time="0.371" /><testcase classname="backend.tests.test_p2_websockets_p3_invitations.TestSeatBookingRealTimeIntegration" name="test_seat_release_endpoint" time="0.353" /><testcase classname="backend.tests.test_p2_websockets_p3_invitations.TestHealthEndpoints" name="test_api_health" time="0.037" /><testcase classname="backend.tests.test_p2_websockets_p3_invitations.TestHealthEndpoints" name="test_admin_login" time="0.287" /><testcase classname="backend.tests.test_p2_websockets_p3_invitations.TestHealthEndpoints" name="test_customer_login" time="0.307" /></testsuite></testsuites>