<?xml version="1.0" encoding="utf-8"?><testsuites name="pytest tests"><testsuite name="pytest" errors="0" failures="0" skipped="0" tests="15" time="5.014" timestamp="2026-01-10T15:07:04.757364+00:00" hostname="agent-env-5233499c-2021-4e8e-9dde-5ea91d5389e6"><testcase classname="tests.test_operator_scoped_features.TestOperatorAuthentication" name="test_operator_login" time="0.307" /><testcase classname="tests.test_operator_scoped_features.TestOperatorRoutesCRUD" name="test_operator_create_route" time="0.298" /><testcase classname="tests.test_operator_scoped_features.TestOperatorRoutesCRUD" name="test_operator_view_my_routes" time="0.282" /><testcase classname="tests.test_operator_scoped_features.TestOperatorRoutesCRUD" name="test_operator_update_route" time="0.323" /><testcase classname="tests.test_operator_scoped_features.TestOperatorRoutesCRUD" name="test_operator_delete_route" time="0.308" /><testcase classname="tests.test_operator_scoped_features.TestOperatorVehiclesCRUD" name="test_operator_create_vehicle" time="0.325" /><testcase classname="tests.test_operator_scoped_features.TestOperatorVehiclesCRUD" name="test_operator_view_vehicles" time="0.283" /><testcase classname="tests.test_operator_scoped_features.TestOperatorVehiclesCRUD" name="test_operator_update_vehicle" time="0.315" /><testcase classname="tests.test_operator_scoped_features.TestOperatorVehiclesCRUD" name="test_operator_delete_vehicle" time="0.299" /><testcase classname="tests.test_operator_scoped_features.TestOperatorAnalytics" name="test_analytics_overview_endpoint" time="0.290" /><testcase classname="tests.test_operator_scoped_features.TestOperatorAnalytics" name="test_operator_dashboard_endpoint" time="0.288" /><testcase classname="tests.test_operator_scoped_features.TestDataIsolation" name="test_admin_sees_all_routes" time="0.330" /><testcase classname="tests.test_operator_scoped_features.TestDataIsolation" name="test_operator_routes_are_scoped" time="0.619" /><testcase classname="tests.test_operator_scoped_features.TestCleanup" name="test_cleanup_test_routes" time="0.342" /><testcase classname="tests.test_operator_scoped_features.TestCleanup" name="test_cleanup_test_vehicles" time="0.304" /></testsuite></testsuites>