<?xml version="1.0" encoding="utf-8"?><testsuites name="pytest tests"><testsuite name="pytest" errors="0" failures="0" skipped="0" tests="9" time="2.699" timestamp="2026-04-17T23:32:01.788418+00:00" hostname="agent-env-6e645bf6-80c2-4686-a0e3-15d6949d3aac"><testcase classname="backend.tests.test_iteration106_menu_item_fixes.TestMenuItemImagesField" name="test_create_menu_item_with_images_array" time="0.906" /><testcase classname="backend.tests.test_iteration106_menu_item_fixes.TestMenuItemImagesField" name="test_update_menu_item_images" time="0.403" /><testcase classname="backend.tests.test_iteration106_menu_item_fixes.TestMenuItemIngredientsField" name="test_create_menu_item_with_ingredients_array" time="0.254" /><testcase classname="backend.tests.test_iteration106_menu_item_fixes.TestMenuItemIngredientsField" name="test_update_menu_item_ingredients" time="0.231" /><testcase classname="backend.tests.test_iteration106_menu_item_fixes.TestPopularFlagAutoDerivation" name="test_menu_item_create_ignores_popular_field" time="0.122" /><testcase classname="backend.tests.test_iteration106_menu_item_fixes.TestPopularFlagAutoDerivation" name="test_demo_data_popular_items_are_highest_priced" time="0.107" /><testcase classname="backend.tests.test_iteration106_menu_item_fixes.TestPopularFlagAutoDerivation" name="test_menu_response_includes_popular_field" time="0.107" /><testcase classname="backend.tests.test_iteration106_menu_item_fixes.TestMenuItemUpdateSchema" name="test_update_menu_item_without_popular" time="0.266" /><testcase classname="backend.tests.test_iteration106_menu_item_fixes.TestMenuItemCreateSchema" name="test_create_menu_item_schema_fields" time="0.239" /></testsuite></testsuites>