<?xml version="1.0" encoding="utf-8"?><testsuites name="pytest tests"><testsuite name="pytest" errors="0" failures="1" skipped="0" tests="9" time="2.932" timestamp="2026-02-12T03:31:24.743099+00:00" hostname="agent-env-3a33d7eb-3889-4307-af8c-7fc8735c5d4c"><testcase classname="backend.tests.test_iteration41_cascade.TestCascadeBehaviors" name="test_employee_status_sync_to_user" time="0.903" /><testcase classname="backend.tests.test_iteration41_cascade.TestCascadeBehaviors" name="test_employee_delete_cascade_pod_membership" time="0.360"><failure message="AssertionError: Failed to add member to pod: {&quot;detail&quot;:[{&quot;type&quot;:&quot;enum&quot;,&quot;loc&quot;:[&quot;body&quot;,&quot;pod_role&quot;],&quot;msg&quot;:&quot;Input should be 'team_lead', 'bdr', 'csm', 'technician' or 'support_agent'&quot;,&quot;input&quot;:&quot;member&quot;,&quot;ctx&quot;:{&quot;expected&quot;:&quot;'team_lead', 'bdr', 'csm', 'technician' or 'support_agent'&quot;}}]}&#10;assert 422 == 200&#10; +  where 422 = &lt;Response [422]&gt;.status_code">backend/tests/test_iteration41_cascade.py:165: in test_employee_delete_cascade_pod_membership
    assert add_member_response.status_code == 200, f"Failed to add member to pod: {add_member_response.text}"
E   AssertionError: Failed to add member to pod: {"detail":[{"type":"enum","loc":["body","pod_role"],"msg":"Input should be 'team_lead', 'bdr', 'csm', 'technician' or 'support_agent'","input":"member","ctx":{"expected":"'team_lead', 'bdr', 'csm', 'technician' or 'support_agent'"}}]}
E   assert 422 == 200
E    +  where 422 = &lt;Response [422]&gt;.status_code</failure></testcase><testcase classname="backend.tests.test_iteration41_cascade.TestCascadeBehaviors" name="test_user_delete_cascade" time="0.467" /><testcase classname="backend.tests.test_iteration41_cascade.TestCascadeBehaviors" name="test_employee_status_enum_includes_suspended" time="0.000" /><testcase classname="backend.tests.test_iteration41_cascade.TestCascadeBehaviors" name="test_cascade_functions_exist" time="0.000" /><testcase classname="backend.tests.test_iteration41_cascade.TestCascadeBehaviors" name="test_employee_routes_use_cascade" time="0.000" /><testcase classname="backend.tests.test_iteration41_cascade.TestCascadeBehaviors" name="test_user_routes_use_cascade" time="0.000" /><testcase classname="backend.tests.test_iteration41_cascade.TestStatusMappings" name="test_status_mapping_terminated" time="0.713" /><testcase classname="backend.tests.test_iteration41_cascade.TestStatusMappings" name="test_status_mapping_on_leave" time="0.391" /></testsuite></testsuites>