<?xml version="1.0" encoding="utf-8"?><testsuites name="pytest tests"><testsuite name="pytest" errors="0" failures="0" skipped="0" tests="8" time="4.773" timestamp="2026-03-11T09:20:15.914422+00:00" hostname="agent-env-55f476a8-353f-444c-a246-a3d58270f9ae"><testcase classname="backend.tests.test_iteration80_deeplink.TestDeepLinkingAlerts" name="test_operator_alert_creates_notification_with_alert_id" time="1.033" /><testcase classname="backend.tests.test_iteration80_deeplink.TestDeepLinkingAlerts" name="test_alert_notification_type_is_operator_alert" time="0.921" /><testcase classname="backend.tests.test_iteration80_deeplink.TestDeepLinkingAlerts" name="test_user_alerts_endpoint_returns_alert_with_id" time="0.456" /><testcase classname="backend.tests.test_iteration80_deeplink.TestDeepLinkingAlerts" name="test_existing_alert_can_be_retrieved" time="0.456" /><testcase classname="backend.tests.test_iteration80_deeplink.TestNotificationContextFields" name="test_notifications_endpoint_returns_alert_id_for_operator_alerts" time="0.466" /><testcase classname="backend.tests.test_iteration80_deeplink.TestNotificationContextFields" name="test_notification_action_urls_for_different_types" time="0.449" /><testcase classname="backend.tests.test_iteration80_deeplink.TestSubscriptionCheck" name="test_customer_subscription_check" time="0.469" /><testcase classname="backend.tests.test_iteration80_deeplink.TestSubscriptionCheck" name="test_customer_subscriptions_list" time="0.451" /></testsuite></testsuites>