<?xml version="1.0" encoding="utf-8"?><testsuites name="pytest tests"><testsuite name="pytest" errors="0" failures="0" skipped="0" tests="12" time="7.060" timestamp="2026-03-10T17:39:45.216527+00:00" hostname="agent-env-188d717f-0cf7-4d0a-9332-a3a423ecdc68"><testcase classname="backend.tests.test_iteration75_promotion_validation.TestPromotionValidationEndpoints" name="test_validation_pending_returns_promotions" time="0.549" /><testcase classname="backend.tests.test_iteration75_promotion_validation.TestPromotionValidationEndpoints" name="test_validation_pending_requires_auth" time="0.119" /><testcase classname="backend.tests.test_iteration75_promotion_validation.TestPromotionValidationEndpoints" name="test_promotion_creation_sends_admin_notification" time="0.565" /><testcase classname="backend.tests.test_iteration75_promotion_validation.TestPromotionValidationEndpoints" name="test_validation_approve_promotion_endpoint_exists" time="0.457" /><testcase classname="backend.tests.test_iteration75_promotion_validation.TestPromotionValidationEndpoints" name="test_admin_can_approve_promotion_via_validation_endpoint" time="0.782" /><testcase classname="backend.tests.test_iteration75_promotion_validation.TestPromotionValidationEndpoints" name="test_validation_reject_promotion_endpoint_exists" time="0.417" /><testcase classname="backend.tests.test_iteration75_promotion_validation.TestPromotionValidationEndpoints" name="test_admin_can_reject_promotion_via_validation_endpoint" time="0.787" /><testcase classname="backend.tests.test_iteration75_promotion_validation.TestPromotionValidationEndpoints" name="test_non_admin_cannot_approve_via_validation" time="0.119" /><testcase classname="backend.tests.test_iteration75_promotion_validation.TestPromotionValidationEndpoints" name="test_approval_sends_notification_to_operator" time="1.049" /><testcase classname="backend.tests.test_iteration75_promotion_validation.TestPromotionValidationEndpoints" name="test_rejection_sends_notification_to_operator" time="0.779" /><testcase classname="backend.tests.test_iteration75_promotion_validation.TestSuperAdminValidation" name="test_superadmin_can_view_pending_validations" time="0.484" /><testcase classname="backend.tests.test_iteration75_promotion_validation.TestPromotionStatusInResponse" name="test_pending_promotion_has_required_fields" time="0.882" /></testsuite></testsuites>