<?xml version="1.0" encoding="utf-8"?><testsuites name="pytest tests"><testsuite name="pytest" errors="0" failures="0" skipped="0" tests="9" time="2.922" timestamp="2026-02-12T03:31:46.343332+00:00" hostname="agent-env-3a33d7eb-3889-4307-af8c-7fc8735c5d4c"><testcase classname="backend.tests.test_iteration41_cascade.TestCascadeBehaviors" name="test_employee_status_sync_to_user" time="0.868" /><testcase classname="backend.tests.test_iteration41_cascade.TestCascadeBehaviors" name="test_employee_delete_cascade_pod_membership" time="0.427" /><testcase classname="backend.tests.test_iteration41_cascade.TestCascadeBehaviors" name="test_user_delete_cascade" time="0.480" /><testcase classname="backend.tests.test_iteration41_cascade.TestCascadeBehaviors" name="test_employee_status_enum_includes_suspended" time="0.001" /><testcase classname="backend.tests.test_iteration41_cascade.TestCascadeBehaviors" name="test_cascade_functions_exist" time="0.000" /><testcase classname="backend.tests.test_iteration41_cascade.TestCascadeBehaviors" name="test_employee_routes_use_cascade" time="0.000" /><testcase classname="backend.tests.test_iteration41_cascade.TestCascadeBehaviors" name="test_user_routes_use_cascade" time="0.000" /><testcase classname="backend.tests.test_iteration41_cascade.TestStatusMappings" name="test_status_mapping_terminated" time="0.677" /><testcase classname="backend.tests.test_iteration41_cascade.TestStatusMappings" name="test_status_mapping_on_leave" time="0.389" /></testsuite></testsuites>