<?xml version="1.0" encoding="utf-8"?><testsuites name="pytest tests"><testsuite name="pytest" errors="0" failures="0" skipped="0" tests="13" time="1.174" timestamp="2026-01-09T10:17:17.416831+00:00" hostname="agent-env-fa3ac62d-d90b-4f19-9b0e-89662c84e813"><testcase classname="tests.test_admin_features.TestAuthentication" name="test_admin_login" time="0.300" /><testcase classname="tests.test_admin_features.TestAdminOrders" name="test_get_all_orders_as_admin" time="0.300" /><testcase classname="tests.test_admin_features.TestAdminOrders" name="test_orders_have_customer_info" time="0.049" /><testcase classname="tests.test_admin_features.TestAdminReceipts" name="test_get_all_receipts_as_admin" time="0.040" /><testcase classname="tests.test_admin_features.TestAdminRatings" name="test_get_all_ratings_as_admin" time="0.026" /><testcase classname="tests.test_admin_features.TestAdminRatings" name="test_moderate_rating_endpoint_exists" time="0.018" /><testcase classname="tests.test_admin_features.TestLoyaltyRewards" name="test_get_admin_rewards" time="0.023" /><testcase classname="tests.test_admin_features.TestLoyaltyRewards" name="test_get_admin_stats" time="0.058" /><testcase classname="tests.test_admin_features.TestLoyaltyRewards" name="test_get_admin_members" time="0.058" /><testcase classname="tests.test_admin_features.TestLoyaltyRewards" name="test_create_reward" time="0.074" /><testcase classname="tests.test_admin_features.TestCustomerServiceTeam" name="test_get_team_members" time="0.059" /><testcase classname="tests.test_admin_features.TestCustomerServiceTeam" name="test_get_available_members" time="0.038" /><testcase classname="tests.test_admin_features.TestUserActivityLog" name="test_get_user_activity" time="0.048" /></testsuite></testsuites>