<?xml version="1.0" encoding="utf-8"?><testsuites name="pytest tests"><testsuite name="pytest" errors="0" failures="1" skipped="0" tests="21" time="6.295" timestamp="2026-04-16T19:59:55.205698+00:00" hostname="agent-env-63832dfb-71cf-4fdd-8e20-8b0ec1300386"><testcase classname="backend.tests.test_iteration101_operator_scope_filter.TestOperatorsByServiceEndpoint" name="test_get_all_operators_no_filter" time="0.509" /><testcase classname="backend.tests.test_iteration101_operator_scope_filter.TestOperatorsByServiceEndpoint" name="test_get_operators_by_travel_service" time="0.421" /><testcase classname="backend.tests.test_iteration101_operator_scope_filter.TestOperatorsByServiceEndpoint" name="test_get_operators_by_restaurant_service" time="0.453" /><testcase classname="backend.tests.test_iteration101_operator_scope_filter.TestOperatorsByServiceEndpoint" name="test_get_operators_by_hotel_service" time="0.505" /><testcase classname="backend.tests.test_iteration101_operator_scope_filter.TestOperatorsByServiceEndpoint" name="test_get_operators_by_cinema_service" time="0.432" /><testcase classname="backend.tests.test_iteration101_operator_scope_filter.TestOperatorsByServiceEndpoint" name="test_get_operators_by_pressing_service" time="0.434" /><testcase classname="backend.tests.test_iteration101_operator_scope_filter.TestOperatorsByServiceEndpoint" name="test_get_operators_by_events_service" time="0.435" /><testcase classname="backend.tests.test_iteration101_operator_scope_filter.TestRestaurantsOperatorFilter" name="test_get_restaurants_no_filter" time="0.137" /><testcase classname="backend.tests.test_iteration101_operator_scope_filter.TestRestaurantsOperatorFilter" name="test_get_restaurants_with_operator_filter" time="0.126" /><testcase classname="backend.tests.test_iteration101_operator_scope_filter.TestEventsOperatorFilter" name="test_get_events_no_filter" time="0.127" /><testcase classname="backend.tests.test_iteration101_operator_scope_filter.TestEventsOperatorFilter" name="test_get_events_with_operator_filter" time="0.227" /><testcase classname="backend.tests.test_iteration101_operator_scope_filter.TestCinemaOperatorFilter" name="test_get_cinemas_no_filter" time="0.177" /><testcase classname="backend.tests.test_iteration101_operator_scope_filter.TestCinemaOperatorFilter" name="test_get_cinemas_with_operator_filter" time="0.119" /><testcase classname="backend.tests.test_iteration101_operator_scope_filter.TestPressingOperatorFilter" name="test_get_pressings_no_filter" time="0.129" /><testcase classname="backend.tests.test_iteration101_operator_scope_filter.TestPressingOperatorFilter" name="test_get_pressings_with_operator_filter" time="0.130" /><testcase classname="backend.tests.test_iteration101_operator_scope_filter.TestHotelsOperatorFilter" name="test_get_hotels_no_filter" time="0.116" /><testcase classname="backend.tests.test_iteration101_operator_scope_filter.TestHotelsOperatorFilter" name="test_get_hotels_with_operator_filter" time="0.156" /><testcase classname="backend.tests.test_iteration101_operator_scope_filter.TestTravelRoutesOperatorFilter" name="test_get_travel_routes_management_no_filter" time="0.434" /><testcase classname="backend.tests.test_iteration101_operator_scope_filter.TestTravelRoutesOperatorFilter" name="test_get_travel_routes_management_with_operator_filter" time="0.506" /><testcase classname="backend.tests.test_iteration101_operator_scope_filter.TestTravelRoutesOperatorFilter" name="test_get_travel_routes_management_endpoint" time="0.477"><failure message="AssertionError: Expected 200, got 404&#10;assert 404 == 200&#10; +  where 404 = &lt;Response [404]&gt;.status_code">backend/tests/test_iteration101_operator_scope_filter.py:353: in test_get_travel_routes_management_endpoint
    assert response.status_code == 200, f"Expected 200, got {response.status_code}"
E   AssertionError: Expected 200, got 404
E   assert 404 == 200
E    +  where 404 = &lt;Response [404]&gt;.status_code</failure></testcase><testcase classname="backend.tests.test_iteration101_operator_scope_filter.TestOperatorsByServiceRequiresAuth" name="test_unauthenticated_request_fails" time="0.129" /></testsuite></testsuites>