<?xml version="1.0" encoding="utf-8"?><testsuites name="pytest tests"><testsuite name="pytest" errors="0" failures="4" skipped="0" tests="19" time="2.179" timestamp="2026-02-07T21:34:15.934932+00:00" hostname="agent-env-d112a3f2-8edb-4b58-8d54-9b4a4e4055f2"><testcase classname="backend.tests.test_authorization_context.TestOperatorListingAccessInfo" name="test_operators_list_returns_access_info" time="0.374" /><testcase classname="backend.tests.test_authorization_context.TestOperatorListingAccessInfo" name="test_operators_list_has_operators" time="0.048" /><testcase classname="backend.tests.test_authorization_context.TestSuperAdminOperatorAccess" name="test_super_admin_has_global_access" time="0.040" /><testcase classname="backend.tests.test_authorization_context.TestSuperAdminOperatorAccess" name="test_super_admin_sees_all_operators" time="0.060" /><testcase classname="backend.tests.test_authorization_context.TestSuperAdminOperatorAccess" name="test_super_admin_can_view_any_operator" time="0.092" /><testcase classname="backend.tests.test_authorization_context.TestAdminOperatorAccess" name="test_admin_operators_list" time="0.333" /><testcase classname="backend.tests.test_authorization_context.TestAdminOperatorAccess" name="test_admin_access_info_structure" time="0.044" /><testcase classname="backend.tests.test_authorization_context.TestOperatorDetailAuthorization" name="test_get_operator_detail_authorized" time="0.083" /><testcase classname="backend.tests.test_authorization_context.TestOperatorDetailAuthorization" name="test_get_nonexistent_operator" time="0.048" /><testcase classname="backend.tests.test_authorization_context.TestPodManagementOperatorAssignment" name="test_list_pods" time="0.052"><failure message="assert 403 == 200&#10; +  where 403 = &lt;Response [403]&gt;.status_code">backend/tests/test_authorization_context.py:238: in test_list_pods
    assert response.status_code == 200
E   assert 403 == 200
E    +  where 403 = &lt;Response [403]&gt;.status_code</failure></testcase><testcase classname="backend.tests.test_authorization_context.TestPodManagementOperatorAssignment" name="test_pod_has_assigned_operators_field" time="0.094"><failure message="assert 403 == 200&#10; +  where 403 = &lt;Response [403]&gt;.status_code">backend/tests/test_authorization_context.py:247: in test_pod_has_assigned_operators_field
    assert response.status_code == 200
E   assert 403 == 200
E    +  where 403 = &lt;Response [403]&gt;.status_code</failure></testcase><testcase classname="backend.tests.test_authorization_context.TestEmployeeScopeManagement" name="test_list_employee_scopes" time="0.048"><failure message="assert 403 == 200&#10; +  where 403 = &lt;Response [403]&gt;.status_code">backend/tests/test_authorization_context.py:273: in test_list_employee_scopes
    assert response.status_code == 200
E   assert 403 == 200
E    +  where 403 = &lt;Response [403]&gt;.status_code</failure></testcase><testcase classname="backend.tests.test_authorization_context.TestEmployeeScopeManagement" name="test_scope_has_filter_attributes" time="0.050"><failure message="assert 403 == 200&#10; +  where 403 = &lt;Response [403]&gt;.status_code">backend/tests/test_authorization_context.py:282: in test_scope_has_filter_attributes
    assert response.status_code == 200
E   assert 403 == 200
E    +  where 403 = &lt;Response [403]&gt;.status_code</failure></testcase><testcase classname="backend.tests.test_authorization_context.TestCustomerLocationAPI" name="test_ip_info_endpoint" time="0.246" /><testcase classname="backend.tests.test_authorization_context.TestCustomerLocationAPI" name="test_geography_countries_for_modal" time="0.040" /><testcase classname="backend.tests.test_authorization_context.TestAuthorizationContextFlow" name="test_super_admin_full_access_flow" time="0.159" /><testcase classname="backend.tests.test_authorization_context.TestAuthorizationContextFlow" name="test_admin_access_flow" time="0.163" /><testcase classname="backend.tests.test_authorization_context.TestOperatorFiltering" name="test_filter_by_status" time="0.045" /><testcase classname="backend.tests.test_authorization_context.TestOperatorFiltering" name="test_filter_by_country" time="0.039" /></testsuite></testsuites>