<?xml version="1.0" encoding="utf-8"?><testsuites name="pytest tests"><testsuite name="pytest" errors="0" failures="0" skipped="0" tests="16" time="3.507" timestamp="2026-03-10T20:16:35.671783+00:00" hostname="agent-env-55f476a8-353f-444c-a246-a3d58270f9ae"><testcase classname="backend.tests.test_iteration78_messages_restructure.TestAuthAndSetup" name="test_customer_login" time="0.507" /><testcase classname="backend.tests.test_iteration78_messages_restructure.TestUserAlertsAPI" name="test_user_alerts_endpoint_returns_200" time="0.489" /><testcase classname="backend.tests.test_iteration78_messages_restructure.TestUserAlertsAPI" name="test_user_alerts_returns_proper_structure" time="0.083" /><testcase classname="backend.tests.test_iteration78_messages_restructure.TestUserAlertsAPI" name="test_user_alerts_items_have_id_field" time="0.065" /><testcase classname="backend.tests.test_iteration78_messages_restructure.TestUserAlertsAPI" name="test_user_alerts_filter_types" time="0.063" /><testcase classname="backend.tests.test_iteration78_messages_restructure.TestNotificationsAPI" name="test_get_notifications" time="0.457" /><testcase classname="backend.tests.test_iteration78_messages_restructure.TestNotificationsAPI" name="test_notifications_have_id_field" time="0.073" /><testcase classname="backend.tests.test_iteration78_messages_restructure.TestNotificationsAPI" name="test_mark_notification_as_read" time="0.138" /><testcase classname="backend.tests.test_iteration78_messages_restructure.TestAlertCreationActionUrl" name="test_create_alert_returns_success" time="0.424" /><testcase classname="backend.tests.test_iteration78_messages_restructure.TestLoyaltyEndpoints" name="test_loyalty_program_endpoint" time="0.427" /><testcase classname="backend.tests.test_iteration78_messages_restructure.TestLoyaltyEndpoints" name="test_loyalty_rewards_endpoint" time="0.059" /><testcase classname="backend.tests.test_iteration78_messages_restructure.TestLoyaltyEndpoints" name="test_loyalty_transactions_endpoint" time="0.071" /><testcase classname="backend.tests.test_iteration78_messages_restructure.TestLoyaltyEndpoints" name="test_loyalty_redemptions_endpoint" time="0.063" /><testcase classname="backend.tests.test_iteration78_messages_restructure.TestPromotionsEndpoint" name="test_get_promotions_endpoint" time="0.487" /><testcase classname="backend.tests.test_iteration78_messages_restructure.TestRouteRedirects" name="test_alerts_route_defined" time="0.000" /><testcase classname="backend.tests.test_iteration78_messages_restructure.TestRouteRedirects" name="test_notifications_route_defined" time="0.000" /></testsuite></testsuites>