<?xml version="1.0" encoding="utf-8"?><testsuites name="pytest tests"><testsuite name="pytest" errors="0" failures="0" skipped="0" tests="8" time="1.403" timestamp="2026-02-12T17:19:15.213019+00:00" hostname="agent-env-fbc51eb8-af76-44a8-aede-725cf9740c12"><testcase classname="backend.tests.test_restaurant_booking_iteration59.TestRestaurantBookingBackend" name="test_01_create_restaurant_order_full_price" time="0.417" /><testcase classname="backend.tests.test_restaurant_booking_iteration59.TestRestaurantBookingBackend" name="test_02_verify_booking_details_items" time="0.078" /><testcase classname="backend.tests.test_restaurant_booking_iteration59.TestRestaurantBookingBackend" name="test_03_full_price_no_deposit_calculation" time="0.039" /><testcase classname="backend.tests.test_restaurant_booking_iteration59.TestRestaurantBookingBackend" name="test_04_promo_code_validation_restaurant" time="0.045" /><testcase classname="backend.tests.test_restaurant_booking_iteration59.TestRestaurantBookingBackend" name="test_05_create_order_with_promo_discount" time="0.038" /><testcase classname="backend.tests.test_restaurant_booking_iteration59.TestRestaurantBookingBackend" name="test_06_order_type_variations" time="0.083" /><testcase classname="backend.tests.test_restaurant_booking_iteration59.TestRestaurantBookingBackend" name="test_07_service_type_restaurant" time="0.076" /><testcase classname="backend.tests.test_restaurant_booking_iteration59.TestRestaurantBookingBackend" name="test_99_cleanup_test_orders" time="0.554" /></testsuite></testsuites>