<?xml version="1.0" encoding="utf-8"?><testsuites name="pytest tests"><testsuite name="pytest" errors="0" failures="0" skipped="0" tests="12" time="2.825" timestamp="2026-04-18T18:37:54.127886+00:00" hostname="agent-env-6e645bf6-80c2-4686-a0e3-15d6949d3aac"><testcase classname="backend.tests.test_iteration108_allergen_features.TestAllergenFeatures" name="test_menu_returns_allergens_array" time="0.207" /><testcase classname="backend.tests.test_iteration108_allergen_features.TestAllergenFeatures" name="test_exclude_allergens_filter_peanuts" time="0.165" /><testcase classname="backend.tests.test_iteration108_allergen_features.TestAllergenFeatures" name="test_exclude_allergens_filter_multiple" time="0.126" /><testcase classname="backend.tests.test_iteration108_allergen_features.TestAllergenFeatures" name="test_ingredient_filter_chicken" time="0.150" /><testcase classname="backend.tests.test_iteration108_allergen_features.TestAllergenFeatures" name="test_ingredient_filter_case_insensitive" time="0.239" /><testcase classname="backend.tests.test_iteration108_allergen_features.TestAllergenFeatures" name="test_combined_allergen_and_ingredient_filter" time="0.153" /><testcase classname="backend.tests.test_iteration108_allergen_features.TestAllergenFeatures" name="test_menu_items_have_ingredients_array" time="0.156" /><testcase classname="backend.tests.test_iteration108_allergen_features.TestMenuItemCRUDWithAllergens" name="test_create_menu_item_with_allergens" time="0.486" /><testcase classname="backend.tests.test_iteration108_allergen_features.TestMenuItemCRUDWithAllergens" name="test_update_menu_item_allergens" time="0.512" /><testcase classname="backend.tests.test_iteration108_allergen_features.TestAllergenFilterEdgeCases" name="test_exclude_allergens_empty_string" time="0.195" /><testcase classname="backend.tests.test_iteration108_allergen_features.TestAllergenFilterEdgeCases" name="test_exclude_nonexistent_allergen" time="0.214" /><testcase classname="backend.tests.test_iteration108_allergen_features.TestAllergenFilterEdgeCases" name="test_ingredient_filter_no_match" time="0.137" /></testsuite></testsuites>