<?xml version="1.0" encoding="utf-8"?><testsuites name="pytest tests"><testsuite name="pytest" errors="1" failures="0" skipped="1" tests="8" time="0.550" timestamp="2026-02-12T03:08:32.462496+00:00" hostname="agent-env-3a33d7eb-3889-4307-af8c-7fc8735c5d4c"><testcase classname="backend.tests.test_iteration40_features.TestEmployeeScopeAssignment" name="test_get_scopes_list" time="0.378" /><testcase classname="backend.tests.test_iteration40_features.TestEmployeeScopeAssignment" name="test_create_employee_role_user" time="0.103"><skipped type="pytest.skip" message="Could not create/find test user: 405">/app/backend/tests/test_iteration40_features.py:74: Could not create/find test user: 405</skipped></testcase><testcase classname="backend.tests.test_iteration40_features.TestEmployeeScopeAssignment" name="test_assign_scope_to_employee_role_user" time="0.000"><error message="failed on setup with &quot;file /app/backend/tests/test_iteration40_features.py, line 76&#10;      def test_assign_scope_to_employee_role_user(self, auth_headers, test_create_employee_role_user):&#10;E       fixture 'test_create_employee_role_user' not found&#10;&gt;       available fixtures: anyio_backend, anyio_backend_name, anyio_backend_options, auth_headers, auth_token, cache, capfd, capfdbinary, caplog, capsys, capsysbinary, capteesys, doctest_namespace, free_tcp_port, free_tcp_port_factory, free_udp_port, free_udp_port_factory, monkeypatch, pytestconfig, record_property, record_testsuite_property, record_xml_attribute, recwarn, subtests, tmp_path, tmp_path_factory, tmpdir, tmpdir_factory&#10;&gt;       use 'pytest --fixtures [testpath]' for help on them.&#10;&#10;/app/backend/tests/test_iteration40_features.py:76&quot;">file /app/backend/tests/test_iteration40_features.py, line 76
      def test_assign_scope_to_employee_role_user(self, auth_headers, test_create_employee_role_user):
E       fixture 'test_create_employee_role_user' not found
&gt;       available fixtures: anyio_backend, anyio_backend_name, anyio_backend_options, auth_headers, auth_token, cache, capfd, capfdbinary, caplog, capsys, capsysbinary, capteesys, doctest_namespace, free_tcp_port, free_tcp_port_factory, free_udp_port, free_udp_port_factory, monkeypatch, pytestconfig, record_property, record_testsuite_property, record_xml_attribute, recwarn, subtests, tmp_path, tmp_path_factory, tmpdir, tmpdir_factory
&gt;       use 'pytest --fixtures [testpath]' for help on them.

/app/backend/tests/test_iteration40_features.py:76</error></testcase><testcase classname="backend.tests.test_iteration40_features.TestEmployeeScopeAssignment" name="test_backend_role_check_includes_employee" time="0.000" /><testcase classname="backend.tests.test_iteration40_features.TestUIComponentsExist" name="test_pod_management_has_member_search" time="0.000" /><testcase classname="backend.tests.test_iteration40_features.TestUIComponentsExist" name="test_employee_scope_has_assign_search" time="0.000" /><testcase classname="backend.tests.test_iteration40_features.TestUIComponentsExist" name="test_employee_scope_has_country_segment_search" time="0.000" /><testcase classname="backend.tests.test_iteration40_features.TestUIComponentsExist" name="test_employees_page_has_view_toggle" time="0.000" /></testsuite></testsuites>