<?xml version="1.0" encoding="utf-8"?><testsuites name="pytest tests"><testsuite name="pytest" errors="0" failures="2" skipped="0" tests="6" time="1.822" timestamp="2026-02-12T15:11:52.064883+00:00" hostname="agent-env-fbc51eb8-af76-44a8-aede-725cf9740c12"><testcase classname="backend.tests.test_operator_owner_iteration50.TestOperatorOwnerCreation" name="test_create_operator_with_owner_account" time="0.638" /><testcase classname="backend.tests.test_operator_owner_iteration50.TestOperatorOwnerCreation" name="test_owner_can_login" time="0.295"><failure message="AssertionError: operator_role should be 'owner', got None&#10;assert None == 'owner'&#10; +  where None = &lt;built-in method get of dict object at 0xfa71a01e9140&gt;('operator_role')&#10; +    where &lt;built-in method get of dict object at 0xfa71a01e9140&gt; = {'email': 'TEST_owner_8131459c@testco.com', 'full_name': 'Test Owner 8131459c', 'id': '413817cb-724a-42f4-b0cf-a14c4a0bf6bf', 'operator_context': {'operator_id': '6ae0a1ec-1f46-4f91-9bac-3d6e45c2ea00', 'operator_name': 'TEST Company 8131459c', 'operator_role': 'owner', 'operator_type': 'travel', ...}, ...}.get">backend/tests/test_operator_owner_iteration50.py:105: in test_owner_can_login
    assert user.get("operator_role") == "owner", f"operator_role should be 'owner', got {user.get('operator_role')}"
E   AssertionError: operator_role should be 'owner', got None
E   assert None == 'owner'
E    +  where None = &lt;built-in method get of dict object at 0xfa71a01e9140&gt;('operator_role')
E    +    where &lt;built-in method get of dict object at 0xfa71a01e9140&gt; = {'email': 'TEST_owner_8131459c@testco.com', 'full_name': 'Test Owner 8131459c', 'id': '413817cb-724a-42f4-b0cf-a14c4a0bf6bf', 'operator_context': {'operator_id': '6ae0a1ec-1f46-4f91-9bac-3d6e45c2ea00', 'operator_name': 'TEST Company 8131459c', 'operator_role': 'owner', 'operator_type': 'travel', ...}, ...}.get</failure></testcase><testcase classname="backend.tests.test_operator_owner_iteration50.TestOperatorOwnerCreation" name="test_create_operator_without_owner_account" time="0.038"><failure message="AssertionError: Create operator failed: {&quot;detail&quot;:[{&quot;type&quot;:&quot;enum&quot;,&quot;loc&quot;:[&quot;body&quot;,&quot;operator_type&quot;],&quot;msg&quot;:&quot;Input should be 'travel', 'hotel', 'restaurant', 'car_rental', 'event', 'laundry', 'banquet', 'cinema', 'pharmacy' or 'multi'&quot;,&quot;input&quot;:&quot;hotels&quot;,&quot;ctx&quot;:{&quot;expected&quot;:&quot;'travel', 'hotel', 'restaurant', 'car_rental', 'event', 'laundry', 'banquet', 'cinema', 'pharmacy' or 'multi'&quot;}}]}&#10;assert 422 == 200&#10; +  where 422 = &lt;Response [422]&gt;.status_code">backend/tests/test_operator_owner_iteration50.py:132: in test_create_operator_without_owner_account
    assert response.status_code == 200, f"Create operator failed: {response.text}"
E   AssertionError: Create operator failed: {"detail":[{"type":"enum","loc":["body","operator_type"],"msg":"Input should be 'travel', 'hotel', 'restaurant', 'car_rental', 'event', 'laundry', 'banquet', 'cinema', 'pharmacy' or 'multi'","input":"hotels","ctx":{"expected":"'travel', 'hotel', 'restaurant', 'car_rental', 'event', 'laundry', 'banquet', 'cinema', 'pharmacy' or 'multi'"}}]}
E   assert 422 == 200
E    +  where 422 = &lt;Response [422]&gt;.status_code</failure></testcase><testcase classname="backend.tests.test_operator_owner_iteration50.TestOperatorListResponse" name="test_operators_list_returns_required_fields" time="0.335" /><testcase classname="backend.tests.test_operator_owner_iteration50.TestOperatorListResponse" name="test_test_operator_has_owner_info" time="0.090" /><testcase classname="backend.tests.test_operator_owner_iteration50.TestCleanup" name="test_cleanup_test_operator" time="0.328" /></testsuite></testsuites>