<?xml version="1.0" encoding="utf-8"?><testsuites name="pytest tests"><testsuite name="pytest" errors="0" failures="0" skipped="0" tests="21" time="2.137" timestamp="2026-02-12T16:04:49.604845+00:00" hostname="agent-env-fbc51eb8-af76-44a8-aede-725cf9740c12"><testcase classname="backend.tests.test_loyalty_redemption_flow_iteration54.TestCustomerLoyaltySetup" name="test_01_check_customer_loyalty_program" time="0.645" /><testcase classname="backend.tests.test_loyalty_redemption_flow_iteration54.TestCustomerLoyaltySetup" name="test_02_create_low_points_test_reward" time="0.325" /><testcase classname="backend.tests.test_loyalty_redemption_flow_iteration54.TestCustomerLoyaltySetup" name="test_03_ensure_customer_has_points" time="0.000" /><testcase classname="backend.tests.test_loyalty_redemption_flow_iteration54.TestCustomerRedemptionFlow" name="test_04_customer_redeems_reward" time="0.044" /><testcase classname="backend.tests.test_loyalty_redemption_flow_iteration54.TestCustomerRedemptionFlow" name="test_05_verify_code_in_promo_codes_collection" time="0.041" /><testcase classname="backend.tests.test_loyalty_redemption_flow_iteration54.TestRedemptionCodeValidation" name="test_06_validate_redemption_code" time="0.077" /><testcase classname="backend.tests.test_loyalty_redemption_flow_iteration54.TestUseCodeAndStatusUpdate" name="test_07_use_redemption_code" time="0.044" /><testcase classname="backend.tests.test_loyalty_redemption_flow_iteration54.TestUseCodeAndStatusUpdate" name="test_08_verify_loyalty_redemption_status_updated" time="0.042" /><testcase classname="backend.tests.test_loyalty_redemption_flow_iteration54.TestUseCodeAndStatusUpdate" name="test_09_verify_promo_code_deactivated" time="0.106" /><testcase classname="backend.tests.test_loyalty_redemption_flow_iteration54.TestUsedCodeRejection" name="test_10_used_code_validation_fails" time="0.081" /><testcase classname="backend.tests.test_loyalty_redemption_flow_iteration54.TestAdminSeesAllSources" name="test_11_create_admin_reward_for_promo_generation" time="0.042" /><testcase classname="backend.tests.test_loyalty_redemption_flow_iteration54.TestAdminSeesAllSources" name="test_12_generate_admin_promo_code" time="0.039" /><testcase classname="backend.tests.test_loyalty_redemption_flow_iteration54.TestAdminSeesAllSources" name="test_13_admin_sees_both_sources" time="0.038" /><testcase classname="backend.tests.test_loyalty_redemption_flow_iteration54.TestAdminSeesAllSources" name="test_14_admin_generated_promo_works_independently" time="0.037" /><testcase classname="backend.tests.test_loyalty_redemption_flow_iteration54.TestBackwardsCompatibility" name="test_15_create_direct_promo_code" time="0.040" /><testcase classname="backend.tests.test_loyalty_redemption_flow_iteration54.TestBackwardsCompatibility" name="test_16_validate_direct_promo_code" time="0.038" /><testcase classname="backend.tests.test_loyalty_redemption_flow_iteration54.TestBackwardsCompatibility" name="test_17_use_direct_promo_code" time="0.048" /><testcase classname="backend.tests.test_loyalty_redemption_flow_iteration54.TestRedemptionCodeCannotBeReused" name="test_18_customer_redeems_another_reward" time="0.041" /><testcase classname="backend.tests.test_loyalty_redemption_flow_iteration54.TestRedemptionCodeCannotBeReused" name="test_19_use_second_redemption_code" time="0.081" /><testcase classname="backend.tests.test_loyalty_redemption_flow_iteration54.TestRedemptionCodeCannotBeReused" name="test_20_second_use_of_same_code_fails" time="0.039" /><testcase classname="backend.tests.test_loyalty_redemption_flow_iteration54.TestCleanup" name="test_99_cleanup_test_data" time="0.189" /></testsuite></testsuites>