<?xml version="1.0" encoding="utf-8"?><testsuites name="pytest tests"><testsuite name="pytest" errors="0" failures="3" skipped="0" tests="13" time="2.404" timestamp="2026-02-12T12:52:31.431870+00:00" hostname="agent-env-fbc51eb8-af76-44a8-aede-725cf9740c12"><testcase classname="backend.tests.test_loyalty_refactor_iteration47.TestLoyaltyAPIs" name="test_customer_loyalty_program" time="0.368" /><testcase classname="backend.tests.test_loyalty_refactor_iteration47.TestLoyaltyAPIs" name="test_customer_rewards_list" time="0.041" /><testcase classname="backend.tests.test_loyalty_refactor_iteration47.TestLoyaltyAPIs" name="test_customer_transactions" time="0.037" /><testcase classname="backend.tests.test_loyalty_refactor_iteration47.TestLoyaltyAPIs" name="test_customer_redemptions" time="0.040" /><testcase classname="backend.tests.test_loyalty_refactor_iteration47.TestLoyaltyAPIs" name="test_customer_referral" time="0.038" /><testcase classname="backend.tests.test_loyalty_refactor_iteration47.TestLoyaltyAPIs" name="test_admin_stats" time="0.358" /><testcase classname="backend.tests.test_loyalty_refactor_iteration47.TestLoyaltyAPIs" name="test_admin_rewards" time="0.036" /><testcase classname="backend.tests.test_loyalty_refactor_iteration47.TestLoyaltyAPIs" name="test_admin_members" time="0.043" /><testcase classname="backend.tests.test_loyalty_refactor_iteration47.TestLoyaltyAPIs" name="test_regular_admin_stats_access" time="0.322" /><testcase classname="backend.tests.test_loyalty_refactor_iteration47.TestSettingsPageRoles" name="test_customer_profile_access" time="0.360"><failure message="AssertionError: Customer profile access failed: {&quot;detail&quot;:&quot;Permission denied. Required: users.view&quot;}&#10;assert 403 == 200&#10; +  where 403 = &lt;Response [403]&gt;.status_code">backend/tests/test_loyalty_refactor_iteration47.py:210: in test_customer_profile_access
    assert response.status_code == 200, f"Customer profile access failed: {response.text}"
E   AssertionError: Customer profile access failed: {"detail":"Permission denied. Required: users.view"}
E   assert 403 == 200
E    +  where 403 = &lt;Response [403]&gt;.status_code</failure></testcase><testcase classname="backend.tests.test_loyalty_refactor_iteration47.TestSettingsPageRoles" name="test_admin_profile_access" time="0.318"><failure message="assert 404 == 200&#10; +  where 404 = &lt;Response [404]&gt;.status_code">backend/tests/test_loyalty_refactor_iteration47.py:222: in test_admin_profile_access
    assert response.status_code == 200
E   assert 404 == 200
E    +  where 404 = &lt;Response [404]&gt;.status_code</failure></testcase><testcase classname="backend.tests.test_loyalty_refactor_iteration47.TestSettingsPageRoles" name="test_super_admin_profile_access" time="0.318"><failure message="assert 404 == 200&#10; +  where 404 = &lt;Response [404]&gt;.status_code">backend/tests/test_loyalty_refactor_iteration47.py:233: in test_super_admin_profile_access
    assert response.status_code == 200
E   assert 404 == 200
E    +  where 404 = &lt;Response [404]&gt;.status_code</failure></testcase><testcase classname="backend.tests.test_loyalty_refactor_iteration47.TestSettingsPageRoles" name="test_notification_preferences_endpoint" time="0.038" /></testsuite></testsuites>