<?xml version="1.0" encoding="utf-8"?><testsuites name="pytest tests"><testsuite name="pytest" errors="0" failures="0" skipped="0" tests="7" time="0.904" timestamp="2026-03-11T10:13:30.085665+00:00" hostname="agent-env-9fc03400-4fa8-4dcc-9e22-88e69f805480"><testcase classname="backend.tests.test_iteration82_loyalty_promotions.TestPromotionRedemption" name="test_get_user_alerts_has_approved_promotions" time="0.453" /><testcase classname="backend.tests.test_iteration82_loyalty_promotions.TestPromotionRedemption" name="test_get_my_redeemed_promotions_endpoint" time="0.054" /><testcase classname="backend.tests.test_iteration82_loyalty_promotions.TestPromotionRedemption" name="test_redeem_promotion_generates_code" time="0.061" /><testcase classname="backend.tests.test_iteration82_loyalty_promotions.TestPromotionRedemption" name="test_duplicate_redemption_blocked" time="0.055" /><testcase classname="backend.tests.test_iteration82_loyalty_promotions.TestPromoCodeValidation" name="test_validate_promo_code_with_correct_operator" time="0.103" /><testcase classname="backend.tests.test_iteration82_loyalty_promotions.TestPromoCodeValidation" name="test_validate_promo_code_with_wrong_operator" time="0.059" /><testcase classname="backend.tests.test_iteration82_loyalty_promotions.TestRedemptionDataStructure" name="test_redemption_has_required_fields" time="0.049" /></testsuite></testsuites>