<?xml version="1.0" encoding="utf-8"?><testsuites name="pytest tests"><testsuite name="pytest" errors="0" failures="0" skipped="0" tests="16" time="10.211" timestamp="2026-04-15T14:29:43.175009+00:00" hostname="agent-env-823d2962-d7bc-4e54-8071-9c028b42960a"><testcase classname="backend.tests.test_iteration90_reports.TestReportsEndpoints" name="test_admin_can_access_booking_report" time="0.645" /><testcase classname="backend.tests.test_iteration90_reports.TestReportsEndpoints" name="test_admin_can_access_revenue_analysis" time="0.707" /><testcase classname="backend.tests.test_iteration90_reports.TestReportsEndpoints" name="test_admin_can_access_financial_summary" time="0.619" /><testcase classname="backend.tests.test_iteration90_reports.TestReportsEndpoints" name="test_admin_can_access_customer_insights" time="0.535" /><testcase classname="backend.tests.test_iteration90_reports.TestReportsEndpoints" name="test_admin_can_access_operational_efficiency" time="0.604" /><testcase classname="backend.tests.test_iteration90_reports.TestReportsEndpoints" name="test_admin_can_access_service_performance" time="0.587" /><testcase classname="backend.tests.test_iteration90_reports.TestReportsEndpoints" name="test_admin_can_access_customer_satisfaction" time="0.646" /><testcase classname="backend.tests.test_iteration90_reports.TestReportsEndpoints" name="test_admin_can_access_booking_analytics" time="0.720" /><testcase classname="backend.tests.test_iteration90_reports.TestReportsEndpoints" name="test_admin_can_get_operators_list" time="0.714" /><testcase classname="backend.tests.test_iteration90_reports.TestReportsEndpoints" name="test_admin_can_scope_report_by_operator" time="0.692" /><testcase classname="backend.tests.test_iteration90_reports.TestReportsEndpoints" name="test_customer_blocked_from_reports" time="0.711" /><testcase classname="backend.tests.test_iteration90_reports.TestReportsEndpoints" name="test_customer_blocked_from_operators_list" time="0.677" /><testcase classname="backend.tests.test_iteration90_reports.TestReportsEndpoints" name="test_operator_can_access_reports" time="0.636" /><testcase classname="backend.tests.test_iteration90_reports.TestReportsEndpoints" name="test_operator_gets_empty_operators_list" time="0.711" /><testcase classname="backend.tests.test_iteration90_reports.TestReportsEndpoints" name="test_invalid_report_id_returns_400" time="0.712" /><testcase classname="backend.tests.test_iteration90_reports.TestReportsEndpoints" name="test_unauthenticated_blocked" time="0.228" /></testsuite></testsuites>