<?xml version="1.0" encoding="utf-8"?><testsuites name="pytest tests"><testsuite name="pytest" errors="0" failures="3" skipped="0" tests="13" time="3.844" timestamp="2026-01-09T13:59:57.853239+00:00" hostname="agent-env-fc6b261a-a509-4597-9057-f2aa18f8d96d"><testcase classname="tests.test_p2_p3_features.TestPaymentMethodsAPI" name="test_payment_methods_endpoint_exists" time="0.318" /><testcase classname="tests.test_p2_p3_features.TestPaymentMethodsAPI" name="test_payment_methods_data_structure" time="0.290" /><testcase classname="tests.test_p2_p3_features.TestPaymentMethodsAPI" name="test_payment_methods_time_range_filter" time="0.448" /><testcase classname="tests.test_p2_p3_features.TestPaymentMethodsAPI" name="test_payment_methods_admin_access" time="0.288" /><testcase classname="tests.test_p2_p3_features.TestPaymentMethodsAPI" name="test_payment_methods_unauthenticated" time="0.061"><failure message="AssertionError: Unauthenticated requests should be rejected&#10;assert 403 == 401&#10; +  where 403 = &lt;Response [403]&gt;.status_code">tests/test_p2_p3_features.py:90: in test_payment_methods_unauthenticated
    assert response.status_code == 401, "Unauthenticated requests should be rejected"
E   AssertionError: Unauthenticated requests should be rejected
E   assert 403 == 401
E    +  where 403 = &lt;Response [403]&gt;.status_code</failure></testcase><testcase classname="tests.test_p2_p3_features.TestRolesAPI" name="test_get_roles_super_admin" time="0.289" /><testcase classname="tests.test_p2_p3_features.TestRolesAPI" name="test_get_roles_admin" time="0.285"><failure message="AssertionError: Admin should be able to get roles: {&quot;detail&quot;:&quot;Permission denied. Required permission: access.view_roles&quot;}&#10;assert 403 == 200&#10; +  where 403 = &lt;Response [403]&gt;.status_code">tests/test_p2_p3_features.py:130: in test_get_roles_admin
    assert response.status_code == 200, f"Admin should be able to get roles: {response.text}"
E   AssertionError: Admin should be able to get roles: {"detail":"Permission denied. Required permission: access.view_roles"}
E   assert 403 == 200
E    +  where 403 = &lt;Response [403]&gt;.status_code</failure></testcase><testcase classname="tests.test_p2_p3_features.TestRolesAPI" name="test_create_custom_role_admin" time="0.285"><failure message="AssertionError: Admin should be able to create custom roles: {&quot;detail&quot;:&quot;Permission denied. Required permission: access.create_roles&quot;}&#10;assert 403 in [200, 201]&#10; +  where 403 = &lt;Response [403]&gt;.status_code">tests/test_p2_p3_features.py:147: in test_create_custom_role_admin
    assert response.status_code in [200, 201], f"Admin should be able to create custom roles: {response.text}"
E   AssertionError: Admin should be able to create custom roles: {"detail":"Permission denied. Required permission: access.create_roles"}
E   assert 403 in [200, 201]
E    +  where 403 = &lt;Response [403]&gt;.status_code</failure></testcase><testcase classname="tests.test_p2_p3_features.TestRolesAPI" name="test_admin_cannot_modify_system_roles" time="0.317" /><testcase classname="tests.test_p2_p3_features.TestAuthAndPermissions" name="test_super_admin_login" time="0.265" /><testcase classname="tests.test_p2_p3_features.TestAuthAndPermissions" name="test_admin_login" time="0.302" /><testcase classname="tests.test_p2_p3_features.TestAuthAndPermissions" name="test_super_admin_me_endpoint" time="0.288" /><testcase classname="tests.test_p2_p3_features.TestAuthAndPermissions" name="test_admin_me_endpoint" time="0.280" /></testsuite></testsuites>