<?xml version="1.0" encoding="utf-8"?><testsuites name="pytest tests"><testsuite name="pytest" errors="0" failures="0" skipped="0" tests="8" time="1.714" timestamp="2026-04-15T15:45:53.523314+00:00" hostname="agent-env-823d2962-d7bc-4e54-8071-9c028b42960a"><testcase classname="backend.tests.test_iteration92_booker_info.TestAuthMeEndpoint" name="test_auth_me_returns_full_name" time="0.658" /><testcase classname="backend.tests.test_iteration92_booker_info.TestAuthMeEndpoint" name="test_auth_me_returns_email" time="0.136" /><testcase classname="backend.tests.test_iteration92_booker_info.TestAuthMeEndpoint" name="test_auth_me_returns_phone" time="0.145" /><testcase classname="backend.tests.test_iteration92_booker_info.TestAuthMeEndpoint" name="test_auth_me_returns_city" time="0.137" /><testcase classname="backend.tests.test_iteration92_booker_info.TestAuthMeEndpoint" name="test_auth_me_returns_country" time="0.141" /><testcase classname="backend.tests.test_iteration92_booker_info.TestAuthMeEndpoint" name="test_auth_me_returns_gender" time="0.159" /><testcase classname="backend.tests.test_iteration92_booker_info.TestAuthMeEndpoint" name="test_auth_me_full_response_structure" time="0.120" /><testcase classname="backend.tests.test_iteration92_booker_info.TestHealthEndpoint" name="test_health_endpoint" time="0.150" /></testsuite></testsuites>