<?xml version="1.0" encoding="utf-8"?><testsuites name="pytest tests"><testsuite name="pytest" errors="0" failures="0" skipped="0" tests="10" time="3.176" timestamp="2026-01-10T14:05:36.342228+00:00" hostname="agent-env-f780483a-242e-4e70-a09e-34a5e34463b1"><testcase classname="tests.test_p0_p2_p3_features.TestP0OperatorsRevenue" name="test_operators_endpoint_returns_revenue" time="0.309" /><testcase classname="tests.test_p0_p2_p3_features.TestP0OperatorsRevenue" name="test_west_region_tours_revenue" time="0.286" /><testcase classname="tests.test_p0_p2_p3_features.TestP0OperatorsRevenue" name="test_royal_events_cameroon_revenue" time="0.320" /><testcase classname="tests.test_p0_p2_p3_features.TestP2RatingsBulkModeration" name="test_bulk_moderate_endpoint_exists" time="0.317" /><testcase classname="tests.test_p0_p2_p3_features.TestP2RatingsBulkModeration" name="test_bulk_moderate_requires_auth" time="0.328" /><testcase classname="tests.test_p0_p2_p3_features.TestP2RatingsBulkModeration" name="test_bulk_moderate_invalid_action" time="0.275" /><testcase classname="tests.test_p0_p2_p3_features.TestP2RatingsBulkModeration" name="test_get_all_ratings_endpoint" time="0.364" /><testcase classname="tests.test_p0_p2_p3_features.TestP3CustomerServiceComponents" name="test_support_tickets_endpoint" time="0.279" /><testcase classname="tests.test_p0_p2_p3_features.TestP3CustomerServiceComponents" name="test_support_tickets_stats_endpoint" time="0.293" /><testcase classname="tests.test_p0_p2_p3_features.TestP3CustomerServiceComponents" name="test_support_tickets_team_members_endpoint" time="0.323" /></testsuite></testsuites>