<?xml version="1.0" encoding="utf-8"?><testsuites name="pytest tests"><testsuite name="pytest" errors="0" failures="0" skipped="0" tests="3" time="0.810" timestamp="2026-03-11T10:47:30.104285+00:00" hostname="agent-env-9fc03400-4fa8-4dcc-9e22-88e69f805480"><testcase classname="backend.tests.test_iteration83_loyalty_enhancements.TestPromoCodeOperatorScopeValidation" name="test_validate_rejects_code_without_operator_id" time="0.588" /><testcase classname="backend.tests.test_iteration83_loyalty_enhancements.TestPromoCodeOperatorScopeValidation" name="test_validate_rejects_code_with_wrong_operator_id" time="0.103" /><testcase classname="backend.tests.test_iteration83_loyalty_enhancements.TestPromoCodeOperatorScopeValidation" name="test_validate_accepts_code_with_correct_operator_id" time="0.051" /></testsuite></testsuites>