<?xml version="1.0" encoding="utf-8"?><testsuites name="pytest tests"><testsuite name="pytest" errors="0" failures="0" skipped="2" tests="16" time="4.353" timestamp="2026-04-15T15:09:25.816920+00:00" hostname="agent-env-823d2962-d7bc-4e54-8071-9c028b42960a"><testcase classname="backend.tests.test_iteration91_operator_scoping.TestSupportTicketsScoping" name="test_admin_gets_all_tickets" time="0.560" /><testcase classname="backend.tests.test_iteration91_operator_scoping.TestSupportTicketsScoping" name="test_operator_gets_scoped_tickets" time="0.667" /><testcase classname="backend.tests.test_iteration91_operator_scoping.TestSupportTicketsScoping" name="test_admin_stats_returns_all" time="0.180" /><testcase classname="backend.tests.test_iteration91_operator_scoping.TestSupportTicketsScoping" name="test_operator_stats_returns_scoped" time="0.278" /><testcase classname="backend.tests.test_iteration91_operator_scoping.TestSupportTicketsScoping" name="test_operator_detailed_stats_not_403" time="0.124" /><testcase classname="backend.tests.test_iteration91_operator_scoping.TestSupportTicketsScoping" name="test_admin_detailed_stats" time="0.144" /><testcase classname="backend.tests.test_iteration91_operator_scoping.TestSupportTicketViewById" name="test_operator_can_view_own_scoped_ticket" time="0.248" /><testcase classname="backend.tests.test_iteration91_operator_scoping.TestSupportTicketViewById" name="test_operator_cannot_view_other_operator_ticket" time="0.406" /><testcase classname="backend.tests.test_iteration91_operator_scoping.TestPromoCodesScoping" name="test_admin_gets_all_promo_codes" time="0.109" /><testcase classname="backend.tests.test_iteration91_operator_scoping.TestPromoCodesScoping" name="test_operator_gets_scoped_promo_codes" time="0.111"><skipped type="pytest.skip" message="Operator missing promo.view permission - permission config issue, not scoping bug">/app/backend/tests/test_iteration91_operator_scoping.py:320: Operator missing promo.view permission - permission config issue, not scoping bug</skipped></testcase><testcase classname="backend.tests.test_iteration91_operator_scoping.TestPromoCodeDeleteScoping" name="test_operator_can_delete_own_promo_code" time="0.128"><skipped type="pytest.skip" message="Operator missing promo.create permission">/app/backend/tests/test_iteration91_operator_scoping.py:364: Operator missing promo.create permission</skipped></testcase><testcase classname="backend.tests.test_iteration91_operator_scoping.TestPromoCodeDeleteScoping" name="test_operator_cannot_delete_other_operator_promo_code" time="0.409" /><testcase classname="backend.tests.test_iteration91_operator_scoping.TestCommunicationsScoping" name="test_operator_announcements_scoped" time="0.151" /><testcase classname="backend.tests.test_iteration91_operator_scoping.TestCommunicationsScoping" name="test_operator_alerts_scoped" time="0.109" /><testcase classname="backend.tests.test_iteration91_operator_scoping.TestCommunicationsScoping" name="test_admin_sees_all_announcements" time="0.116" /><testcase classname="backend.tests.test_iteration91_operator_scoping.TestCustomerAccess" name="test_customer_sees_only_own_tickets" time="0.534" /></testsuite></testsuites>