<?xml version="1.0" encoding="utf-8"?><testsuites name="pytest tests"><testsuite name="pytest" errors="0" failures="0" skipped="0" tests="10" time="3.536" timestamp="2026-02-12T17:08:46.563462+00:00" hostname="agent-env-fbc51eb8-af76-44a8-aede-725cf9740c12"><testcase classname="backend.tests.test_car_rental_images_iteration58.TestCarRentalImages" name="test_01_create_vehicle_with_images_array" time="0.378" /><testcase classname="backend.tests.test_car_rental_images_iteration58.TestCarRentalImages" name="test_02_create_vehicle_with_6_images" time="0.343" /><testcase classname="backend.tests.test_car_rental_images_iteration58.TestCarRentalImages" name="test_03_create_vehicle_with_empty_images" time="0.359" /><testcase classname="backend.tests.test_car_rental_images_iteration58.TestCarRentalImages" name="test_04_create_vehicle_without_images_field" time="0.342" /><testcase classname="backend.tests.test_car_rental_images_iteration58.TestCarRentalImages" name="test_05_get_vehicles_list_returns_images" time="0.354" /><testcase classname="backend.tests.test_car_rental_images_iteration58.TestCarRentalImages" name="test_06_get_single_vehicle_returns_images" time="0.321" /><testcase classname="backend.tests.test_car_rental_images_iteration58.TestCarRentalImages" name="test_07_update_vehicle_images" time="0.382" /><testcase classname="backend.tests.test_car_rental_images_iteration58.TestCarRentalImages" name="test_08_vehicle_data_persistence" time="0.304" /><testcase classname="backend.tests.test_car_rental_images_iteration58.TestCarRentalImages" name="test_09_vehicle_filter_by_type_with_images" time="0.307" /><testcase classname="backend.tests.test_car_rental_images_iteration58.TestCarRentalImages" name="test_10_cleanup_test_vehicles" time="0.355" /></testsuite></testsuites>