<?xml version="1.0" encoding="utf-8"?><testsuites name="pytest tests"><testsuite name="pytest" errors="0" failures="0" skipped="0" tests="9" time="1.213" timestamp="2026-02-10T19:12:26.851450+00:00" hostname="agent-env-4773383a-1283-41b2-bf29-2b5e2dedab3c"><testcase classname="backend.tests.test_iteration38_features.TestMarketSegmentNotEnumRestricted" name="test_get_operators_list" time="0.372" /><testcase classname="backend.tests.test_iteration38_features.TestMarketSegmentNotEnumRestricted" name="test_update_operator_with_dynamic_segment" time="0.342" /><testcase classname="backend.tests.test_iteration38_features.TestOwnerNameFallbackChain" name="test_operators_have_owner_info" time="0.046" /><testcase classname="backend.tests.test_iteration38_features.TestOwnerNameFallbackChain" name="test_some_operators_have_owner_names" time="0.051" /><testcase classname="backend.tests.test_iteration38_features.TestScopeMatchingOperatorsEndpoint" name="test_list_scopes" time="0.040" /><testcase classname="backend.tests.test_iteration38_features.TestScopeMatchingOperatorsEndpoint" name="test_matching_operators_endpoint_exists" time="0.086" /><testcase classname="backend.tests.test_iteration38_features.TestScopeMatchingOperatorsEndpoint" name="test_matching_operators_filters_correctly" time="0.087" /><testcase classname="backend.tests.test_iteration38_features.TestMarketSegmentsAPI" name="test_get_market_segments" time="0.042" /><testcase classname="backend.tests.test_iteration38_features.TestScopePodAssignment" name="test_scope_has_assigned_pod_ids_field" time="0.086" /></testsuite></testsuites>