<?xml version="1.0" encoding="utf-8"?><testsuites name="pytest tests"><testsuite name="pytest" errors="0" failures="1" skipped="0" tests="10" time="4.551" timestamp="2026-02-12T11:56:53.497571+00:00" hostname="agent-env-3a33d7eb-3889-4307-af8c-7fc8735c5d4c"><testcase classname="tests.test_loyalty_phase3.TestLoyaltyReferralSystem" name="test_get_referral_info" time="0.656" /><testcase classname="tests.test_loyalty_phase3.TestLoyaltyReferralSystem" name="test_referral_claim_own_code_fails" time="0.644" /><testcase classname="tests.test_loyalty_phase3.TestLoyaltyReferralSystem" name="test_referral_claim_invalid_code_fails" time="0.648" /><testcase classname="tests.test_loyalty_phase3.TestLoyaltyReferralSystem" name="test_super_admin_referral_code" time="0.600" /><testcase classname="tests.test_loyalty_phase3.TestCustomerLoyaltyEndpoints" name="test_get_loyalty_program" time="0.318" /><testcase classname="tests.test_loyalty_phase3.TestCustomerLoyaltyEndpoints" name="test_get_transactions" time="0.321" /><testcase classname="tests.test_loyalty_phase3.TestCustomerLoyaltyEndpoints" name="test_get_rewards" time="0.316" /><testcase classname="tests.test_loyalty_phase3.TestCustomerLoyaltyEndpoints" name="test_get_redemptions" time="0.316" /><testcase classname="tests.test_loyalty_phase3.TestLoyaltyDataIntegrity" name="test_points_consistency" time="0.312" /><testcase classname="tests.test_loyalty_phase3.TestLoyaltyDataIntegrity" name="test_tier_threshold_logic" time="0.320"><failure message="AssertionError: Expected tier 'silver' for 4710 points, got 'bronze'&#10;assert 'bronze' == 'silver'&#10;  &#10;  - silver&#10;  + bronze">tests/test_loyalty_phase3.py:282: in test_tier_threshold_logic
    assert tier == expected_tier, f"Expected tier '{expected_tier}' for {total_points} points, got '{tier}'"
E   AssertionError: Expected tier 'silver' for 4710 points, got 'bronze'
E   assert 'bronze' == 'silver'
E     
E     - silver
E     + bronze</failure></testcase></testsuite></testsuites>