<?xml version="1.0" encoding="utf-8"?><testsuites name="pytest tests"><testsuite name="pytest" errors="0" failures="0" skipped="0" tests="16" time="1.405" timestamp="2026-02-07T22:12:46.880040+00:00" hostname="agent-env-4773383a-1283-41b2-bf29-2b5e2dedab3c"><testcase classname="backend.tests.test_location_filtering.TestLocationFilteringBackend" name="test_hotels_with_cameroon_filter" time="0.069" /><testcase classname="backend.tests.test_location_filtering.TestLocationFilteringBackend" name="test_hotels_with_us_filter_returns_all" time="0.086" /><testcase classname="backend.tests.test_location_filtering.TestLocationFilteringBackend" name="test_hotels_without_filter_returns_all" time="0.044" /><testcase classname="backend.tests.test_location_filtering.TestLocationFilteringBackend" name="test_events_with_cameroon_filter" time="0.042" /><testcase classname="backend.tests.test_location_filtering.TestLocationFilteringBackend" name="test_events_with_us_filter_returns_all" time="0.079" /><testcase classname="backend.tests.test_location_filtering.TestLocationFilteringBackend" name="test_restaurants_with_cameroon_filter" time="0.039" /><testcase classname="backend.tests.test_location_filtering.TestLocationFilteringBackend" name="test_car_rental_with_cameroon_filter" time="0.040" /><testcase classname="backend.tests.test_location_filtering.TestLocationFilteringBackend" name="test_travel_routes_with_cameroon_filter" time="0.039" /><testcase classname="backend.tests.test_location_filtering.TestLocationFilteringBackend" name="test_cinema_with_cameroon_filter" time="0.037" /><testcase classname="backend.tests.test_location_filtering.TestLocationFilteringBackend" name="test_pressing_with_cameroon_filter" time="0.036" /><testcase classname="backend.tests.test_location_filtering.TestLocationFilteringBackend" name="test_banquets_with_cameroon_filter" time="0.047" /><testcase classname="backend.tests.test_location_filtering.TestLocationFilteringBackend" name="test_packages_with_cameroon_filter" time="0.040" /><testcase classname="backend.tests.test_location_filtering.TestLocationFilteringBackend" name="test_geography_countries_api" time="0.327" /><testcase classname="backend.tests.test_location_filtering.TestLocationFilteringBackend" name="test_ip_info_endpoint" time="0.150" /><testcase classname="backend.tests.test_location_filtering.TestLocationFilteringComparison" name="test_african_vs_global_hotels" time="0.084" /><testcase classname="backend.tests.test_location_filtering.TestLocationFilteringComparison" name="test_african_vs_global_events" time="0.079" /></testsuite></testsuites>