<?xml version="1.0" encoding="utf-8"?><testsuites name="pytest tests"><testsuite name="pytest" errors="0" failures="0" skipped="0" tests="27" time="39.112" timestamp="2026-02-12T16:40:30.718660+00:00" hostname="agent-env-fbc51eb8-af76-44a8-aede-725cf9740c12"><testcase classname="backend.tests.test_favourites_iteration56.TestFavouritesAPI" name="test_01_create_favourite_hotels" time="0.420" /><testcase classname="backend.tests.test_favourites_iteration56.TestFavouritesAPI" name="test_02_create_favourite_travel" time="0.053" /><testcase classname="backend.tests.test_favourites_iteration56.TestFavouritesAPI" name="test_03_create_favourite_restaurants" time="0.044" /><testcase classname="backend.tests.test_favourites_iteration56.TestFavouritesAPI" name="test_04_create_favourite_car_rental" time="0.047" /><testcase classname="backend.tests.test_favourites_iteration56.TestFavouritesAPI" name="test_05_create_favourite_events" time="0.042" /><testcase classname="backend.tests.test_favourites_iteration56.TestFavouritesAPI" name="test_06_duplicate_add_returns_already_in_favourites" time="0.052" /><testcase classname="backend.tests.test_favourites_iteration56.TestFavouritesAPI" name="test_07_get_all_favourites" time="0.048" /><testcase classname="backend.tests.test_favourites_iteration56.TestFavouritesAPI" name="test_08_get_favourites_filtered_by_hotels" time="0.087" /><testcase classname="backend.tests.test_favourites_iteration56.TestFavouritesAPI" name="test_09_get_favourites_filtered_by_travel" time="0.049" /><testcase classname="backend.tests.test_favourites_iteration56.TestFavouritesAPI" name="test_10_get_favourites_pagination" time="0.044" /><testcase classname="backend.tests.test_favourites_iteration56.TestFavouritesAPI" name="test_11_get_favourite_ids_for_hotels" time="0.043" /><testcase classname="backend.tests.test_favourites_iteration56.TestFavouritesAPI" name="test_12_get_favourite_ids_for_travel" time="0.050" /><testcase classname="backend.tests.test_favourites_iteration56.TestFavouritesAPI" name="test_13_get_favourite_ids_for_events" time="0.045" /><testcase classname="backend.tests.test_favourites_iteration56.TestFavouritesAPI" name="test_14_check_favourite_exists" time="0.041" /><testcase classname="backend.tests.test_favourites_iteration56.TestFavouritesAPI" name="test_15_check_favourite_not_exists" time="0.041" /><testcase classname="backend.tests.test_favourites_iteration56.TestFavouritesAPI" name="test_16_different_user_has_different_favourites" time="0.328" /><testcase classname="backend.tests.test_favourites_iteration56.TestFavouritesAPI" name="test_17_superadmin_can_add_own_favourites" time="0.043" /><testcase classname="backend.tests.test_favourites_iteration56.TestFavouritesAPI" name="test_18_superadmin_favourite_not_visible_to_customer" time="0.043" /><testcase classname="backend.tests.test_favourites_iteration56.TestFavouritesAPI" name="test_19_delete_favourite" time="0.054" /><testcase classname="backend.tests.test_favourites_iteration56.TestFavouritesAPI" name="test_20_deleted_favourite_not_in_ids" time="0.038" /><testcase classname="backend.tests.test_favourites_iteration56.TestFavouritesAPI" name="test_21_check_deleted_favourite_returns_false" time="0.045" /><testcase classname="backend.tests.test_favourites_iteration56.TestFavouritesAPI" name="test_22_delete_non_existent_favourite_returns_404" time="0.040" /><testcase classname="backend.tests.test_favourites_iteration56.TestFavouritesAPI" name="test_99_cleanup_test_data" time="0.296" /><testcase classname="backend.tests.test_favourites_iteration56.TestFavouritesEdgeCases" name="test_favourite_with_minimal_data" time="0.395" /><testcase classname="backend.tests.test_favourites_iteration56.TestFavouritesEdgeCases" name="test_favourite_with_extra_metadata" time="0.145" /><testcase classname="backend.tests.test_favourites_iteration56.TestFavouritesEdgeCases" name="test_unauthenticated_request_fails" time="0.041" /><testcase classname="backend.tests.test_favourites_iteration56.TestFavouritesEdgeCases" name="test_all_service_types_supported" time="36.437" /></testsuite></testsuites>