<?xml version="1.0" encoding="utf-8"?><testsuites name="pytest tests"><testsuite name="pytest" errors="0" failures="0" skipped="0" tests="19" time="2.060" timestamp="2026-02-07T21:35:13.568540+00:00" hostname="agent-env-d112a3f2-8edb-4b58-8d54-9b4a4e4055f2"><testcase classname="backend.tests.test_authorization_context.TestOperatorListingAccessInfo" name="test_operators_list_returns_access_info" time="0.355" /><testcase classname="backend.tests.test_authorization_context.TestOperatorListingAccessInfo" name="test_operators_list_has_operators" time="0.045" /><testcase classname="backend.tests.test_authorization_context.TestSuperAdminOperatorAccess" name="test_super_admin_has_global_access" time="0.040" /><testcase classname="backend.tests.test_authorization_context.TestSuperAdminOperatorAccess" name="test_super_admin_sees_all_operators" time="0.045" /><testcase classname="backend.tests.test_authorization_context.TestSuperAdminOperatorAccess" name="test_super_admin_can_view_any_operator" time="0.087" /><testcase classname="backend.tests.test_authorization_context.TestAdminOperatorAccess" name="test_admin_operators_list" time="0.322" /><testcase classname="backend.tests.test_authorization_context.TestAdminOperatorAccess" name="test_admin_access_info_structure" time="0.045" /><testcase classname="backend.tests.test_authorization_context.TestOperatorDetailAuthorization" name="test_get_operator_detail_authorized" time="0.078" /><testcase classname="backend.tests.test_authorization_context.TestOperatorDetailAuthorization" name="test_get_nonexistent_operator" time="0.044" /><testcase classname="backend.tests.test_authorization_context.TestPodManagementOperatorAssignment" name="test_list_pods" time="0.040" /><testcase classname="backend.tests.test_authorization_context.TestPodManagementOperatorAssignment" name="test_pod_has_assigned_operators_field" time="0.080" /><testcase classname="backend.tests.test_authorization_context.TestEmployeeScopeManagement" name="test_list_employee_scopes" time="0.038" /><testcase classname="backend.tests.test_authorization_context.TestEmployeeScopeManagement" name="test_scope_has_filter_attributes" time="0.041" /><testcase classname="backend.tests.test_authorization_context.TestCustomerLocationAPI" name="test_ip_info_endpoint" time="0.291" /><testcase classname="backend.tests.test_authorization_context.TestCustomerLocationAPI" name="test_geography_countries_for_modal" time="0.039" /><testcase classname="backend.tests.test_authorization_context.TestAuthorizationContextFlow" name="test_super_admin_full_access_flow" time="0.162" /><testcase classname="backend.tests.test_authorization_context.TestAuthorizationContextFlow" name="test_admin_access_flow" time="0.140" /><testcase classname="backend.tests.test_authorization_context.TestOperatorFiltering" name="test_filter_by_status" time="0.043" /><testcase classname="backend.tests.test_authorization_context.TestOperatorFiltering" name="test_filter_by_country" time="0.040" /></testsuite></testsuites>