<?xml version="1.0" encoding="utf-8"?><testsuites name="pytest tests"><testsuite name="pytest" errors="0" failures="2" skipped="0" tests="16" time="40.559" timestamp="2026-02-07T22:30:27.195852+00:00" hostname="agent-env-4773383a-1283-41b2-bf29-2b5e2dedab3c"><testcase classname="backend.tests.test_iteration29.TestAuthorizationContext" name="test_admin_auth_me_returns_authorization_context" time="30.899" /><testcase classname="backend.tests.test_iteration29.TestAuthorizationContext" name="test_admin_auth_me_returns_effective_permissions" time="0.097" /><testcase classname="backend.tests.test_iteration29.TestAuthorizationContext" name="test_customer_auth_me_no_authorization_context" time="0.334" /><testcase classname="backend.tests.test_iteration29.TestPodMyEndpoints" name="test_my_team_returns_empty_for_non_pod_member" time="0.044" /><testcase classname="backend.tests.test_iteration29.TestPodMyEndpoints" name="test_my_membership_returns_null_for_non_pod_member" time="0.041" /><testcase classname="backend.tests.test_iteration29.TestPodMyEndpoints" name="test_team_lead_add_member_requires_team_lead_role" time="0.043" /><testcase classname="backend.tests.test_iteration29.TestPodMyEndpoints" name="test_team_lead_remove_member_requires_team_lead_role" time="0.040" /><testcase classname="backend.tests.test_iteration29.TestPodMyEndpoints" name="test_team_lead_change_role_requires_team_lead_role" time="0.044" /><testcase classname="backend.tests.test_iteration29.TestDataMigration" name="test_operators_have_region_and_market_segment" time="0.327"><failure message="assert 404 == 200&#10; +  where 404 = &lt;Response [404]&gt;.status_code">backend/tests/test_iteration29.py:182: in test_operators_have_region_and_market_segment
    assert response.status_code == 200
E   assert 404 == 200
E    +  where 404 = &lt;Response [404]&gt;.status_code</failure></testcase><testcase classname="backend.tests.test_iteration29.TestDataMigration" name="test_users_have_country_field" time="0.050"><failure message="assert 403 == 200&#10; +  where 403 = &lt;Response [403]&gt;.status_code">backend/tests/test_iteration29.py:198: in test_users_have_country_field
    assert response.status_code == 200
E   assert 403 == 200
E    +  where 403 = &lt;Response [403]&gt;.status_code</failure></testcase><testcase classname="backend.tests.test_iteration29.TestDataMigration" name="test_services_api_returns_data" time="7.438" /><testcase classname="backend.tests.test_iteration29.TestPodStandardEndpoints" name="test_list_pods" time="0.045" /><testcase classname="backend.tests.test_iteration29.TestPodStandardEndpoints" name="test_create_and_delete_pod" time="0.084" /><testcase classname="backend.tests.test_iteration29.TestLoginEndpoints" name="test_super_admin_login" time="0.289" /><testcase classname="backend.tests.test_iteration29.TestLoginEndpoints" name="test_admin_login" time="0.285" /><testcase classname="backend.tests.test_iteration29.TestLoginEndpoints" name="test_customer_login" time="0.285" /></testsuite></testsuites>