<?xml version="1.0" encoding="utf-8"?><testsuites name="pytest tests"><testsuite name="pytest" errors="0" failures="0" skipped="0" tests="10" time="3.193" timestamp="2026-02-08T09:23:12.306948+00:00" hostname="agent-env-4773383a-1283-41b2-bf29-2b5e2dedab3c"><testcase classname="backend.tests.test_operator_geography.TestOperatorGeography" name="test_01_geography_api_available" time="0.357" /><testcase classname="backend.tests.test_operator_geography.TestOperatorGeography" name="test_02_regions_api_available" time="0.293" /><testcase classname="backend.tests.test_operator_geography.TestOperatorGeography" name="test_03_market_segments_api_available" time="0.295" /><testcase classname="backend.tests.test_operator_geography.TestOperatorGeography" name="test_04_create_operator_with_geography" time="0.319" /><testcase classname="backend.tests.test_operator_geography.TestOperatorGeography" name="test_05_create_operator_with_enterprise_segment" time="0.307" /><testcase classname="backend.tests.test_operator_geography.TestOperatorGeography" name="test_06_create_operator_with_strategic_segment" time="0.309" /><testcase classname="backend.tests.test_operator_geography.TestOperatorGeography" name="test_07_update_operator_geography" time="0.372" /><testcase classname="backend.tests.test_operator_geography.TestOperatorGeography" name="test_08_get_operators_list_includes_geography" time="0.297" /><testcase classname="backend.tests.test_operator_geography.TestOperatorGeography" name="test_09_filter_operators_by_country" time="0.292" /><testcase classname="backend.tests.test_operator_geography.TestOperatorGeography" name="test_10_filter_operators_by_market_segment" time="0.291" /></testsuite></testsuites>