<?xml version="1.0" encoding="utf-8"?><testsuites name="pytest tests"><testsuite name="pytest" errors="0" failures="0" skipped="0" tests="9" time="11.867" timestamp="2026-04-15T18:38:02.333869+00:00" hostname="agent-env-63832dfb-71cf-4fdd-8e20-8b0ec1300386"><testcase classname="backend.tests.test_cinema_events_iteration97.TestAuth" name="test_admin_login" time="0.696" /><testcase classname="backend.tests.test_cinema_events_iteration97.TestCinemaAPIs" name="test_get_cinemas_list" time="0.805" /><testcase classname="backend.tests.test_cinema_events_iteration97.TestCinemaAPIs" name="test_create_cinema" time="2.762" /><testcase classname="backend.tests.test_cinema_events_iteration97.TestCinemaAPIs" name="test_get_films_list" time="1.763" /><testcase classname="backend.tests.test_cinema_events_iteration97.TestCinemaAPIs" name="test_create_film_with_query_params" time="1.253" /><testcase classname="backend.tests.test_cinema_events_iteration97.TestEventsAPIs" name="test_get_events_list" time="0.730" /><testcase classname="backend.tests.test_cinema_events_iteration97.TestEventsAPIs" name="test_create_event_with_correct_field_mapping" time="2.358" /><testcase classname="backend.tests.test_cinema_events_iteration97.TestEventsAPIs" name="test_event_field_mapping_validation" time="0.599" /><testcase classname="backend.tests.test_cinema_events_iteration97.TestCinemaFilmsEndpoint" name="test_films_endpoint_exists" time="0.829" /></testsuite></testsuites>