<?xml version="1.0" encoding="utf-8"?><testsuites name="pytest tests"><testsuite name="pytest" errors="0" failures="0" skipped="0" tests="10" time="3.671" timestamp="2026-02-12T12:30:36.913509+00:00" hostname="agent-env-3a33d7eb-3889-4307-af8c-7fc8735c5d4c"><testcase classname="backend.tests.test_loyalty_iteration46.TestAdminLoyaltyEndpoints" name="test_admin_stats_endpoint" time="0.392" /><testcase classname="backend.tests.test_loyalty_iteration46.TestAdminLoyaltyEndpoints" name="test_admin_tier_history_endpoint" time="0.325" /><testcase classname="backend.tests.test_loyalty_iteration46.TestAdminLoyaltyEndpoints" name="test_admin_members_list" time="0.372" /><testcase classname="backend.tests.test_loyalty_iteration46.TestAdminLoyaltyEndpoints" name="test_admin_member_detail" time="0.371" /><testcase classname="backend.tests.test_loyalty_iteration46.TestAdminLoyaltyEndpoints" name="test_admin_rewards_crud" time="0.478" /><testcase classname="backend.tests.test_loyalty_iteration46.TestCustomerLoyaltyEndpoints" name="test_get_loyalty_program_with_auto_tier_recalculation" time="0.320" /><testcase classname="backend.tests.test_loyalty_iteration46.TestCustomerLoyaltyEndpoints" name="test_get_rewards_returns_id_field" time="0.324" /><testcase classname="backend.tests.test_loyalty_iteration46.TestCustomerLoyaltyEndpoints" name="test_get_redemptions" time="0.321" /><testcase classname="backend.tests.test_loyalty_iteration46.TestCustomerLoyaltyEndpoints" name="test_get_referral" time="0.320" /><testcase classname="backend.tests.test_loyalty_iteration46.TestRedemptionFlow" name="test_redeem_reward_flow" time="0.357" /></testsuite></testsuites>