<?xml version="1.0" encoding="utf-8"?><testsuites name="pytest tests"><testsuite name="pytest" errors="0" failures="3" skipped="0" tests="10" time="2.430" timestamp="2026-03-11T09:38:13.562165+00:00" hostname="agent-env-55f476a8-353f-444c-a246-a3d58270f9ae"><testcase classname="backend.tests.test_iteration81_notifications_tab.TestNotificationsAPI" name="test_admin_get_notifications" time="0.563" /><testcase classname="backend.tests.test_iteration81_notifications_tab.TestNotificationsAPI" name="test_operator_get_notifications" time="0.499" /><testcase classname="backend.tests.test_iteration81_notifications_tab.TestNotificationsAPI" name="test_customer_get_notifications" time="0.511" /><testcase classname="backend.tests.test_iteration81_notifications_tab.TestAdminUserInfo" name="test_admin_role_is_admin" time="0.107"><failure message="assert 404 == 200&#10; +  where 404 = &lt;Response [404]&gt;.status_code">backend/tests/test_iteration81_notifications_tab.py:102: in test_admin_role_is_admin
    assert response.status_code == 200
E   assert 404 == 200
E    +  where 404 = &lt;Response [404]&gt;.status_code</failure></testcase><testcase classname="backend.tests.test_iteration81_notifications_tab.TestOperatorUserInfo" name="test_operator_role_is_operator" time="0.106"><failure message="assert 403 == 200&#10; +  where 403 = &lt;Response [403]&gt;.status_code">backend/tests/test_iteration81_notifications_tab.py:117: in test_operator_role_is_operator
    assert response.status_code == 200
E   assert 403 == 200
E    +  where 403 = &lt;Response [403]&gt;.status_code</failure></testcase><testcase classname="backend.tests.test_iteration81_notifications_tab.TestCustomerUserInfo" name="test_customer_role_is_customer" time="0.118"><failure message="assert 403 == 200&#10; +  where 403 = &lt;Response [403]&gt;.status_code">backend/tests/test_iteration81_notifications_tab.py:132: in test_customer_role_is_customer
    assert response.status_code == 200
E   assert 403 == 200
E    +  where 403 = &lt;Response [403]&gt;.status_code</failure></testcase><testcase classname="backend.tests.test_iteration81_notifications_tab.TestNotificationFiltering" name="test_filter_unread_notifications" time="0.109" /><testcase classname="backend.tests.test_iteration81_notifications_tab.TestNotificationFiltering" name="test_filter_read_notifications" time="0.110" /><testcase classname="backend.tests.test_iteration81_notifications_tab.TestNotificationPagination" name="test_pagination_limit" time="0.101" /><testcase classname="backend.tests.test_iteration81_notifications_tab.TestNotificationPagination" name="test_pagination_skip" time="0.103" /></testsuite></testsuites>