<?xml version="1.0" encoding="utf-8"?><testsuites name="pytest tests"><testsuite name="pytest" errors="0" failures="0" skipped="0" tests="16" time="1.671" timestamp="2026-02-12T15:52:33.898900+00:00" hostname="agent-env-fbc51eb8-af76-44a8-aede-725cf9740c12"><testcase classname="backend.tests.test_loyalty_promo_codes_iteration53.TestLoyaltyPromoCodeGeneration" name="test_01_create_loyalty_reward" time="0.418" /><testcase classname="backend.tests.test_loyalty_promo_codes_iteration53.TestLoyaltyPromoCodeGeneration" name="test_02_generate_promo_from_reward" time="0.049" /><testcase classname="backend.tests.test_loyalty_promo_codes_iteration53.TestLoyaltyPromoCodeGeneration" name="test_03_verify_promo_code_in_collection" time="0.042" /><testcase classname="backend.tests.test_loyalty_promo_codes_iteration53.TestPromoCodeValidation" name="test_04_customer_validates_code" time="0.329" /><testcase classname="backend.tests.test_loyalty_promo_codes_iteration53.TestPromoCodeValidation" name="test_05_customer_validates_with_different_amount" time="0.038" /><testcase classname="backend.tests.test_loyalty_promo_codes_iteration53.TestPromoCodeUsage" name="test_06_customer_uses_code" time="0.036" /><testcase classname="backend.tests.test_loyalty_promo_codes_iteration53.TestPromoCodeUsage" name="test_07_admin_sees_updated_times_used" time="0.039" /><testcase classname="backend.tests.test_loyalty_promo_codes_iteration53.TestPromoCodeUsage" name="test_08_per_user_limit_rejection" time="0.047" /><testcase classname="backend.tests.test_loyalty_promo_codes_iteration53.TestFixedAmountPromoCode" name="test_09_create_fixed_discount_reward" time="0.040" /><testcase classname="backend.tests.test_loyalty_promo_codes_iteration53.TestFixedAmountPromoCode" name="test_10_generate_fixed_promo_code" time="0.078" /><testcase classname="backend.tests.test_loyalty_promo_codes_iteration53.TestFixedAmountPromoCode" name="test_11_validate_fixed_discount_calculation" time="0.043" /><testcase classname="backend.tests.test_loyalty_promo_codes_iteration53.TestUsageLimitEnforcement" name="test_12_create_reward_with_usage_limit_1" time="0.036" /><testcase classname="backend.tests.test_loyalty_promo_codes_iteration53.TestUsageLimitEnforcement" name="test_13_generate_limited_promo" time="0.039" /><testcase classname="backend.tests.test_loyalty_promo_codes_iteration53.TestUsageLimitEnforcement" name="test_14_first_use_succeeds" time="0.078" /><testcase classname="backend.tests.test_loyalty_promo_codes_iteration53.TestUsageLimitEnforcement" name="test_15_usage_limit_reached_rejection" time="0.038" /><testcase classname="backend.tests.test_loyalty_promo_codes_iteration53.TestCleanup" name="test_99_cleanup_test_data" time="0.230" /></testsuite></testsuites>