<?xml version="1.0" encoding="utf-8"?><testsuites name="pytest tests"><testsuite name="pytest" errors="0" failures="0" skipped="0" tests="26" time="2.003" timestamp="2026-02-12T16:15:30.694424+00:00" hostname="agent-env-fbc51eb8-af76-44a8-aede-725cf9740c12"><testcase classname="backend.tests.test_communications_analytics_iteration55.TestCommunicationsAnnouncements" name="test_01_create_travel_announcement" time="0.365" /><testcase classname="backend.tests.test_communications_analytics_iteration55.TestCommunicationsAnnouncements" name="test_02_create_hotels_announcement" time="0.041" /><testcase classname="backend.tests.test_communications_analytics_iteration55.TestCommunicationsAnnouncements" name="test_03_create_restaurants_announcement" time="0.043" /><testcase classname="backend.tests.test_communications_analytics_iteration55.TestCommunicationsAnnouncements" name="test_04_get_travel_announcements_filtered" time="0.043" /><testcase classname="backend.tests.test_communications_analytics_iteration55.TestCommunicationsAnnouncements" name="test_05_get_hotels_announcements_filtered" time="0.046" /><testcase classname="backend.tests.test_communications_analytics_iteration55.TestCommunicationsAlerts" name="test_06_create_travel_alert_medium" time="0.047" /><testcase classname="backend.tests.test_communications_analytics_iteration55.TestCommunicationsAlerts" name="test_07_create_travel_alert_high" time="0.041" /><testcase classname="backend.tests.test_communications_analytics_iteration55.TestCommunicationsAlerts" name="test_08_create_hotels_alert" time="0.059" /><testcase classname="backend.tests.test_communications_analytics_iteration55.TestCommunicationsAlerts" name="test_09_get_travel_alerts_filtered" time="0.046" /><testcase classname="backend.tests.test_communications_analytics_iteration55.TestCommunicationsAlerts" name="test_10_get_active_alerts_only" time="0.068" /><testcase classname="backend.tests.test_communications_analytics_iteration55.TestCommunicationsAlerts" name="test_11_resolve_alert" time="0.048" /><testcase classname="backend.tests.test_communications_analytics_iteration55.TestCommunicationsAlerts" name="test_12_resolved_alert_not_in_active" time="0.049" /><testcase classname="backend.tests.test_communications_analytics_iteration55.TestCommunicationsRecentFeed" name="test_13_get_recent_travel_communications" time="0.045" /><testcase classname="backend.tests.test_communications_analytics_iteration55.TestCommunicationsRecentFeed" name="test_14_recent_feed_for_hotels" time="0.042" /><testcase classname="backend.tests.test_communications_analytics_iteration55.TestCommunicationsRecentFeed" name="test_15_recent_feed_for_restaurants" time="0.049" /><testcase classname="backend.tests.test_communications_analytics_iteration55.TestTravelAnalyticsDashboard" name="test_16_get_travel_analytics_dashboard" time="0.061" /><testcase classname="backend.tests.test_communications_analytics_iteration55.TestTravelAnalyticsDashboard" name="test_17_analytics_monthly_trend_structure" time="0.066" /><testcase classname="backend.tests.test_communications_analytics_iteration55.TestTravelAnalyticsDashboard" name="test_18_analytics_route_popularity_structure" time="0.061" /><testcase classname="backend.tests.test_communications_analytics_iteration55.TestTravelAnalyticsDashboard" name="test_19_analytics_vehicle_utilization_structure" time="0.061" /><testcase classname="backend.tests.test_communications_analytics_iteration55.TestTravelAnalyticsDashboard" name="test_20_analytics_summary_structure" time="0.067" /><testcase classname="backend.tests.test_communications_analytics_iteration55.TestTravelAnalyticsDashboard" name="test_21_analytics_data_from_real_db" time="0.119" /><testcase classname="backend.tests.test_communications_analytics_iteration55.TestOperatorScopedCommunications" name="test_22_operator_creates_announcement" time="0.326" /><testcase classname="backend.tests.test_communications_analytics_iteration55.TestOperatorScopedCommunications" name="test_23_operator_creates_alert" time="0.040" /><testcase classname="backend.tests.test_communications_analytics_iteration55.TestOperatorScopedCommunications" name="test_24_operator_views_announcements" time="0.044" /><testcase classname="backend.tests.test_communications_analytics_iteration55.TestOperatorScopedCommunications" name="test_25_operator_views_recent_feed" time="0.045" /><testcase classname="backend.tests.test_communications_analytics_iteration55.TestCleanup" name="test_99_cleanup_test_data" time="0.000" /></testsuite></testsuites>