<?xml version="1.0" encoding="utf-8"?><testsuites name="pytest tests"><testsuite name="pytest" errors="0" failures="0" skipped="0" tests="6" time="4.673" timestamp="2026-02-12T15:12:13.969740+00:00" hostname="agent-env-fbc51eb8-af76-44a8-aede-725cf9740c12"><testcase classname="backend.tests.test_operator_owner_iteration50.TestOperatorOwnerCreation" name="test_create_operator_with_owner_account" time="3.495" /><testcase classname="backend.tests.test_operator_owner_iteration50.TestOperatorOwnerCreation" name="test_owner_can_login" time="0.283" /><testcase classname="backend.tests.test_operator_owner_iteration50.TestOperatorOwnerCreation" name="test_create_operator_without_owner_account" time="0.076" /><testcase classname="backend.tests.test_operator_owner_iteration50.TestOperatorListResponse" name="test_operators_list_returns_required_fields" time="0.329" /><testcase classname="backend.tests.test_operator_owner_iteration50.TestOperatorListResponse" name="test_test_operator_has_owner_info" time="0.090" /><testcase classname="backend.tests.test_operator_owner_iteration50.TestCleanup" name="test_cleanup_test_operator" time="0.329" /></testsuite></testsuites>