<?xml version="1.0" encoding="utf-8"?><testsuites name="pytest tests"><testsuite name="pytest" errors="0" failures="0" skipped="0" tests="8" time="1.380" timestamp="2026-02-12T15:41:12.741995+00:00" hostname="agent-env-fbc51eb8-af76-44a8-aede-725cf9740c12"><testcase classname="backend.tests.test_iteration52_round_trip_orders.TestCustomerAuth" name="test_customer_login" time="0.341" /><testcase classname="backend.tests.test_iteration52_round_trip_orders.TestSingleTripOrderBackwardsCompatible" name="test_single_trip_order_creation" time="0.311" /><testcase classname="backend.tests.test_iteration52_round_trip_orders.TestSingleTripOrderBackwardsCompatible" name="test_single_trip_with_is_round_trip_false" time="0.011" /><testcase classname="backend.tests.test_iteration52_round_trip_orders.TestRoundTripOrderCreation" name="test_round_trip_order_creates_two_orders_one_receipt" time="0.013" /><testcase classname="backend.tests.test_iteration52_round_trip_orders.TestRoundTripOrderCreation" name="test_round_trip_response_structure" time="0.058" /><testcase classname="backend.tests.test_iteration52_round_trip_orders.TestRoundTripOrdersInDatabase" name="test_verify_both_orders_exist_in_orders_collection" time="0.038" /><testcase classname="backend.tests.test_iteration52_round_trip_orders.TestRoundTripNonTravelService" name="test_round_trip_ignored_for_non_travel_service" time="0.008" /><testcase classname="backend.tests.test_iteration52_round_trip_orders.TestCleanup" name="test_cleanup_test_orders" time="0.502" /></testsuite></testsuites>