<?xml version="1.0" encoding="utf-8"?><testsuites name="pytest tests"><testsuite name="pytest" errors="0" failures="0" skipped="0" tests="13" time="1.869" timestamp="2026-04-17T23:15:27.561563+00:00" hostname="agent-env-6e645bf6-80c2-4686-a0e3-15d6949d3aac"><testcase classname="backend.tests.test_restaurant_menu_api.TestRestaurantMenuAPI" name="test_get_restaurant_details" time="0.230" /><testcase classname="backend.tests.test_restaurant_menu_api.TestRestaurantMenuAPI" name="test_get_restaurant_menu_returns_items" time="0.170" /><testcase classname="backend.tests.test_restaurant_menu_api.TestRestaurantMenuAPI" name="test_menu_item_has_required_fields" time="0.150" /><testcase classname="backend.tests.test_restaurant_menu_api.TestRestaurantMenuAPI" name="test_menu_item_has_images_array" time="0.134" /><testcase classname="backend.tests.test_restaurant_menu_api.TestRestaurantMenuAPI" name="test_menu_item_has_ingredients_array" time="0.120" /><testcase classname="backend.tests.test_restaurant_menu_api.TestRestaurantMenuAPI" name="test_menu_item_popular_flag" time="0.152" /><testcase classname="backend.tests.test_restaurant_menu_api.TestRestaurantMenuAPI" name="test_menu_categories" time="0.143" /><testcase classname="backend.tests.test_restaurant_menu_api.TestRestaurantMenuAPI" name="test_menu_item_price_format" time="0.111" /><testcase classname="backend.tests.test_restaurant_menu_api.TestRestaurantMenuAPI" name="test_item_without_ingredients" time="0.110" /><testcase classname="backend.tests.test_restaurant_menu_api.TestRestaurantDetails" name="test_restaurant_has_rating" time="0.116" /><testcase classname="backend.tests.test_restaurant_menu_api.TestRestaurantDetails" name="test_restaurant_has_location" time="0.114" /><testcase classname="backend.tests.test_restaurant_menu_api.TestRestaurantDetails" name="test_restaurant_has_hours" time="0.114" /><testcase classname="backend.tests.test_restaurant_menu_api.TestRestaurantDetails" name="test_restaurant_has_cuisine_type" time="0.123" /></testsuite></testsuites>