<?xml version="1.0" encoding="utf-8"?><testsuites name="pytest tests"><testsuite name="pytest" errors="0" failures="0" skipped="0" tests="10" time="3.447" timestamp="2026-04-16T20:40:59.831024+00:00" hostname="agent-env-63832dfb-71cf-4fdd-8e20-8b0ec1300386"><testcase classname="backend.tests.test_iteration103_dashboard_operator_filter.TestDashboardStatsEndpoint" name="test_dashboard_stats_without_operator_filter" time="0.598" /><testcase classname="backend.tests.test_iteration103_dashboard_operator_filter.TestDashboardStatsEndpoint" name="test_dashboard_stats_with_musango_operator_filter" time="0.179" /><testcase classname="backend.tests.test_iteration103_dashboard_operator_filter.TestDashboardStatsEndpoint" name="test_dashboard_stats_operator_filter_reduces_count" time="0.321" /><testcase classname="backend.tests.test_iteration103_dashboard_operator_filter.TestDashboardStatsEndpoint" name="test_dashboard_stats_different_periods" time="0.432" /><testcase classname="backend.tests.test_iteration103_dashboard_operator_filter.TestDashboardStatsEndpoint" name="test_dashboard_stats_different_service_types" time="0.502" /><testcase classname="backend.tests.test_iteration103_dashboard_operator_filter.TestDashboardStatsEndpoint" name="test_operator_user_gets_own_data_only" time="0.669" /><testcase classname="backend.tests.test_iteration103_dashboard_operator_filter.TestDashboardStatsEndpoint" name="test_dashboard_stats_response_structure" time="0.124" /><testcase classname="backend.tests.test_iteration103_dashboard_operator_filter.TestDashboardStatsEndpoint" name="test_empty_operator_id_returns_all" time="0.295" /><testcase classname="backend.tests.test_iteration103_dashboard_operator_filter.TestFrontendHookIntegration" name="test_api_accepts_operator_id_query_param" time="0.115" /><testcase classname="backend.tests.test_iteration103_dashboard_operator_filter.TestFrontendHookIntegration" name="test_api_works_without_operator_id" time="0.138" /></testsuite></testsuites>