<?xml version="1.0" encoding="utf-8"?><testsuites name="pytest tests"><testsuite name="pytest" errors="0" failures="0" skipped="0" tests="11" time="3.841" timestamp="2026-02-12T17:32:50.929512+00:00" hostname="agent-env-fbc51eb8-af76-44a8-aede-725cf9740c12"><testcase classname="backend.tests.test_uploads_images_iteration60.TestUploadEndpoint" name="test_01_upload_endpoint_exists" time="0.334" /><testcase classname="backend.tests.test_uploads_images_iteration60.TestUploadEndpoint" name="test_02_upload_file_success" time="0.323" /><testcase classname="backend.tests.test_uploads_images_iteration60.TestUploadEndpoint" name="test_03_upload_returns_correct_structure" time="0.322" /><testcase classname="backend.tests.test_uploads_images_iteration60.TestUploadEndpoint" name="test_04_upload_with_restaurants_folder" time="0.324" /><testcase classname="backend.tests.test_uploads_images_iteration60.TestUploadEndpoint" name="test_05_upload_with_menu_items_folder" time="0.320" /><testcase classname="backend.tests.test_uploads_images_iteration60.TestRestaurantImagesStorage" name="test_06_create_restaurant_with_images_array" time="0.340" /><testcase classname="backend.tests.test_uploads_images_iteration60.TestRestaurantImagesStorage" name="test_07_get_restaurant_returns_images" time="0.391" /><testcase classname="backend.tests.test_uploads_images_iteration60.TestRestaurantImagesStorage" name="test_08_update_restaurant_images" time="0.320" /><testcase classname="backend.tests.test_uploads_images_iteration60.TestMenuItemImage" name="test_09_add_menu_item_with_image" time="0.399" /><testcase classname="backend.tests.test_uploads_images_iteration60.TestMenuItemImage" name="test_10_get_menu_returns_image" time="0.406" /><testcase classname="backend.tests.test_uploads_images_iteration60.TestCleanup" name="test_99_cleanup_test_data" time="0.298" /></testsuite></testsuites>