<?xml version="1.0" encoding="utf-8"?><testsuites name="pytest tests"><testsuite name="pytest" errors="0" failures="0" skipped="0" tests="9" time="1.756" timestamp="2026-03-11T11:44:01.365153+00:00" hostname="agent-env-9fc03400-4fa8-4dcc-9e22-88e69f805480"><testcase classname="backend.tests.test_iteration84_service_validation.TestServiceApproval" name="test_approve_travel_route_returns_200" time="0.596" /><testcase classname="backend.tests.test_iteration84_service_validation.TestServiceApproval" name="test_approve_sets_status_active" time="0.132" /><testcase classname="backend.tests.test_iteration84_service_validation.TestServiceApproval" name="test_approve_nonexistent_service_returns_404" time="0.131" /><testcase classname="backend.tests.test_iteration84_service_validation.TestServiceRejection" name="test_reject_travel_route_returns_200" time="0.111" /><testcase classname="backend.tests.test_iteration84_service_validation.TestServiceRejection" name="test_reject_sets_status_rejected" time="0.123" /><testcase classname="backend.tests.test_iteration84_service_validation.TestPendingEndpoint" name="test_pending_returns_services_with_id_field" time="0.172" /><testcase classname="backend.tests.test_iteration84_service_validation.TestPendingEndpoint" name="test_pending_counts_are_correct" time="0.119" /><testcase classname="backend.tests.test_iteration84_service_validation.TestInvalidServiceType" name="test_approve_invalid_service_type_returns_400" time="0.124" /><testcase classname="backend.tests.test_iteration84_service_validation.TestInvalidServiceType" name="test_reject_invalid_service_type_returns_400" time="0.117" /></testsuite></testsuites>