<?xml version="1.0" encoding="utf-8"?><testsuites name="pytest tests"><testsuite name="pytest" errors="0" failures="0" skipped="0" tests="16" time="6.089" timestamp="2026-02-12T15:30:44.385752+00:00" hostname="agent-env-fbc51eb8-af76-44a8-aede-725cf9740c12"><testcase classname="backend.tests.test_iteration51_seat_payment_fixes.TestAuth" name="test_customer_login" time="3.726" /><testcase classname="backend.tests.test_iteration51_seat_payment_fixes.TestAuth" name="test_admin_login" time="0.284" /><testcase classname="backend.tests.test_iteration51_seat_payment_fixes.TestSeatBookingsAvailableCounts" name="test_available_counts_endpoint_exists" time="0.073" /><testcase classname="backend.tests.test_iteration51_seat_payment_fixes.TestSeatBookingsAvailableCounts" name="test_available_counts_returns_correct_structure" time="0.038" /><testcase classname="backend.tests.test_iteration51_seat_payment_fixes.TestSeatBookingsAvailableCounts" name="test_available_counts_requires_route_ids" time="0.035" /><testcase classname="backend.tests.test_iteration51_seat_payment_fixes.TestSeatBookingsAvailableCounts" name="test_available_counts_requires_travel_date" time="0.036" /><testcase classname="backend.tests.test_iteration51_seat_payment_fixes.TestSeatReservationValidation" name="test_reserve_validates_total_availability" time="0.401" /><testcase classname="backend.tests.test_iteration51_seat_payment_fixes.TestSeatReservationValidation" name="test_reserve_validates_seat_range" time="0.075" /><testcase classname="backend.tests.test_iteration51_seat_payment_fixes.TestSeatReservationValidation" name="test_reserve_validates_duplicate_seats" time="0.079" /><testcase classname="backend.tests.test_iteration51_seat_payment_fixes.TestSeatReservationValidation" name="test_reserve_success_with_valid_seats" time="0.041" /><testcase classname="backend.tests.test_iteration51_seat_payment_fixes.TestSeatAvailabilityEndpoint" name="test_availability_returns_correct_structure" time="0.383" /><testcase classname="backend.tests.test_iteration51_seat_payment_fixes.TestSeatAvailabilityEndpoint" name="test_availability_requires_auth" time="0.037" /><testcase classname="backend.tests.test_iteration51_seat_payment_fixes.TestPaymentStatusEndpoint" name="test_checkout_status_requires_auth" time="0.037" /><testcase classname="backend.tests.test_iteration51_seat_payment_fixes.TestPaymentStatusEndpoint" name="test_checkout_status_with_auth_returns_404_for_invalid_session" time="0.322" /><testcase classname="backend.tests.test_iteration51_seat_payment_fixes.TestPaymentStatusEndpoint" name="test_checkout_status_endpoint_exists" time="0.037" /><testcase classname="backend.tests.test_iteration51_seat_payment_fixes.TestCleanup" name="test_cleanup_seat_bookings" time="0.397" /></testsuite></testsuites>