<?xml version="1.0" encoding="utf-8"?><testsuites name="pytest tests"><testsuite name="pytest" errors="0" failures="0" skipped="1" tests="42" time="5.955" timestamp="2026-02-12T13:11:46.314799+00:00" hostname="agent-env-fbc51eb8-af76-44a8-aede-725cf9740c12"><testcase classname="tests.test_permissions_iteration48.TestRestaurantPermissions" name="test_admin_can_create_restaurant" time="2.646" /><testcase classname="tests.test_permissions_iteration48.TestRestaurantPermissions" name="test_customer_cannot_create_restaurant" time="0.038" /><testcase classname="tests.test_permissions_iteration48.TestCinemaPermissions" name="test_admin_can_create_cinema" time="0.040" /><testcase classname="tests.test_permissions_iteration48.TestCinemaPermissions" name="test_customer_cannot_create_cinema" time="0.040" /><testcase classname="tests.test_permissions_iteration48.TestTravelPermissions" name="test_admin_can_create_travel_route" time="0.043" /><testcase classname="tests.test_permissions_iteration48.TestTravelPermissions" name="test_customer_cannot_create_travel_route" time="0.034" /><testcase classname="tests.test_permissions_iteration48.TestBanquetPermissions" name="test_admin_can_create_banquet" time="0.046" /><testcase classname="tests.test_permissions_iteration48.TestBanquetPermissions" name="test_customer_cannot_create_banquet" time="0.035" /><testcase classname="tests.test_permissions_iteration48.TestPressingPermissions" name="test_admin_can_create_pressing" time="0.041" /><testcase classname="tests.test_permissions_iteration48.TestPressingPermissions" name="test_customer_cannot_create_pressing" time="0.037" /><testcase classname="tests.test_permissions_iteration48.TestPackagesPermissions" name="test_admin_can_create_package" time="0.048" /><testcase classname="tests.test_permissions_iteration48.TestPackagesPermissions" name="test_customer_cannot_create_package" time="0.041" /><testcase classname="tests.test_permissions_iteration48.TestEventsNewEndpoints" name="test_admin_can_create_and_update_event" time="0.094" /><testcase classname="tests.test_permissions_iteration48.TestEventsNewEndpoints" name="test_customer_cannot_update_event" time="0.047" /><testcase classname="tests.test_permissions_iteration48.TestEventsNewEndpoints" name="test_admin_can_delete_event" time="0.049" /><testcase classname="tests.test_permissions_iteration48.TestEventsNewEndpoints" name="test_customer_cannot_delete_event" time="0.089" /><testcase classname="tests.test_permissions_iteration48.TestOrdersNewEndpoints" name="test_admin_can_update_order" time="0.077" /><testcase classname="tests.test_permissions_iteration48.TestOrdersNewEndpoints" name="test_customer_cannot_update_order" time="0.082" /><testcase classname="tests.test_permissions_iteration48.TestOrdersNewEndpoints" name="test_admin_can_process_order" time="0.081"><skipped type="pytest.skip" message="No pending orders found to test process">/app/backend/tests/test_permissions_iteration48.py:519: No pending orders found to test process</skipped></testcase><testcase classname="tests.test_permissions_iteration48.TestOrdersNewEndpoints" name="test_customer_cannot_process_order" time="0.087" /><testcase classname="tests.test_permissions_iteration48.TestActivityLogPermissions" name="test_admin_can_view_activity_logs" time="0.039" /><testcase classname="tests.test_permissions_iteration48.TestActivityLogPermissions" name="test_customer_cannot_view_activity_logs" time="0.041" /><testcase classname="tests.test_permissions_iteration48.TestActivityLogPermissions" name="test_super_admin_can_export_activity_logs" time="0.079" /><testcase classname="tests.test_permissions_iteration48.TestActivityLogPermissions" name="test_admin_can_export_activity_logs" time="0.038" /><testcase classname="tests.test_permissions_iteration48.TestActivityLogPermissions" name="test_customer_cannot_export_activity_logs" time="0.078" /><testcase classname="tests.test_permissions_iteration48.TestUserPermissions" name="test_admin_can_view_users" time="0.039" /><testcase classname="tests.test_permissions_iteration48.TestUserPermissions" name="test_customer_cannot_view_users_list" time="0.079" /><testcase classname="tests.test_permissions_iteration48.TestUserPermissions" name="test_admin_can_create_user" time="0.283" /><testcase classname="tests.test_permissions_iteration48.TestUserPermissions" name="test_customer_cannot_create_user" time="0.036" /><testcase classname="tests.test_permissions_iteration48.TestEmployeesPermissions" name="test_admin_can_view_employees" time="0.039" /><testcase classname="tests.test_permissions_iteration48.TestEmployeesPermissions" name="test_customer_cannot_view_employees" time="0.036" /><testcase classname="tests.test_permissions_iteration48.TestLoyaltyAdminPermissions" name="test_admin_can_view_loyalty_stats" time="0.043" /><testcase classname="tests.test_permissions_iteration48.TestLoyaltyAdminPermissions" name="test_customer_cannot_view_loyalty_admin_stats" time="0.075" /><testcase classname="tests.test_permissions_iteration48.TestLoyaltyAdminPermissions" name="test_super_admin_can_create_reward" time="0.036" /><testcase classname="tests.test_permissions_iteration48.TestLoyaltyAdminPermissions" name="test_customer_cannot_create_reward" time="0.036" /><testcase classname="tests.test_permissions_iteration48.TestPromoCodesPermissions" name="test_admin_can_view_promo_codes" time="0.036" /><testcase classname="tests.test_permissions_iteration48.TestPromoCodesPermissions" name="test_customer_cannot_view_promo_codes" time="0.033" /><testcase classname="tests.test_permissions_iteration48.TestPromoCodesPermissions" name="test_admin_can_create_promo_code" time="0.040" /><testcase classname="tests.test_permissions_iteration48.TestPromoCodesPermissions" name="test_customer_cannot_create_promo_code" time="0.035" /><testcase classname="tests.test_permissions_iteration48.TestLoginEndpoints" name="test_super_admin_login" time="0.322" /><testcase classname="tests.test_permissions_iteration48.TestLoginEndpoints" name="test_admin_login" time="0.300" /><testcase classname="tests.test_permissions_iteration48.TestLoginEndpoints" name="test_customer_login" time="0.282" /></testsuite></testsuites>