<?xml version="1.0" encoding="utf-8"?><testsuites name="pytest tests"><testsuite name="pytest" errors="0" failures="0" skipped="0" tests="7" time="2.649" timestamp="2026-04-15T19:11:57.872281+00:00" hostname="agent-env-63832dfb-71cf-4fdd-8e20-8b0ec1300386"><testcase classname="backend.tests.test_iteration98_events_menu.TestEventsNewFields" name="test_create_event_with_all_new_fields" time="0.826" /><testcase classname="backend.tests.test_iteration98_events_menu.TestEventsNewFields" name="test_get_existing_event_with_new_fields" time="0.118" /><testcase classname="backend.tests.test_iteration98_events_menu.TestEventsNewFields" name="test_update_event_with_new_fields" time="0.513" /><testcase classname="backend.tests.test_iteration98_events_menu.TestRestaurantMenuIngredients" name="test_create_menu_item_with_ingredients" time="0.423" /><testcase classname="backend.tests.test_iteration98_events_menu.TestRestaurantMenuIngredients" name="test_get_menu_returns_ingredients" time="0.106" /><testcase classname="backend.tests.test_iteration98_events_menu.TestRestaurantMenuIngredients" name="test_update_menu_item_ingredients" time="0.478" /><testcase classname="backend.tests.test_iteration98_events_menu.TestEventsListWithNewFields" name="test_events_list_includes_new_fields" time="0.125" /></testsuite></testsuites>