<?xml version="1.0" encoding="utf-8"?><testsuites name="pytest tests"><testsuite name="pytest" errors="0" failures="0" skipped="0" tests="8" time="1.171" timestamp="2026-04-15T16:52:14.778184+00:00" hostname="agent-env-823d2962-d7bc-4e54-8071-9c028b42960a"><testcase classname="backend.tests.test_iteration93_subscribe_events.TestEventsAPI" name="test_events_api_returns_data" time="0.166" /><testcase classname="backend.tests.test_iteration93_subscribe_events.TestEventsAPI" name="test_events_have_required_fields" time="0.116" /><testcase classname="backend.tests.test_iteration93_subscribe_events.TestEventsAPI" name="test_events_have_ticket_types" time="0.123" /><testcase classname="backend.tests.test_iteration93_subscribe_events.TestEventsAPI" name="test_events_filter_by_city" time="0.119" /><testcase classname="backend.tests.test_iteration93_subscribe_events.TestEventsAPI" name="test_events_not_mock_data" time="0.123" /><testcase classname="backend.tests.test_iteration93_subscribe_events.TestEventsAPIEdgeCases" name="test_events_pagination" time="0.127" /><testcase classname="backend.tests.test_iteration93_subscribe_events.TestEventsAPIEdgeCases" name="test_events_single_event_by_id" time="0.205" /><testcase classname="backend.tests.test_iteration93_subscribe_events.TestEventsAPIEdgeCases" name="test_events_invalid_id_returns_404" time="0.132" /></testsuite></testsuites>