<?xml version="1.0" encoding="utf-8"?><testsuites name="pytest tests"><testsuite name="pytest" errors="0" failures="0" skipped="0" tests="6" time="3.340" timestamp="2026-02-12T02:49:28.258489+00:00" hostname="agent-env-3a33d7eb-3889-4307-af8c-7fc8735c5d4c"><testcase classname="backend.tests.test_iteration39_features.TestPodMemberAssignmentWithEmployeeRole" name="test_create_employee_with_user_account_employee_role" time="0.657" /><testcase classname="backend.tests.test_iteration39_features.TestPodMemberAssignmentWithEmployeeRole" name="test_add_employee_role_user_to_pod" time="0.778" /><testcase classname="backend.tests.test_iteration39_features.TestGeographyAPI" name="test_get_countries" time="0.316" /><testcase classname="backend.tests.test_iteration39_features.TestGeographyAPI" name="test_get_regions" time="0.357" /><testcase classname="backend.tests.test_iteration39_features.TestGeographyAPI" name="test_create_region_in_country" time="0.393" /><testcase classname="backend.tests.test_iteration39_features.TestPodsAcceptEmployeeRole" name="test_pods_route_accepts_employee_role" time="0.776" /></testsuite></testsuites>