<?xml version="1.0" encoding="utf-8"?><testsuites name="pytest tests"><testsuite name="pytest" errors="0" failures="0" skipped="0" tests="8" time="3.647" timestamp="2026-02-12T11:17:04.090045+00:00" hostname="agent-env-3a33d7eb-3889-4307-af8c-7fc8735c5d4c"><testcase classname="backend.tests.test_phase1_features.TestUserActivityFiltering" name="test_superadmin_activity_filtered_by_user" time="0.706" /><testcase classname="backend.tests.test_phase1_features.TestUserActivityFiltering" name="test_admin_activity_filtered_by_user" time="0.609" /><testcase classname="backend.tests.test_phase1_features.TestUserActivityFiltering" name="test_activity_filtering_differentiates_users" time="0.662" /><testcase classname="backend.tests.test_phase1_features.TestLoyaltyTierBadge" name="test_customer_loyalty_tier_bronze" time="0.322" /><testcase classname="backend.tests.test_phase1_features.TestLoyaltyTierBadge" name="test_admin_no_loyalty_tier" time="0.280" /><testcase classname="backend.tests.test_phase1_features.TestOTPFlowLogic" name="test_otp_send_endpoint_exists" time="0.560" /><testcase classname="backend.tests.test_phase1_features.TestOTPFlowLogic" name="test_otp_verify_endpoint_exists" time="0.040" /><testcase classname="backend.tests.test_phase1_features.TestEmailRegistrationNoAutoLogin" name="test_register_endpoint_exists" time="0.396" /></testsuite></testsuites>