<?xml version="1.0" encoding="utf-8"?><testsuites name="pytest tests"><testsuite name="pytest" errors="0" failures="0" skipped="0" tests="9" time="2.384" timestamp="2026-01-09T00:39:26.167494+00:00" hostname="agent-env-6d4414da-7dc2-4849-aa29-581358d96c6c"><testcase classname="tests.test_new_features.TestBackendAPIs" name="test_health_check" time="0.035" /><testcase classname="tests.test_new_features.TestBackendAPIs" name="test_superadmin_login" time="0.264" /><testcase classname="tests.test_new_features.TestBackendAPIs" name="test_customer_login" time="0.269" /><testcase classname="tests.test_new_features.TestBackendAPIs" name="test_operator_login" time="0.266" /><testcase classname="tests.test_new_features.TestBackendAPIs" name="test_ratings_my_endpoint" time="0.278" /><testcase classname="tests.test_new_features.TestBackendAPIs" name="test_ratings_operator_endpoint" time="0.351" /><testcase classname="tests.test_new_features.TestBackendAPIs" name="test_support_tickets_my_endpoint" time="0.308" /><testcase classname="tests.test_new_features.TestBackendAPIs" name="test_create_support_ticket" time="0.270" /><testcase classname="tests.test_new_features.TestBackendAPIs" name="test_ratings_respond_endpoint" time="0.268" /></testsuite></testsuites>