<?xml version="1.0" encoding="utf-8"?><testsuites name="pytest tests"><testsuite name="pytest" errors="0" failures="1" skipped="0" tests="11" time="2.072" timestamp="2026-04-15T19:52:20.544648+00:00" hostname="agent-env-63832dfb-71cf-4fdd-8e20-8b0ec1300386"><testcase classname="backend.tests.test_iteration99_cinema.TestCinemaAPI" name="test_create_cinema" time="0.633" /><testcase classname="backend.tests.test_iteration99_cinema.TestCinemaAPI" name="test_get_cinemas_returns_id_field" time="0.150" /><testcase classname="backend.tests.test_iteration99_cinema.TestCinemaAPI" name="test_update_cinema" time="0.116" /><testcase classname="backend.tests.test_iteration99_cinema.TestFilmAPI" name="test_create_film_with_poster_url" time="0.123" /><testcase classname="backend.tests.test_iteration99_cinema.TestFilmAPI" name="test_get_films_returns_id_and_poster_url" time="0.161" /><testcase classname="backend.tests.test_iteration99_cinema.TestFilmAPI" name="test_get_film_by_id" time="0.117" /><testcase classname="backend.tests.test_iteration99_cinema.TestFilmAPI" name="test_update_film" time="0.251" /><testcase classname="backend.tests.test_iteration99_cinema.TestEventsAPI" name="test_get_events_returns_required_fields" time="0.145"><failure message="AssertionError: Event should have 'id' field&#10;assert 'id' in {'_id': '06e2f034-af87-4fc0-985f-e2ca0c2480fc', 'available_seats': 100, 'city': 'Douala', 'country': 'CM', ...}">backend/tests/test_iteration99_cinema.py:225: in test_get_events_returns_required_fields
    assert field in event, f"Event should have '{field}' field"
E   AssertionError: Event should have 'id' field
E   assert 'id' in {'_id': '06e2f034-af87-4fc0-985f-e2ca0c2480fc', 'available_seats': 100, 'city': 'Douala', 'country': 'CM', ...}</failure></testcase><testcase classname="backend.tests.test_iteration99_cinema.TestRestaurantMenuAPI" name="test_get_menu_returns_ingredients" time="0.148" /><testcase classname="backend.tests.test_iteration99_cinema.TestCleanup" name="test_cleanup_test_cinema" time="0.130" /><testcase classname="backend.tests.test_iteration99_cinema.TestCleanup" name="test_cleanup_test_films" time="0.000" /></testsuite></testsuites>