<?xml version="1.0" encoding="utf-8"?><testsuites name="pytest tests"><testsuite name="pytest" errors="0" failures="0" skipped="0" tests="23" time="5.466" timestamp="2026-03-10T16:41:44.474614+00:00" hostname="agent-env-188d717f-0cf7-4d0a-9332-a3a423ecdc68"><testcase classname="backend.tests.test_ratings_moderation_iteration73.TestModerationQueue" name="test_moderation_queue_as_admin" time="0.629" /><testcase classname="backend.tests.test_ratings_moderation_iteration73.TestModerationQueue" name="test_moderation_queue_filter_flagged" time="0.126" /><testcase classname="backend.tests.test_ratings_moderation_iteration73.TestModerationQueue" name="test_moderation_queue_filter_hidden" time="0.120" /><testcase classname="backend.tests.test_ratings_moderation_iteration73.TestModerationQueue" name="test_moderation_queue_sort_by_lowest" time="0.114" /><testcase classname="backend.tests.test_ratings_moderation_iteration73.TestModerationQueue" name="test_moderation_queue_requires_admin" time="0.533" /><testcase classname="backend.tests.test_ratings_moderation_iteration73.TestModerationAudit" name="test_moderation_audit_as_admin" time="0.106" /><testcase classname="backend.tests.test_ratings_moderation_iteration73.TestModerationAudit" name="test_moderation_audit_entry_structure" time="0.226" /><testcase classname="backend.tests.test_ratings_moderation_iteration73.TestModerationAudit" name="test_moderation_audit_requires_admin" time="0.111" /><testcase classname="backend.tests.test_ratings_moderation_iteration73.TestRatingsExport" name="test_export_ratings_as_admin" time="0.137" /><testcase classname="backend.tests.test_ratings_moderation_iteration73.TestRatingsExport" name="test_export_ratings_with_filters" time="0.145" /><testcase classname="backend.tests.test_ratings_moderation_iteration73.TestRatingsExport" name="test_export_flagged_only" time="0.117" /><testcase classname="backend.tests.test_ratings_moderation_iteration73.TestRatingsExport" name="test_export_ratings_requires_admin" time="0.176" /><testcase classname="backend.tests.test_ratings_moderation_iteration73.TestRatingModeration" name="test_moderate_flag_rating" time="0.259" /><testcase classname="backend.tests.test_ratings_moderation_iteration73.TestRatingModeration" name="test_moderate_unflag_rating" time="0.245" /><testcase classname="backend.tests.test_ratings_moderation_iteration73.TestRatingModeration" name="test_moderate_hide_rating" time="0.262" /><testcase classname="backend.tests.test_ratings_moderation_iteration73.TestRatingModeration" name="test_moderate_unhide_rating" time="0.276" /><testcase classname="backend.tests.test_ratings_moderation_iteration73.TestRatingModeration" name="test_moderate_invalid_action" time="0.228" /><testcase classname="backend.tests.test_ratings_moderation_iteration73.TestRatingModeration" name="test_moderate_requires_admin" time="0.239" /><testcase classname="backend.tests.test_ratings_moderation_iteration73.TestBulkModeration" name="test_bulk_moderate_flag" time="0.257" /><testcase classname="backend.tests.test_ratings_moderation_iteration73.TestBulkModeration" name="test_bulk_moderate_unflag" time="0.347" /><testcase classname="backend.tests.test_ratings_moderation_iteration73.TestBulkModeration" name="test_bulk_moderate_empty_ids" time="0.117" /><testcase classname="backend.tests.test_ratings_moderation_iteration73.TestBulkModeration" name="test_bulk_moderate_requires_admin" time="0.114" /><testcase classname="backend.tests.test_ratings_moderation_iteration73.TestAuditTrailLogging" name="test_moderation_creates_audit_entry" time="0.489" /></testsuite></testsuites>