<?xml version="1.0" encoding="utf-8"?><testsuites name="pytest tests"><testsuite name="pytest" errors="0" failures="0" skipped="0" tests="12" time="5.971" timestamp="2026-03-10T18:06:53.492114+00:00" hostname="agent-env-188d717f-0cf7-4d0a-9332-a3a423ecdc68"><testcase classname="backend.tests.test_iteration76_validation_restructure.TestValidationAPIs" name="test_validation_pending_requires_auth" time="0.227" /><testcase classname="backend.tests.test_iteration76_validation_restructure.TestValidationAPIs" name="test_validation_pending_returns_all_categories" time="0.553" /><testcase classname="backend.tests.test_iteration76_validation_restructure.TestValidationAPIs" name="test_pending_payments_have_id_field" time="0.451" /><testcase classname="backend.tests.test_iteration76_validation_restructure.TestValidationAPIs" name="test_validation_history_endpoint_exists" time="0.427" /><testcase classname="backend.tests.test_iteration76_validation_restructure.TestValidationAPIs" name="test_validation_history_returns_type_counts" time="0.422" /><testcase classname="backend.tests.test_iteration76_validation_restructure.TestValidationAPIs" name="test_validation_history_entries_have_required_fields" time="0.475" /><testcase classname="backend.tests.test_iteration76_validation_restructure.TestValidationAPIs" name="test_validation_history_filter_by_type" time="0.480" /><testcase classname="backend.tests.test_iteration76_validation_restructure.TestValidationAPIs" name="test_validation_history_filter_by_action" time="0.409" /><testcase classname="backend.tests.test_iteration76_validation_restructure.TestValidationAPIs" name="test_payment_verify_logs_to_history" time="0.882" /><testcase classname="backend.tests.test_iteration76_validation_restructure.TestValidationAPIs" name="test_ticket_approval_requires_reason_optional" time="0.526" /><testcase classname="backend.tests.test_iteration76_validation_restructure.TestValidationAPIs" name="test_ticket_rejection_requires_reason" time="0.591" /><testcase classname="backend.tests.test_iteration76_validation_restructure.TestValidationAPIs" name="test_pending_counts_match_array_lengths" time="0.447" /></testsuite></testsuites>