<?xml version="1.0" encoding="utf-8"?><testsuites name="pytest tests"><testsuite name="pytest" errors="0" failures="0" skipped="1" tests="21" time="2.210" timestamp="2026-02-07T21:12:59.834088+00:00" hostname="agent-env-d112a3f2-8edb-4b58-8d54-9b4a4e4055f2"><testcase classname="backend.tests.test_access_control.TestGeographyAPI" name="test_list_countries" time="0.397" /><testcase classname="backend.tests.test_access_control.TestGeographyAPI" name="test_list_cameroon_regions" time="0.044" /><testcase classname="backend.tests.test_access_control.TestGeographyAPI" name="test_get_single_country" time="0.040" /><testcase classname="backend.tests.test_access_control.TestGeographyAPI" name="test_get_market_segments" time="0.044" /><testcase classname="backend.tests.test_access_control.TestGeographyAPI" name="test_create_country" time="0.044" /><testcase classname="backend.tests.test_access_control.TestGeographyAPI" name="test_create_region" time="0.096" /><testcase classname="backend.tests.test_access_control.TestPodsAPI" name="test_list_pods" time="0.039" /><testcase classname="backend.tests.test_access_control.TestPodsAPI" name="test_get_pod_details" time="0.083" /><testcase classname="backend.tests.test_access_control.TestPodsAPI" name="test_create_pod" time="0.041" /><testcase classname="backend.tests.test_access_control.TestPodsAPI" name="test_update_pod" time="0.123" /><testcase classname="backend.tests.test_access_control.TestPodsAPI" name="test_get_pod_members" time="0.086" /><testcase classname="backend.tests.test_access_control.TestEmployeeScopesAPI" name="test_list_scopes" time="0.045" /><testcase classname="backend.tests.test_access_control.TestEmployeeScopesAPI" name="test_get_scope_details" time="0.087" /><testcase classname="backend.tests.test_access_control.TestEmployeeScopesAPI" name="test_create_custom_scope" time="0.044" /><testcase classname="backend.tests.test_access_control.TestEmployeeScopesAPI" name="test_get_my_scopes" time="0.080" /><testcase classname="backend.tests.test_access_control.TestCustomerLocationAPI" name="test_ip_info_public" time="0.248" /><testcase classname="backend.tests.test_access_control.TestCustomerLocationAPI" name="test_supported_countries" time="0.043" /><testcase classname="backend.tests.test_access_control.TestCustomerLocationAPI" name="test_resolve_location" time="0.237" /><testcase classname="backend.tests.test_access_control.TestPodMembershipRules" name="test_add_member_to_pod" time="0.050"><skipped type="pytest.skip" message="Could not get users list">/app/backend/tests/test_access_control.py:369: Could not get users list</skipped></testcase><testcase classname="backend.tests.test_access_control.TestCleanup" name="test_cleanup_test_pods" time="0.164" /><testcase classname="backend.tests.test_access_control.TestCleanup" name="test_cleanup_test_scopes" time="0.086" /></testsuite></testsuites>