<?xml version="1.0" encoding="utf-8"?><testsuites name="pytest tests"><testsuite name="pytest" errors="0" failures="0" skipped="1" tests="7" time="2.429" timestamp="2026-04-15T18:20:47.458627+00:00" hostname="agent-env-63832dfb-71cf-4fdd-8e20-8b0ec1300386"><testcase classname="backend.tests.test_operators_access.TestOperatorsAccessFix" name="test_admin_can_list_operators" time="0.659" /><testcase classname="backend.tests.test_operators_access.TestOperatorsAccessFix" name="test_super_admin_can_list_operators" time="0.141"><skipped type="pytest.skip" message="Super admin login failed: 401 - {&quot;detail&quot;:&quot;Incorrect email/phone or password&quot;}">/app/backend/tests/test_operators_access.py:63: Super admin login failed: 401 - {"detail":"Incorrect email/phone or password"}</skipped></testcase><testcase classname="backend.tests.test_operators_access.TestOperatorsAccessFix" name="test_admin_can_create_operator" time="0.479" /><testcase classname="backend.tests.test_operators_access.TestOperatorsAccessFix" name="test_admin_can_view_operator_detail" time="0.345" /><testcase classname="backend.tests.test_operators_access.TestGeographyEndpoints" name="test_get_countries" time="0.463" /><testcase classname="backend.tests.test_operators_access.TestGeographyEndpoints" name="test_get_regions" time="0.169" /><testcase classname="backend.tests.test_operators_access.TestGeographyEndpoints" name="test_get_market_segments" time="0.106" /></testsuite></testsuites>