<?xml version="1.0" encoding="utf-8"?><testsuites name="pytest tests"><testsuite name="pytest" errors="0" failures="0" skipped="0" tests="5" time="2.430" timestamp="2026-03-12T13:19:57.813720+00:00" hostname="agent-env-9fc03400-4fa8-4dcc-9e22-88e69f805480"><testcase classname="backend.tests.test_iteration85_operator_rewards.TestOperatorRewardsAPI" name="test_get_all_promotions_and_alerts" time="0.484" /><testcase classname="backend.tests.test_iteration85_operator_rewards.TestOperatorRewardsAPI" name="test_filter_promotions_only" time="0.424" /><testcase classname="backend.tests.test_iteration85_operator_rewards.TestOperatorRewardsAPI" name="test_filter_alerts_only" time="0.426" /><testcase classname="backend.tests.test_iteration85_operator_rewards.TestOperatorRewardsAPI" name="test_item_structure_has_required_fields" time="0.466" /><testcase classname="backend.tests.test_iteration85_operator_rewards.TestOperatorRewardsAPI" name="test_counts_match_filter" time="0.571" /></testsuite></testsuites>