<?xml version="1.0" encoding="utf-8"?><testsuites name="pytest tests"><testsuite name="pytest" errors="0" failures="0" skipped="0" tests="25" time="10.549" timestamp="2026-04-16T06:41:59.132121+00:00" hostname="agent-env-63832dfb-71cf-4fdd-8e20-8b0ec1300386"><testcase classname="backend.tests.test_iteration100_reports_date_filter.TestReportsDateFilter" name="test_booking_report_with_date_range" time="0.536" /><testcase classname="backend.tests.test_iteration100_reports_date_filter.TestReportsDateFilter" name="test_booking_report_without_dates" time="0.423" /><testcase classname="backend.tests.test_iteration100_reports_date_filter.TestReportsDateFilter" name="test_booking_report_with_only_date_from" time="0.439" /><testcase classname="backend.tests.test_iteration100_reports_date_filter.TestReportsDateFilter" name="test_booking_report_with_only_date_to" time="0.405" /><testcase classname="backend.tests.test_iteration100_reports_date_filter.TestReportsDateFilter" name="test_revenue_analysis_with_date_range" time="0.423" /><testcase classname="backend.tests.test_iteration100_reports_date_filter.TestReportsDateFilter" name="test_revenue_analysis_without_dates" time="0.451" /><testcase classname="backend.tests.test_iteration100_reports_date_filter.TestReportsDateFilter" name="test_all_reports_with_date_filter[booking-report]" time="0.403" /><testcase classname="backend.tests.test_iteration100_reports_date_filter.TestReportsDateFilter" name="test_all_reports_with_date_filter[revenue-analysis]" time="0.393" /><testcase classname="backend.tests.test_iteration100_reports_date_filter.TestReportsDateFilter" name="test_all_reports_with_date_filter[financial-summary]" time="0.456" /><testcase classname="backend.tests.test_iteration100_reports_date_filter.TestReportsDateFilter" name="test_all_reports_with_date_filter[customer-insights]" time="0.435" /><testcase classname="backend.tests.test_iteration100_reports_date_filter.TestReportsDateFilter" name="test_all_reports_with_date_filter[operational-efficiency]" time="0.426" /><testcase classname="backend.tests.test_iteration100_reports_date_filter.TestReportsDateFilter" name="test_all_reports_with_date_filter[service-performance]" time="0.385" /><testcase classname="backend.tests.test_iteration100_reports_date_filter.TestReportsDateFilter" name="test_all_reports_with_date_filter[customer-satisfaction]" time="0.419" /><testcase classname="backend.tests.test_iteration100_reports_date_filter.TestReportsDateFilter" name="test_all_reports_with_date_filter[booking-analytics]" time="0.394" /><testcase classname="backend.tests.test_iteration100_reports_date_filter.TestReportsDateFilter" name="test_all_reports_without_date_filter[booking-report]" time="0.404" /><testcase classname="backend.tests.test_iteration100_reports_date_filter.TestReportsDateFilter" name="test_all_reports_without_date_filter[revenue-analysis]" time="0.416" /><testcase classname="backend.tests.test_iteration100_reports_date_filter.TestReportsDateFilter" name="test_all_reports_without_date_filter[financial-summary]" time="0.397" /><testcase classname="backend.tests.test_iteration100_reports_date_filter.TestReportsDateFilter" name="test_all_reports_without_date_filter[customer-insights]" time="0.443" /><testcase classname="backend.tests.test_iteration100_reports_date_filter.TestReportsDateFilter" name="test_all_reports_without_date_filter[operational-efficiency]" time="0.393" /><testcase classname="backend.tests.test_iteration100_reports_date_filter.TestReportsDateFilter" name="test_all_reports_without_date_filter[service-performance]" time="0.422" /><testcase classname="backend.tests.test_iteration100_reports_date_filter.TestReportsDateFilter" name="test_all_reports_without_date_filter[customer-satisfaction]" time="0.389" /><testcase classname="backend.tests.test_iteration100_reports_date_filter.TestReportsDateFilter" name="test_all_reports_without_date_filter[booking-analytics]" time="0.403" /><testcase classname="backend.tests.test_iteration100_reports_date_filter.TestReportsDateFilter" name="test_invalid_date_format_gracefully_handled" time="0.419" /><testcase classname="backend.tests.test_iteration100_reports_date_filter.TestReportsDateFilter" name="test_date_range_with_operator_filter" time="0.396" /><testcase classname="backend.tests.test_iteration100_reports_date_filter.TestReportsOperatorsList" name="test_operators_list_endpoint" time="0.392" /></testsuite></testsuites>