<?xml version="1.0" encoding="utf-8"?><testsuites name="pytest tests"><testsuite name="pytest" errors="0" failures="0" skipped="0" tests="8" time="0.843" timestamp="2026-02-12T11:38:54.389495+00:00" hostname="agent-env-3a33d7eb-3889-4307-af8c-7fc8735c5d4c"><testcase classname="backend.tests.test_loyalty_phase2.TestLoyaltyPhase2" name="test_admin_stats_endpoint" time="0.400" /><testcase classname="backend.tests.test_loyalty_phase2.TestLoyaltyPhase2" name="test_admin_members_endpoint" time="0.042" /><testcase classname="backend.tests.test_loyalty_phase2.TestLoyaltyPhase2" name="test_member_detail_endpoint" time="0.087" /><testcase classname="backend.tests.test_loyalty_phase2.TestLoyaltyPhase2" name="test_admin_rewards_list" time="0.040" /><testcase classname="backend.tests.test_loyalty_phase2.TestLoyaltyPhase2" name="test_create_reward_with_new_fields" time="0.086" /><testcase classname="backend.tests.test_loyalty_phase2.TestLoyaltyPhase2" name="test_update_reward_with_new_fields" time="0.043" /><testcase classname="backend.tests.test_loyalty_phase2.TestLoyaltyPhase2" name="test_delete_test_reward" time="0.041" /><testcase classname="backend.tests.test_loyalty_phase2.TestLoyaltyPhase2" name="test_tier_history_stats" time="0.041" /></testsuite></testsuites>