<?xml version="1.0" encoding="utf-8"?><testsuites name="pytest tests"><testsuite name="pytest" errors="0" failures="0" skipped="0" tests="17" time="9.532" timestamp="2026-03-09T19:16:55.153973+00:00" hostname="agent-env-ec0cca50-48fe-4ca7-bcee-2057e0251a90"><testcase classname="backend.tests.test_support_customer_service_iteration67.TestSupportTicketsCustomer" name="test_get_my_tickets" time="0.729" /><testcase classname="backend.tests.test_support_customer_service_iteration67.TestSupportTicketsCustomer" name="test_get_products_for_tickets" time="0.071" /><testcase classname="backend.tests.test_support_customer_service_iteration67.TestSupportTicketsCustomer" name="test_create_ticket_customer" time="0.065" /><testcase classname="backend.tests.test_support_customer_service_iteration67.TestChatSessions" name="test_create_new_session" time="0.438" /><testcase classname="backend.tests.test_support_customer_service_iteration67.TestChatSessions" name="test_get_sessions" time="0.048" /><testcase classname="backend.tests.test_support_customer_service_iteration67.TestChatSessions" name="test_send_chat_message" time="1.663" /><testcase classname="backend.tests.test_support_customer_service_iteration67.TestChatSessions" name="test_get_session_messages" time="1.109" /><testcase classname="backend.tests.test_support_customer_service_iteration67.TestTicketFromChat" name="test_create_ticket_from_chat" time="1.566" /><testcase classname="backend.tests.test_support_customer_service_iteration67.TestAdminTicketFeatures" name="test_get_ticket_stats" time="0.505" /><testcase classname="backend.tests.test_support_customer_service_iteration67.TestAdminTicketFeatures" name="test_get_all_tickets" time="0.082" /><testcase classname="backend.tests.test_support_customer_service_iteration67.TestAdminTicketFeatures" name="test_get_team_members" time="0.066" /><testcase classname="backend.tests.test_support_customer_service_iteration67.TestAdminTicketFeatures" name="test_get_users_for_behalf" time="0.140" /><testcase classname="backend.tests.test_support_customer_service_iteration67.TestAdminTicketFeatures" name="test_create_ticket_on_behalf" time="0.168" /><testcase classname="backend.tests.test_support_customer_service_iteration67.TestTicketDetailAndReplies" name="test_get_ticket_detail" time="1.003" /><testcase classname="backend.tests.test_support_customer_service_iteration67.TestTicketDetailAndReplies" name="test_reply_to_ticket" time="0.354" /><testcase classname="backend.tests.test_support_customer_service_iteration67.TestTicketAssignment" name="test_assign_ticket" time="0.665" /><testcase classname="backend.tests.test_support_customer_service_iteration67.TestTicketStatusUpdate" name="test_update_ticket_status" time="0.760" /></testsuite></testsuites>