<?xml version="1.0" encoding="utf-8"?><testsuites name="pytest tests"><testsuite name="pytest" errors="0" failures="2" skipped="0" tests="15" time="5.071" timestamp="2026-01-10T15:06:25.543309+00:00" hostname="agent-env-5233499c-2021-4e8e-9dde-5ea91d5389e6"><testcase classname="tests.test_operator_scoped_features.TestOperatorAuthentication" name="test_operator_login" time="0.328" /><testcase classname="tests.test_operator_scoped_features.TestOperatorRoutesCRUD" name="test_operator_create_route" time="0.293" /><testcase classname="tests.test_operator_scoped_features.TestOperatorRoutesCRUD" name="test_operator_view_my_routes" time="0.287"><failure message="AssertionError: Route bc5c38b6-a6c2-4f22-ad40-feebc9b42086 belongs to different operator&#10;assert '30c487d8-f8ef-4e80-8b14-1a68866071c8' == None">tests/test_operator_scoped_features.py:105: in test_operator_view_my_routes
    assert route["operator_id"] == operator_id, f"Route {route.get('id')} belongs to different operator"
E   AssertionError: Route bc5c38b6-a6c2-4f22-ad40-feebc9b42086 belongs to different operator
E   assert '30c487d8-f8ef-4e80-8b14-1a68866071c8' == None</failure></testcase><testcase classname="tests.test_operator_scoped_features.TestOperatorRoutesCRUD" name="test_operator_update_route" time="0.335" /><testcase classname="tests.test_operator_scoped_features.TestOperatorRoutesCRUD" name="test_operator_delete_route" time="0.347" /><testcase classname="tests.test_operator_scoped_features.TestOperatorVehiclesCRUD" name="test_operator_create_vehicle" time="0.322" /><testcase classname="tests.test_operator_scoped_features.TestOperatorVehiclesCRUD" name="test_operator_view_vehicles" time="0.293"><failure message="AssertionError: Vehicle f5d8db6d-85bc-4800-b098-34899d19584e belongs to different operator&#10;assert '30c487d8-f8ef-4e80-8b14-1a68866071c8' == None">tests/test_operator_scoped_features.py:225: in test_operator_view_vehicles
    assert vehicle["operator_id"] == operator_id, f"Vehicle {vehicle.get('id')} belongs to different operator"
E   AssertionError: Vehicle f5d8db6d-85bc-4800-b098-34899d19584e belongs to different operator
E   assert '30c487d8-f8ef-4e80-8b14-1a68866071c8' == None</failure></testcase><testcase classname="tests.test_operator_scoped_features.TestOperatorVehiclesCRUD" name="test_operator_update_vehicle" time="0.381" /><testcase classname="tests.test_operator_scoped_features.TestOperatorVehiclesCRUD" name="test_operator_delete_vehicle" time="0.307" /><testcase classname="tests.test_operator_scoped_features.TestOperatorAnalytics" name="test_analytics_overview_endpoint" time="0.289" /><testcase classname="tests.test_operator_scoped_features.TestOperatorAnalytics" name="test_operator_dashboard_endpoint" time="0.286" /><testcase classname="tests.test_operator_scoped_features.TestDataIsolation" name="test_admin_sees_all_routes" time="0.283" /><testcase classname="tests.test_operator_scoped_features.TestDataIsolation" name="test_operator_routes_are_scoped" time="0.578" /><testcase classname="tests.test_operator_scoped_features.TestCleanup" name="test_cleanup_test_routes" time="0.301" /><testcase classname="tests.test_operator_scoped_features.TestCleanup" name="test_cleanup_test_vehicles" time="0.303" /></testsuite></testsuites>