<?xml version="1.0" encoding="utf-8"?><testsuites name="pytest tests"><testsuite name="pytest" errors="0" failures="0" skipped="0" tests="10" time="4.605" timestamp="2026-02-12T11:57:27.384867+00:00" hostname="agent-env-3a33d7eb-3889-4307-af8c-7fc8735c5d4c"><testcase classname="tests.test_loyalty_phase3.TestLoyaltyReferralSystem" name="test_get_referral_info" time="0.675" /><testcase classname="tests.test_loyalty_phase3.TestLoyaltyReferralSystem" name="test_referral_claim_own_code_fails" time="0.687" /><testcase classname="tests.test_loyalty_phase3.TestLoyaltyReferralSystem" name="test_referral_claim_invalid_code_fails" time="0.610" /><testcase classname="tests.test_loyalty_phase3.TestLoyaltyReferralSystem" name="test_super_admin_referral_code" time="0.598" /><testcase classname="tests.test_loyalty_phase3.TestCustomerLoyaltyEndpoints" name="test_get_loyalty_program" time="0.319" /><testcase classname="tests.test_loyalty_phase3.TestCustomerLoyaltyEndpoints" name="test_get_transactions" time="0.319" /><testcase classname="tests.test_loyalty_phase3.TestCustomerLoyaltyEndpoints" name="test_get_rewards" time="0.321" /><testcase classname="tests.test_loyalty_phase3.TestCustomerLoyaltyEndpoints" name="test_get_redemptions" time="0.317" /><testcase classname="tests.test_loyalty_phase3.TestLoyaltyDataIntegrity" name="test_points_consistency" time="0.320" /><testcase classname="tests.test_loyalty_phase3.TestLoyaltyDataIntegrity" name="test_tier_threshold_logic" time="0.355" /></testsuite></testsuites>