<?xml version="1.0" encoding="utf-8"?><testsuites name="pytest tests"><testsuite name="pytest" errors="0" failures="0" skipped="0" tests="13" time="7.787" timestamp="2026-04-15T17:49:30.704667+00:00" hostname="agent-env-63832dfb-71cf-4fdd-8e20-8b0ec1300386"><testcase classname="backend.tests.test_iteration94_apis.TestAuthEndpoints" name="test_admin_login" time="0.447" /><testcase classname="backend.tests.test_iteration94_apis.TestAuthEndpoints" name="test_customer_login" time="0.356" /><testcase classname="backend.tests.test_iteration94_apis.TestPressingAPI" name="test_get_pressings_list" time="0.111" /><testcase classname="backend.tests.test_iteration94_apis.TestPressingAPI" name="test_get_pressings_with_city_filter" time="0.106" /><testcase classname="backend.tests.test_iteration94_apis.TestEventsAPI" name="test_get_events_list" time="0.116" /><testcase classname="backend.tests.test_iteration94_apis.TestEventsAPI" name="test_get_events_with_city_filter" time="0.143" /><testcase classname="backend.tests.test_iteration94_apis.TestCinemaAPI" name="test_get_films_list" time="0.160" /><testcase classname="backend.tests.test_iteration94_apis.TestCinemaAPI" name="test_get_cinemas_list" time="0.141" /><testcase classname="backend.tests.test_iteration94_apis.TestCinemaAPI" name="test_films_route_not_confused_with_cinema_id" time="0.111" /><testcase classname="backend.tests.test_iteration94_apis.TestUploadsAPI" name="test_uploads_endpoint_exists" time="0.104" /><testcase classname="backend.tests.test_iteration94_apis.TestDashboardDataAPI" name="test_dashboard_stats_endpoint" time="0.493" /><testcase classname="backend.tests.test_iteration94_apis.TestBanquetAPI" name="test_get_banquets_list" time="5.295" /><testcase classname="backend.tests.test_iteration94_apis.TestPackagesAPI" name="test_get_packages_list" time="0.133" /></testsuite></testsuites>