<?xml version="1.0" encoding="utf-8"?><testsuites name="pytest tests"><testsuite name="pytest" errors="0" failures="1" skipped="0" tests="7" time="3.003" timestamp="2026-02-10T11:53:05.989513+00:00" hostname="agent-env-4773383a-1283-41b2-bf29-2b5e2dedab3c"><testcase classname="backend.tests.test_iteration37_bugfixes.TestMarketSegmentEnumFix" name="test_get_operators_list" time="0.387" /><testcase classname="backend.tests.test_iteration37_bugfixes.TestMarketSegmentEnumFix" name="test_update_operator_with_dynamic_market_segment" time="0.428" /><testcase classname="backend.tests.test_iteration37_bugfixes.TestMarketSegmentEnumFix" name="test_update_operator_with_enterprise_segment" time="0.452" /><testcase classname="backend.tests.test_iteration37_bugfixes.TestMarketSegmentEnumFix" name="test_update_operator_with_custom_segment" time="0.409" /><testcase classname="backend.tests.test_iteration37_bugfixes.TestAuditLogRoute" name="test_audit_logs_api_endpoint" time="0.332"><failure message="AssertionError: Audit logs API failed: {&quot;detail&quot;:&quot;Not Found&quot;}&#10;assert 404 == 200&#10; +  where 404 = &lt;Response [404]&gt;.status_code">backend/tests/test_iteration37_bugfixes.py:128: in test_audit_logs_api_endpoint
    assert response.status_code == 200, f"Audit logs API failed: {response.text}"
E   AssertionError: Audit logs API failed: {"detail":"Not Found"}
E   assert 404 == 200
E    +  where 404 = &lt;Response [404]&gt;.status_code</failure></testcase><testcase classname="backend.tests.test_iteration37_bugfixes.TestCustomerLocationAPI" name="test_ip_info_endpoint" time="0.576" /><testcase classname="backend.tests.test_iteration37_bugfixes.TestCustomerLocationAPI" name="test_geography_countries_endpoint" time="0.331" /></testsuite></testsuites>