<?xml version="1.0" encoding="utf-8"?><testsuites name="pytest tests"><testsuite name="pytest" errors="0" failures="0" skipped="0" tests="25" time="6.965" timestamp="2026-03-10T16:21:39.432096+00:00" hostname="agent-env-188d717f-0cf7-4d0a-9332-a3a423ecdc68"><testcase classname="backend.tests.test_subscriptions_dashboard_iteration72.TestHealthAndBasics" name="test_health_endpoint" time="0.212" /><testcase classname="backend.tests.test_subscriptions_dashboard_iteration72.TestHealthAndBasics" name="test_admin_login" time="0.319" /><testcase classname="backend.tests.test_subscriptions_dashboard_iteration72.TestHealthAndBasics" name="test_operator_login" time="0.298" /><testcase classname="backend.tests.test_subscriptions_dashboard_iteration72.TestHealthAndBasics" name="test_customer_login" time="0.322" /><testcase classname="backend.tests.test_subscriptions_dashboard_iteration72.TestManagementDashboard" name="test_dashboard_stats_hotels" time="0.437" /><testcase classname="backend.tests.test_subscriptions_dashboard_iteration72.TestManagementDashboard" name="test_dashboard_stats_travel" time="0.063" /><testcase classname="backend.tests.test_subscriptions_dashboard_iteration72.TestManagementDashboard" name="test_dashboard_stats_restaurants" time="0.072" /><testcase classname="backend.tests.test_subscriptions_dashboard_iteration72.TestManagementDashboard" name="test_dashboard_stats_different_periods" time="0.209" /><testcase classname="backend.tests.test_subscriptions_dashboard_iteration72.TestManagementDashboard" name="test_dashboard_stats_operator_scoped" time="0.367" /><testcase classname="backend.tests.test_subscriptions_dashboard_iteration72.TestManagementDashboard" name="test_dashboard_stats_unauthorized" time="0.062" /><testcase classname="backend.tests.test_subscriptions_dashboard_iteration72.TestSubscriptions" name="test_subscribe_to_operator" time="0.438" /><testcase classname="backend.tests.test_subscriptions_dashboard_iteration72.TestSubscriptions" name="test_check_subscription_status" time="0.059" /><testcase classname="backend.tests.test_subscriptions_dashboard_iteration72.TestSubscriptions" name="test_get_my_subscriptions" time="0.088" /><testcase classname="backend.tests.test_subscriptions_dashboard_iteration72.TestSubscriptions" name="test_get_operator_subscriber_count" time="0.382" /><testcase classname="backend.tests.test_subscriptions_dashboard_iteration72.TestSubscriptions" name="test_unsubscribe_from_operator" time="0.139" /><testcase classname="backend.tests.test_subscriptions_dashboard_iteration72.TestSubscriptions" name="test_subscribe_unauthorized" time="0.058" /><testcase classname="backend.tests.test_subscriptions_dashboard_iteration72.TestPromotions" name="test_list_promotions_empty" time="0.534" /><testcase classname="backend.tests.test_subscriptions_dashboard_iteration72.TestPromotions" name="test_create_promotion_requires_operator_id" time="0.367" /><testcase classname="backend.tests.test_subscriptions_dashboard_iteration72.TestPromotions" name="test_list_promotions_filtered_by_operator" time="0.452" /><testcase classname="backend.tests.test_subscriptions_dashboard_iteration72.TestSubscriptionsIntegration" name="test_resubscribe_after_unsubscribe" time="0.730" /><testcase classname="backend.tests.test_subscriptions_dashboard_iteration72.TestSubscriptionsIntegration" name="test_double_subscribe_is_idempotent" time="0.212" /><testcase classname="backend.tests.test_subscriptions_dashboard_iteration72.TestDashboardDataValidation" name="test_daily_trend_structure" time="0.458" /><testcase classname="backend.tests.test_subscriptions_dashboard_iteration72.TestDashboardDataValidation" name="test_bookings_by_status_structure" time="0.066" /><testcase classname="backend.tests.test_subscriptions_dashboard_iteration72.TestDashboardDataValidation" name="test_recent_bookings_structure" time="0.066" /><testcase classname="backend.tests.test_subscriptions_dashboard_iteration72.TestCleanup" name="test_cleanup_test_subscriptions" time="0.453" /></testsuite></testsuites>