<?xml version="1.0" encoding="utf-8"?><testsuites name="pytest tests"><testsuite name="pytest" errors="0" failures="0" skipped="0" tests="7" time="2.236" timestamp="2026-02-10T00:44:24.986374+00:00" hostname="agent-env-4773383a-1283-41b2-bf29-2b5e2dedab3c"><testcase classname="backend.tests.test_market_segments.TestMarketSegmentsAPI" name="test_get_market_segments" time="0.331" /><testcase classname="backend.tests.test_market_segments.TestMarketSegmentsAPI" name="test_get_market_segments_has_defaults" time="0.288" /><testcase classname="backend.tests.test_market_segments.TestMarketSegmentsAPI" name="test_create_market_segment" time="0.305" /><testcase classname="backend.tests.test_market_segments.TestMarketSegmentsAPI" name="test_create_segment_requires_name" time="0.285" /><testcase classname="backend.tests.test_market_segments.TestMarketSegmentsAPI" name="test_update_market_segment" time="0.354" /><testcase classname="backend.tests.test_market_segments.TestMarketSegmentsAPI" name="test_delete_market_segment" time="0.333" /><testcase classname="backend.tests.test_market_segments.TestMarketSegmentsAPI" name="test_delete_nonexistent_segment" time="0.285" /></testsuite></testsuites>