<?xml version="1.0" encoding="utf-8"?><testsuites name="pytest tests"><testsuite name="pytest" errors="0" failures="0" skipped="0" tests="14" time="1.466" timestamp="2026-02-12T16:55:32.745649+00:00" hostname="agent-env-fbc51eb8-af76-44a8-aede-725cf9740c12"><testcase classname="backend.tests.test_rooms_dynamic_availability_iteration57.TestRoomsEndpointBackwardsCompatibility" name="test_01_get_rooms_without_dates_returns_200" time="0.088" /><testcase classname="backend.tests.test_rooms_dynamic_availability_iteration57.TestRoomsEndpointBackwardsCompatibility" name="test_02_rooms_have_required_fields" time="0.038" /><testcase classname="backend.tests.test_rooms_dynamic_availability_iteration57.TestRoomsEndpointBackwardsCompatibility" name="test_03_rooms_filtering_by_room_type" time="0.048" /><testcase classname="backend.tests.test_rooms_dynamic_availability_iteration57.TestRoomsDynamicAvailability" name="test_04_get_rooms_with_dates_returns_200" time="0.040" /><testcase classname="backend.tests.test_rooms_dynamic_availability_iteration57.TestRoomsDynamicAvailability" name="test_05_available_rooms_not_exceeds_total" time="0.042" /><testcase classname="backend.tests.test_rooms_dynamic_availability_iteration57.TestRoomsDynamicAvailability" name="test_06_future_dates_show_full_availability" time="0.039" /><testcase classname="backend.tests.test_rooms_dynamic_availability_iteration57.TestBookingAffectsAvailability" name="test_07_create_reservation_check_availability" time="0.460" /><testcase classname="backend.tests.test_rooms_dynamic_availability_iteration57.TestBookingAffectsAvailability" name="test_08_cancelled_booking_restores_availability" time="0.199" /><testcase classname="backend.tests.test_rooms_dynamic_availability_iteration57.TestDateRangeOverlapLogic" name="test_09_non_overlapping_dates_full_availability" time="0.150" /><testcase classname="backend.tests.test_rooms_dynamic_availability_iteration57.TestPaginationAndFilters" name="test_10_pagination_works" time="0.043" /><testcase classname="backend.tests.test_rooms_dynamic_availability_iteration57.TestPaginationAndFilters" name="test_11_different_hotel_returns_different_rooms" time="0.080" /><testcase classname="backend.tests.test_rooms_dynamic_availability_iteration57.TestErrorHandling" name="test_12_missing_hotel_id_returns_error" time="0.037" /><testcase classname="backend.tests.test_rooms_dynamic_availability_iteration57.TestErrorHandling" name="test_13_invalid_hotel_id_returns_empty" time="0.080" /><testcase classname="backend.tests.test_rooms_dynamic_availability_iteration57.TestErrorHandling" name="test_14_invalid_date_format_handled" time="0.041" /></testsuite></testsuites>