<?xml version="1.0" encoding="utf-8"?><testsuites name="pytest tests"><testsuite name="pytest" errors="0" failures="0" skipped="0" tests="12" time="3.134" timestamp="2026-01-08T23:56:44.406727+00:00" hostname="agent-env-6d4414da-7dc2-4849-aa29-581358d96c6c"><testcase classname="tests.test_permissions_system.TestRegistrationRoleAssignment" name="test_register_user_gets_customer_role" time="0.469" /><testcase classname="tests.test_permissions_system.TestRegistrationRoleAssignment" name="test_register_with_admin_role_still_gets_customer" time="0.396" /><testcase classname="tests.test_permissions_system.TestSuperAdminLogin" name="test_superadmin_login" time="0.264" /><testcase classname="tests.test_permissions_system.TestSuperAdminLogin" name="test_superadmin_can_access_analytics" time="0.284" /><testcase classname="tests.test_permissions_system.TestCustomerAccess" name="test_customer_login" time="0.411" /><testcase classname="tests.test_permissions_system.TestAPIEndpoints" name="test_health_check" time="0.019" /><testcase classname="tests.test_permissions_system.TestAPIEndpoints" name="test_services_endpoint" time="0.026" /><testcase classname="tests.test_permissions_system.TestAPIEndpoints" name="test_restaurants_endpoint" time="0.017" /><testcase classname="tests.test_permissions_system.TestAuthenticatedEndpoints" name="test_get_current_user" time="0.299" /><testcase classname="tests.test_permissions_system.TestAuthenticatedEndpoints" name="test_get_users_list" time="0.288" /><testcase classname="tests.test_permissions_system.TestAuthenticatedEndpoints" name="test_get_operators_list" time="0.282" /><testcase classname="tests.test_permissions_system.TestSystemSettings" name="test_get_system_settings" time="0.292" /></testsuite></testsuites>