<?xml version="1.0" encoding="utf-8"?><testsuites name="pytest tests"><testsuite name="pytest" errors="0" failures="2" skipped="0" tests="16" time="2.859" timestamp="2026-02-12T15:30:26.848464+00:00" hostname="agent-env-fbc51eb8-af76-44a8-aede-725cf9740c12"><testcase classname="backend.tests.test_iteration51_seat_payment_fixes.TestAuth" name="test_customer_login" time="0.351" /><testcase classname="backend.tests.test_iteration51_seat_payment_fixes.TestAuth" name="test_admin_login" time="0.293" /><testcase classname="backend.tests.test_iteration51_seat_payment_fixes.TestSeatBookingsAvailableCounts" name="test_available_counts_endpoint_exists" time="0.089" /><testcase classname="backend.tests.test_iteration51_seat_payment_fixes.TestSeatBookingsAvailableCounts" name="test_available_counts_returns_correct_structure" time="0.042" /><testcase classname="backend.tests.test_iteration51_seat_payment_fixes.TestSeatBookingsAvailableCounts" name="test_available_counts_requires_route_ids" time="0.041" /><testcase classname="backend.tests.test_iteration51_seat_payment_fixes.TestSeatBookingsAvailableCounts" name="test_available_counts_requires_travel_date" time="0.075" /><testcase classname="backend.tests.test_iteration51_seat_payment_fixes.TestSeatReservationValidation" name="test_reserve_validates_total_availability" time="0.382" /><testcase classname="backend.tests.test_iteration51_seat_payment_fixes.TestSeatReservationValidation" name="test_reserve_validates_seat_range" time="0.076" /><testcase classname="backend.tests.test_iteration51_seat_payment_fixes.TestSeatReservationValidation" name="test_reserve_validates_duplicate_seats" time="0.072" /><testcase classname="backend.tests.test_iteration51_seat_payment_fixes.TestSeatReservationValidation" name="test_reserve_success_with_valid_seats" time="0.041" /><testcase classname="backend.tests.test_iteration51_seat_payment_fixes.TestSeatAvailabilityEndpoint" name="test_availability_returns_correct_structure" time="0.394" /><testcase classname="backend.tests.test_iteration51_seat_payment_fixes.TestSeatAvailabilityEndpoint" name="test_availability_requires_auth" time="0.043"><failure message="AssertionError: Expected 401 without auth, got 403&#10;assert 403 == 401&#10; +  where 403 = &lt;Response [403]&gt;.status_code">backend/tests/test_iteration51_seat_payment_fixes.py:407: in test_availability_requires_auth
    assert response.status_code == 401, f"Expected 401 without auth, got {response.status_code}"
E   AssertionError: Expected 401 without auth, got 403
E   assert 403 == 401
E    +  where 403 = &lt;Response [403]&gt;.status_code</failure></testcase><testcase classname="backend.tests.test_iteration51_seat_payment_fixes.TestPaymentStatusEndpoint" name="test_checkout_status_requires_auth" time="0.040"><failure message="AssertionError: Expected 401 without auth, got 403&#10;assert 403 == 401&#10; +  where 403 = &lt;Response [403]&gt;.status_code">backend/tests/test_iteration51_seat_payment_fixes.py:430: in test_checkout_status_requires_auth
    assert response.status_code == 401, f"Expected 401 without auth, got {response.status_code}"
E   AssertionError: Expected 401 without auth, got 403
E   assert 403 == 401
E    +  where 403 = &lt;Response [403]&gt;.status_code</failure></testcase><testcase classname="backend.tests.test_iteration51_seat_payment_fixes.TestPaymentStatusEndpoint" name="test_checkout_status_with_auth_returns_404_for_invalid_session" time="0.332" /><testcase classname="backend.tests.test_iteration51_seat_payment_fixes.TestPaymentStatusEndpoint" name="test_checkout_status_endpoint_exists" time="0.037" /><testcase classname="backend.tests.test_iteration51_seat_payment_fixes.TestCleanup" name="test_cleanup_seat_bookings" time="0.430" /></testsuite></testsuites>