<?xml version="1.0" encoding="utf-8"?><testsuites name="pytest tests"><testsuite name="pytest" errors="0" failures="1" skipped="0" tests="15" time="2.745" timestamp="2026-01-10T22:20:56.417895+00:00" hostname="agent-env-d55e5aed-3ac2-4a0a-9b4a-6ff2a888c4f7"><testcase classname="tests.test_p2_p3_p0_features_iteration23.TestP0_OTPVerification" name="test_send_otp_valid_phone" time="0.052"><failure message="assert 429 == 200&#10; +  where 429 = &lt;Response [429]&gt;.status_code">tests/test_p2_p3_p0_features_iteration23.py:23: in test_send_otp_valid_phone
    assert response.status_code == 200
E   assert 429 == 200
E    +  where 429 = &lt;Response [429]&gt;.status_code</failure></testcase><testcase classname="tests.test_p2_p3_p0_features_iteration23.TestP0_OTPVerification" name="test_send_otp_invalid_phone_format" time="0.041" /><testcase classname="tests.test_p2_p3_p0_features_iteration23.TestP0_OTPVerification" name="test_send_otp_missing_identifier" time="0.038" /><testcase classname="tests.test_p2_p3_p0_features_iteration23.TestP0_OTPVerification" name="test_verify_otp_invalid_code" time="0.548" /><testcase classname="tests.test_p2_p3_p0_features_iteration23.TestP0_OTPVerification" name="test_verify_otp_no_pending" time="0.042" /><testcase classname="tests.test_p2_p3_p0_features_iteration23.TestP0_OTPVerification" name="test_resend_otp" time="0.487" /><testcase classname="tests.test_p2_p3_p0_features_iteration23.TestP2_RatingsAnalytics" name="test_analytics_endpoint_requires_auth" time="0.037" /><testcase classname="tests.test_p2_p3_p0_features_iteration23.TestP2_RatingsAnalytics" name="test_analytics_endpoint_returns_data" time="0.364" /><testcase classname="tests.test_p2_p3_p0_features_iteration23.TestP2_RatingsAnalytics" name="test_analytics_time_ranges" time="0.263" /><testcase classname="tests.test_p2_p3_p0_features_iteration23.TestP2_RatingsAnalytics" name="test_ratings_stats_endpoint" time="0.040" /><testcase classname="tests.test_p2_p3_p0_features_iteration23.TestP3_CustomerServiceManagement" name="test_tickets_endpoint" time="0.319" /><testcase classname="tests.test_p2_p3_p0_features_iteration23.TestP3_CustomerServiceManagement" name="test_team_members_endpoint" time="0.052" /><testcase classname="tests.test_p2_p3_p0_features_iteration23.TestP3_CustomerServiceManagement" name="test_analytics_overview_endpoint" time="0.048" /><testcase classname="tests.test_p2_p3_p0_features_iteration23.TestBackendHealth" name="test_health_endpoint" time="0.032" /><testcase classname="tests.test_p2_p3_p0_features_iteration23.TestBackendHealth" name="test_auth_login" time="0.282" /></testsuite></testsuites>