<?xml version="1.0" encoding="utf-8"?><testsuites name="pytest tests"><testsuite name="pytest" errors="0" failures="0" skipped="0" tests="14" time="10.589" timestamp="2026-04-16T20:35:39.264472+00:00" hostname="agent-env-63832dfb-71cf-4fdd-8e20-8b0ec1300386"><testcase classname="backend.tests.test_iteration102_communications_operator_filter.TestSupportTicketsOperatorFilter" name="test_support_tickets_without_operator_filter" time="0.611" /><testcase classname="backend.tests.test_iteration102_communications_operator_filter.TestSupportTicketsOperatorFilter" name="test_support_tickets_with_operator_filter" time="0.131" /><testcase classname="backend.tests.test_iteration102_communications_operator_filter.TestRatingsOperatorFilter" name="test_ratings_without_operator_filter" time="0.138" /><testcase classname="backend.tests.test_iteration102_communications_operator_filter.TestRatingsOperatorFilter" name="test_ratings_with_operator_filter" time="0.141" /><testcase classname="backend.tests.test_iteration102_communications_operator_filter.TestPromotionsOperatorFilter" name="test_promotions_without_operator_filter" time="0.119" /><testcase classname="backend.tests.test_iteration102_communications_operator_filter.TestPromotionsOperatorFilter" name="test_promotions_with_operator_filter" time="0.134" /><testcase classname="backend.tests.test_iteration102_communications_operator_filter.TestManagementPagesHaveScopeOperatorId" name="test_travel_management_passes_operator_id" time="0.000" /><testcase classname="backend.tests.test_iteration102_communications_operator_filter.TestManagementPagesHaveScopeOperatorId" name="test_restaurant_management_passes_operator_id" time="0.000" /><testcase classname="backend.tests.test_iteration102_communications_operator_filter.TestManagementPagesHaveScopeOperatorId" name="test_hotel_management_passes_operator_id" time="0.000" /><testcase classname="backend.tests.test_iteration102_communications_operator_filter.TestManagementPagesHaveScopeOperatorId" name="test_all_management_pages_pass_operator_id" time="0.001" /><testcase classname="backend.tests.test_iteration102_communications_operator_filter.TestServiceCommunicationsHubComponent" name="test_component_accepts_operator_id_prop" time="0.000" /><testcase classname="backend.tests.test_iteration102_communications_operator_filter.TestServiceCommunicationsHubComponent" name="test_component_uses_operator_id_in_api_calls" time="0.000" /><testcase classname="backend.tests.test_iteration102_communications_operator_filter.TestServiceCommunicationsHubComponent" name="test_component_resolves_operator_id_correctly" time="0.000" /><testcase classname="backend.tests.test_iteration102_communications_operator_filter.TestViteBuild" name="test_vite_build_succeeds" time="9.247" /></testsuite></testsuites>