<?xml version="1.0" encoding="utf-8"?><testsuites name="pytest tests"><testsuite name="pytest" errors="0" failures="0" skipped="0" tests="12" time="120.097" timestamp="2026-03-10T19:59:04.714071+00:00" hostname="agent-env-55f476a8-353f-444c-a246-a3d58270f9ae"><testcase classname="backend.tests.test_iteration77_route_alert_fixes.TestUserAlertsAPI" name="test_user_alerts_endpoint_exists" time="0.562" /><testcase classname="backend.tests.test_iteration77_route_alert_fixes.TestUserAlertsAPI" name="test_user_alerts_returns_alert_structure" time="0.504" /><testcase classname="backend.tests.test_iteration77_route_alert_fixes.TestNotificationsAPI" name="test_notifications_endpoint_exists" time="36.532" /><testcase classname="backend.tests.test_iteration77_route_alert_fixes.TestNotificationsAPI" name="test_notifications_have_id_field" time="5.673" /><testcase classname="backend.tests.test_iteration77_route_alert_fixes.TestNotificationsAPI" name="test_notifications_have_action_url" time="0.549" /><testcase classname="backend.tests.test_iteration77_route_alert_fixes.TestSubscriptionAPI" name="test_my_subscriptions_endpoint" time="0.543" /><testcase classname="backend.tests.test_iteration77_route_alert_fixes.TestAlertCreation" name="test_operator_can_create_alert" time="0.488" /><testcase classname="backend.tests.test_iteration77_route_alert_fixes.TestAlertCreation" name="test_promotions_list_endpoint" time="0.493" /><testcase classname="backend.tests.test_iteration77_route_alert_fixes.TestHealthAndAuth" name="test_health_endpoint" time="5.293" /><testcase classname="backend.tests.test_iteration77_route_alert_fixes.TestHealthAndAuth" name="test_customer_login" time="68.587" /><testcase classname="backend.tests.test_iteration77_route_alert_fixes.TestHealthAndAuth" name="test_operator_login" time="0.425" /><testcase classname="backend.tests.test_iteration77_route_alert_fixes.TestHealthAndAuth" name="test_admin_login" time="0.378" /></testsuite></testsuites>